[07/10/2019 - 02:05:15PM] 100711655 log opened (PC-64)
[07/10/2019 - 02:05:15PM] 
06018168|DLCNukaWorld.esm
0603D7AC|DLCNukaWorld.esm
0603D7AF|DLCNukaWorld.esm
0603D7B0|DLCNukaWorld.esm
0603D7B3|DLCNukaWorld.esm
0603D7BA|DLCNukaWorld.esm
06048D2C|DLCNukaWorld.esm
06048D2D|DLCNukaWorld.esm
06048D2E|DLCNukaWorld.esm
06048D2F|DLCNukaWorld.esm
06048D30|DLCNukaWorld.esm
06048D31|DLCNukaWorld.esm
06048D54|DLCNukaWorld.esm
06048D56|DLCNukaWorld.esm
06048D57|DLCNukaWorld.esm
06048D58|DLCNukaWorld.esm
06048D7F|DLCNukaWorld.esm
0605525B|DLCNukaWorld.esm
0605525E|DLCNukaWorld.esm
06028BC8|DLCNukaWorld.esm
0602FD3C|DLCNukaWorld.esm
0602FD3D|DLCNukaWorld.esm
060175A4|DLCNukaWorld.esm
060239D2|DLCNukaWorld.esm
060239DE|DLCNukaWorld.esm
060239DF|DLCNukaWorld.esm
060239E0|DLCNukaWorld.esm
060239E1|DLCNukaWorld.esm
060175A5|DLCNukaWorld.esm
060175A6|DLCNukaWorld.esm
060239D3|DLCNukaWorld.esm
060239D4|DLCNukaWorld.esm
060239D5|DLCNukaWorld.esm
060239D6|DLCNukaWorld.esm
060239D7|DLCNukaWorld.esm
060239D8|DLCNukaWorld.esm
060239DD|DLCNukaWorld.esm
060239E2|DLCNukaWorld.esm
060239E3|DLCNukaWorld.esm
060239EF|DLCNukaWorld.esm
06028E79|DLCNukaWorld.esm
06028E7A|DLCNukaWorld.esm
06055A6E|DLCNukaWorld.esm
0602916C|DLCNukaWorld.esm
0602916D|DLCNukaWorld.esm
06055A70|DLCNukaWorld.esm
06029171|DLCNukaWorld.esm
060175A7|DLCNukaWorld.esm
060175A8|DLCNukaWorld.esm
060175A9|DLCNukaWorld.esm
060175FA|DLCNukaWorld.esm
06023A06|DLCNukaWorld.esm
06023A07|DLCNukaWorld.esm
06023A09|DLCNukaWorld.esm
06028E78|DLCNukaWorld.esm
06028E8C|DLCNukaWorld.esm
0602916E|DLCNukaWorld.esm
0602916F|DLCNukaWorld.esm
06029170|DLCNukaWorld.esm
06029172|DLCNukaWorld.esm
06029173|DLCNukaWorld.esm
060292E1|DLCNukaWorld.esm
06055A6B|DLCNukaWorld.esm
06055A6C|DLCNukaWorld.esm
06055A6D|DLCNukaWorld.esm
06055A6F|DLCNukaWorld.esm
060181D3|DLCNukaWorld.esm
06055B64|DLCNukaWorld.esm
060292E6|DLCNukaWorld.esm
06029072|DLCNukaWorld.esm
06055A69|DLCNukaWorld.esm
06036E73|DLCNukaWorld.esm
06036E74|DLCNukaWorld.esm
06029075|DLCNukaWorld.esm
06050272|DLCNukaWorld.esm
060175F5|DLCNukaWorld.esm
060239F0|DLCNukaWorld.esm
06055BBE|DLCNukaWorld.esm
06055B71|DLCNukaWorld.esm
06055B72|DLCNukaWorld.esm
060291BE|DLCNukaWorld.esm
0601A9C2|DLCNukaWorld.esm
0602906D|DLCNukaWorld.esm
060239FC|DLCNukaWorld.esm
060239FA|DLCNukaWorld.esm
060239F6|DLCNukaWorld.esm
060239F3|DLCNukaWorld.esm
060292EE|DLCNukaWorld.esm
0605026F|DLCNukaWorld.esm
060181C9|DLCNukaWorld.esm
060175AD|DLCNukaWorld.esm
06055B82|DLCNukaWorld.esm
06023A00|DLCNukaWorld.esm
0602906E|DLCNukaWorld.esm
060239F1|DLCNukaWorld.esm
0602A8D3|DLCNukaWorld.esm
060154EA|DLCNukaWorld.esm
0601DBA6|DLCNukaWorld.esm
060291D8|DLCNukaWorld.esm
060181D1|DLCNukaWorld.esm
060181D2|DLCNukaWorld.esm
06055B60|DLCNukaWorld.esm
06055B61|DLCNukaWorld.esm
06055A68|DLCNukaWorld.esm
06055A6A|DLCNukaWorld.esm
060294D1|DLCNukaWorld.esm
060239F2|DLCNukaWorld.esm
060239F5|DLCNukaWorld.esm
060239F7|DLCNukaWorld.esm
06055A64|DLCNukaWorld.esm
06024A97|DLCNukaWorld.esm
060291E7|DLCNukaWorld.esm
060291E8|DLCNukaWorld.esm
060291D6|DLCNukaWorld.esm
060291D7|DLCNukaWorld.esm
06029198|DLCNukaWorld.esm
060291A4|DLCNukaWorld.esm
060291A7|DLCNukaWorld.esm
06029073|DLCNukaWorld.esm
060181CE|DLCNukaWorld.esm
060175AA|DLCNukaWorld.esm
060175AB|DLCNukaWorld.esm
06055BA3|DLCNukaWorld.esm
06055BA7|DLCNukaWorld.esm
06055B5F|DLCNukaWorld.esm
06055B63|DLCNukaWorld.esm
06055B6A|DLCNukaWorld.esm
06055B88|DLCNukaWorld.esm
060291A6|DLCNukaWorld.esm
060291A8|DLCNukaWorld.esm
060291AA|DLCNukaWorld.esm
060291AB|DLCNukaWorld.esm
06055A67|DLCNukaWorld.esm
060239F8|DLCNukaWorld.esm
060180E0|DLCNukaWorld.esm
06018103|DLCNukaWorld.esm
0602906A|DLCNukaWorld.esm
060292E5|DLCNukaWorld.esm
06055B9E|DLCNukaWorld.esm
060291EC|DLCNukaWorld.esm
060181D5|DLCNukaWorld.esm
060181D6|DLCNukaWorld.esm
06055B89|DLCNukaWorld.esm
06055B9D|DLCNukaWorld.esm
06055BA2|DLCNukaWorld.esm
06036E72|DLCNukaWorld.esm
060291B6|DLCNukaWorld.esm
06055BB5|DLCNukaWorld.esm
06055BB6|DLCNukaWorld.esm
060291B9|DLCNukaWorld.esm
060291BA|DLCNukaWorld.esm
0605026E|DLCNukaWorld.esm
06029192|DLCNukaWorld.esm
060291AE|DLCNukaWorld.esm
06050271|DLCNukaWorld.esm
060291D4|DLCNukaWorld.esm
06018107|DLCNukaWorld.esm
0602917D|DLCNukaWorld.esm
060291A9|DLCNukaWorld.esm
060291E6|DLCNukaWorld.esm
06029203|DLCNukaWorld.esm
06050278|DLCNukaWorld.esm
06055B78|DLCNukaWorld.esm
060239F9|DLCNukaWorld.esm
060293BE|DLCNukaWorld.esm
06055A62|DLCNukaWorld.esm
06024AA0|DLCNukaWorld.esm
06024AA3|DLCNukaWorld.esm
0603D7AB|DLCNukaWorld.esm
0601DBA8|DLCNukaWorld.esm
06026907|DLCNukaWorld.esm
06055A65|DLCNukaWorld.esm
06055A66|DLCNukaWorld.esm
060239FB|DLCNukaWorld.esm
060239FD|DLCNukaWorld.esm
060239FE|DLCNukaWorld.esm
060239FF|DLCNukaWorld.esm
0602906F|DLCNukaWorld.esm
06029070|DLCNukaWorld.esm
06029071|DLCNukaWorld.esm
06029074|DLCNukaWorld.esm
0602917F|DLCNukaWorld.esm
06055B96|DLCNukaWorld.esm
06055B9C|DLCNukaWorld.esm
06055BDB|DLCNukaWorld.esm
060175F1|DLCNukaWorld.esm
06055BBD|DLCNukaWorld.esm
06055BDD|DLCNukaWorld.esm
06018171|DLCNukaWorld.esm
06018164|DLCNukaWorld.esm
060292E7|DLCNukaWorld.esm
06055BE6|DLCNukaWorld.esm
060172FC|DLCNukaWorld.esm
06029197|DLCNukaWorld.esm
060291AC|DLCNukaWorld.esm
060291B2|DLCNukaWorld.esm
060291B3|DLCNukaWorld.esm
060175F2|DLCNukaWorld.esm
060181DB|DLCNukaWorld.esm
060180D9|DLCNukaWorld.esm
06018173|DLCNukaWorld.esm
060181C8|DLCNukaWorld.esm
060181CA|DLCNukaWorld.esm
060181CB|DLCNukaWorld.esm
060181CC|DLCNukaWorld.esm
060181CD|DLCNukaWorld.esm
060181CF|DLCNukaWorld.esm
060181D7|DLCNukaWorld.esm
060181D9|DLCNukaWorld.esm
06029076|DLCNukaWorld.esm
06029180|DLCNukaWorld.esm
06029186|DLCNukaWorld.esm
06029193|DLCNukaWorld.esm
06029194|DLCNukaWorld.esm
06029195|DLCNukaWorld.esm
06055A5C|DLCNukaWorld.esm
06055A5D|DLCNukaWorld.esm
06055A5F|DLCNukaWorld.esm
06055A60|DLCNukaWorld.esm
06055A61|DLCNukaWorld.esm
06055A63|DLCNukaWorld.esm
06055BC7|DLCNukaWorld.esm
06055BC8|DLCNukaWorld.esm
06055BC9|DLCNukaWorld.esm
06055BCA|DLCNukaWorld.esm
06055BE7|DLCNukaWorld.esm
060561AA|DLCNukaWorld.esm
060561AB|DLCNukaWorld.esm
060526E4|DLCNukaWorld.esm
06029902|DLCNukaWorld.esm
060181F1|DLCNukaWorld.esm
060293BC|DLCNukaWorld.esm
060293BD|DLCNukaWorld.esm
06029182|DLCNukaWorld.esm
06029181|DLCNukaWorld.esm
06029185|DLCNukaWorld.esm
06055BA1|DLCNukaWorld.esm
06055BB3|DLCNukaWorld.esm
06055BB4|DLCNukaWorld.esm
06055BBB|DLCNukaWorld.esm
06055BBF|DLCNukaWorld.esm
060175AC|DLCNukaWorld.esm
060175F6|DLCNukaWorld.esm
060175F7|DLCNukaWorld.esm
060175D7|DLCNukaWorld.esm
06029196|DLCNukaWorld.esm
060291B4|DLCNukaWorld.esm
060291B5|DLCNukaWorld.esm
060291BF|DLCNukaWorld.esm
060291C0|DLCNukaWorld.esm
060291C1|DLCNukaWorld.esm
060291C2|DLCNukaWorld.esm
060291D5|DLCNukaWorld.esm
060291E2|DLCNukaWorld.esm
060291E3|DLCNukaWorld.esm
060291E4|DLCNukaWorld.esm
060292CC|DLCNukaWorld.esm
060292CD|DLCNukaWorld.esm
060292CE|DLCNukaWorld.esm
06050270|DLCNukaWorld.esm
06055B62|DLCNukaWorld.esm
06055B65|DLCNukaWorld.esm
06055B6F|DLCNukaWorld.esm
06055B70|DLCNukaWorld.esm
06055B87|DLCNukaWorld.esm
06055B8B|DLCNukaWorld.esm
06055B8D|DLCNukaWorld.esm
06055B8E|DLCNukaWorld.esm
06055B8F|DLCNukaWorld.esm
06055B95|DLCNukaWorld.esm
06055B97|DLCNukaWorld.esm
06055B9A|DLCNukaWorld.esm
06055B9B|DLCNukaWorld.esm
06055BA8|DLCNukaWorld.esm
06055BA9|DLCNukaWorld.esm
06055BBC|DLCNukaWorld.esm
060292ED|DLCNukaWorld.esm
06055A5B|DLCNukaWorld.esm
06055B73|DLCNukaWorld.esm
06055B79|DLCNukaWorld.esm
06055B7A|DLCNukaWorld.esm
06055B7B|DLCNukaWorld.esm
06055B80|DLCNukaWorld.esm
06055B86|DLCNukaWorld.esm
[07/10/2019 - 02:05:15PM] Log closed
