[07/10/2019 - 02:11:17PM] 104790 log opened (PC-64)
[07/10/2019 - 02:11:17PM] 
001726A6|Fallout4.esm
0008501E|Fallout4.esm
0018E1AB|Fallout4.esm
001C8A76|Fallout4.esm
001C8A75|Fallout4.esm
001C8A74|Fallout4.esm
00181BBE|Fallout4.esm
00211FF3|Fallout4.esm
00211F6D|Fallout4.esm
000FC946|Fallout4.esm
00181C07|Fallout4.esm
00181C06|Fallout4.esm
000FC91E|Fallout4.esm
000FC91F|Fallout4.esm
000FC931|Fallout4.esm
000FC932|Fallout4.esm
000FC933|Fallout4.esm
000FC934|Fallout4.esm
000FC935|Fallout4.esm
000FC936|Fallout4.esm
000FC945|Fallout4.esm
0023D31D|Fallout4.esm
0023D31E|Fallout4.esm
0023D31F|Fallout4.esm
002493D7|Fallout4.esm
0018E53B|Fallout4.esm
0018E53C|Fallout4.esm
002493DE|Fallout4.esm
002493DF|Fallout4.esm
0021B8DA|Fallout4.esm
0021B8DB|Fallout4.esm
0021B8DD|Fallout4.esm
002493D2|Fallout4.esm
002493CB|Fallout4.esm
002493CA|Fallout4.esm
002493C7|Fallout4.esm
0005FD45|Fallout4.esm
000EAF88|Fallout4.esm
000EAF89|Fallout4.esm
000EAF98|Fallout4.esm
000FC949|Fallout4.esm
000FC8DD|Fallout4.esm
000EB48A|Fallout4.esm
000F1875|Fallout4.esm
000FE06E|Fallout4.esm
000F18C4|Fallout4.esm
000FC8C6|Fallout4.esm
000FC8C5|Fallout4.esm
000FC8E5|Fallout4.esm
000FC8E4|Fallout4.esm
000FC96A|Fallout4.esm
000FC96B|Fallout4.esm
000FC969|Fallout4.esm
000F1874|Fallout4.esm
000F1876|Fallout4.esm
000FC8AD|Fallout4.esm
000FB1BC|Fallout4.esm
000FC8AB|Fallout4.esm
000FC8AA|Fallout4.esm
000FC90C|Fallout4.esm
000FC90A|Fallout4.esm
000FC90B|Fallout4.esm
000FC92B|Fallout4.esm
001263F2|Fallout4.esm
000FC92C|Fallout4.esm
000FC91A|Fallout4.esm
001CA319|Fallout4.esm
000FE067|Fallout4.esm
000FC8C2|Fallout4.esm
0021237D|Fallout4.esm
002493F1|Fallout4.esm
001726AB|Fallout4.esm
000D330E|Fallout4.esm
000FE039|Fallout4.esm
000FE038|Fallout4.esm
000FB1F4|Fallout4.esm
000FB1E0|Fallout4.esm
000FC8C8|Fallout4.esm
000FE065|Fallout4.esm
000FC8EA|Fallout4.esm
000D32F5|Fallout4.esm
000B4071|Fallout4.esm
000FC92D|Fallout4.esm
00249041|Fallout4.esm
000FE030|Fallout4.esm
000FB1DF|Fallout4.esm
000FE080|Fallout4.esm
000FC8D1|Fallout4.esm
001945AA|Fallout4.esm
000FC914|Fallout4.esm
000C45E8|Fallout4.esm
000FE042|Fallout4.esm
000FB1E6|Fallout4.esm
000FE074|Fallout4.esm
000FC8B3|Fallout4.esm
000FB1C8|Fallout4.esm
000FB1C4|Fallout4.esm
000FC908|Fallout4.esm
000FC947|Fallout4.esm
000FB1DE|Fallout4.esm
000D3312|Fallout4.esm
000FC89D|Fallout4.esm
00249047|Fallout4.esm
000FC8D4|Fallout4.esm
000FC96D|Fallout4.esm
000FB1D9|Fallout4.esm
000FE05E|Fallout4.esm
000FE05A|Fallout4.esm
000FB200|Fallout4.esm
000EF53B|Fallout4.esm
000FC8AF|Fallout4.esm
000FC8B7|Fallout4.esm
001263EC|Fallout4.esm
001263EB|Fallout4.esm
000FC8BA|Fallout4.esm
000FC8CA|Fallout4.esm
000FE07F|Fallout4.esm
000FC8CB|Fallout4.esm
000FD369|Fallout4.esm
000FC8D8|Fallout4.esm
000F07E2|Fallout4.esm
000F07C6|Fallout4.esm
0023976E|Fallout4.esm
000FB1CA|Fallout4.esm
000FB1C9|Fallout4.esm
000FC956|Fallout4.esm
000D3311|Fallout4.esm
000FC938|Fallout4.esm
000FC930|Fallout4.esm
00249049|Fallout4.esm
000FC93C|Fallout4.esm
000FC89C|Fallout4.esm
000FE075|Fallout4.esm
000FC8BF|Fallout4.esm
000FC8BE|Fallout4.esm
001263EF|Fallout4.esm
000FC954|Fallout4.esm
000FE07A|Fallout4.esm
000FE04F|Fallout4.esm
000F43A1|Fallout4.esm
000FE028|Fallout4.esm
000EB45B|Fallout4.esm
000FC973|Fallout4.esm
000BF00A|Fallout4.esm
000FC941|Fallout4.esm
0023E760|Fallout4.esm
0023E761|Fallout4.esm
000FC95A|Fallout4.esm
000FB1DA|Fallout4.esm
002397F6|Fallout4.esm
002397F0|Fallout4.esm
00212377|Fallout4.esm
000FC8EF|Fallout4.esm
001D54A7|Fallout4.esm
000FE06D|Fallout4.esm
000FE03F|Fallout4.esm
000FB1D8|Fallout4.esm
000FE072|Fallout4.esm
000D3304|Fallout4.esm
000F439F|Fallout4.esm
000FB1CE|Fallout4.esm
00240BFF|Fallout4.esm
000FC94C|Fallout4.esm
000FC903|Fallout4.esm
000FE04B|Fallout4.esm
000D330F|Fallout4.esm
000FC93B|Fallout4.esm
002472EB|Fallout4.esm
000FE058|Fallout4.esm
000FE059|Fallout4.esm
000FC8D0|Fallout4.esm
000FC8F7|Fallout4.esm
000BF009|Fallout4.esm
000EAF96|Fallout4.esm
000FC8F3|Fallout4.esm
000FC959|Fallout4.esm
000FB1E2|Fallout4.esm
00240BFD|Fallout4.esm
000FC90D|Fallout4.esm
000F07E1|Fallout4.esm
000FE053|Fallout4.esm
001CFDCE|Fallout4.esm
0021237B|Fallout4.esm
000FE03C|Fallout4.esm
000FC8CF|Fallout4.esm
001263E7|Fallout4.esm
000FB1FC|Fallout4.esm
000FC927|Fallout4.esm
000EAF8A|Fallout4.esm
000FC925|Fallout4.esm
000FE078|Fallout4.esm
000F07C4|Fallout4.esm
002397D0|Fallout4.esm
000FE044|Fallout4.esm
000FE05B|Fallout4.esm
000EB4AF|Fallout4.esm
000FB1E1|Fallout4.esm
000FC913|Fallout4.esm
002397CF|Fallout4.esm
000B3068|Fallout4.esm
000B3067|Fallout4.esm
000BF00E|Fallout4.esm
000D3302|Fallout4.esm
000FB1DD|Fallout4.esm
000FB1F5|Fallout4.esm
002397BE|Fallout4.esm
002397BD|Fallout4.esm
002121D4|Fallout4.esm
000B4072|Fallout4.esm
000EB491|Fallout4.esm
000EB4AE|Fallout4.esm
000EB4A6|Fallout4.esm
001263F0|Fallout4.esm
001263ED|Fallout4.esm
001263F1|Fallout4.esm
000FC8BD|Fallout4.esm
000FC8BC|Fallout4.esm
000FC8BB|Fallout4.esm
000FC8B9|Fallout4.esm
000FC8B8|Fallout4.esm
000FC8B2|Fallout4.esm
000FC8AE|Fallout4.esm
000FC8AC|Fallout4.esm
000FC8A2|Fallout4.esm
000FC8A0|Fallout4.esm
000FC89F|Fallout4.esm
000FC89B|Fallout4.esm
000FC89A|Fallout4.esm
000FC899|Fallout4.esm
000FC895|Fallout4.esm
000FC893|Fallout4.esm
000FB202|Fallout4.esm
000FB201|Fallout4.esm
000FB1FF|Fallout4.esm
000FB1FE|Fallout4.esm
000FB1FD|Fallout4.esm
000FB1FB|Fallout4.esm
000FB1FA|Fallout4.esm
000FB1F8|Fallout4.esm
000FB1F7|Fallout4.esm
000FB1F6|Fallout4.esm
000FB1ED|Fallout4.esm
000FE029|Fallout4.esm
000FE027|Fallout4.esm
000FC976|Fallout4.esm
000FC974|Fallout4.esm
000FC968|Fallout4.esm
000FC967|Fallout4.esm
000FC966|Fallout4.esm
000FC965|Fallout4.esm
000FE02B|Fallout4.esm
000FE02A|Fallout4.esm
000FC964|Fallout4.esm
000FC95B|Fallout4.esm
000FC958|Fallout4.esm
000FC957|Fallout4.esm
000FC955|Fallout4.esm
000FC950|Fallout4.esm
000FC948|Fallout4.esm
000FC943|Fallout4.esm
000FC942|Fallout4.esm
000FC93A|Fallout4.esm
000FC939|Fallout4.esm
000FC92F|Fallout4.esm
000FC92E|Fallout4.esm
000FC926|Fallout4.esm
000FC920|Fallout4.esm
000FC91C|Fallout4.esm
000FC91B|Fallout4.esm
001726AA|Fallout4.esm
001726AE|Fallout4.esm
001726B5|Fallout4.esm
001726B6|Fallout4.esm
00249042|Fallout4.esm
000B4070|Fallout4.esm
002397F7|Fallout4.esm
0023976D|Fallout4.esm
0023D635|Fallout4.esm
000FC919|Fallout4.esm
000FC918|Fallout4.esm
000FC917|Fallout4.esm
000FC916|Fallout4.esm
000FC915|Fallout4.esm
000FC912|Fallout4.esm
000FC911|Fallout4.esm
000FC910|Fallout4.esm
000FC90F|Fallout4.esm
000FC90E|Fallout4.esm
000FC909|Fallout4.esm
000FC907|Fallout4.esm
000FE02C|Fallout4.esm
000FC906|Fallout4.esm
000FC905|Fallout4.esm
000FC8FC|Fallout4.esm
000FC8F8|Fallout4.esm
000FC8F5|Fallout4.esm
000FC8F4|Fallout4.esm
000FC8F2|Fallout4.esm
000FC8F0|Fallout4.esm
000FC8EE|Fallout4.esm
000FC8E6|Fallout4.esm
000FC8DC|Fallout4.esm
000FC8DB|Fallout4.esm
000FC8DA|Fallout4.esm
000FC8D9|Fallout4.esm
000FC8D7|Fallout4.esm
000FC8D6|Fallout4.esm
000FC8CD|Fallout4.esm
000FC8CC|Fallout4.esm
000FC8C4|Fallout4.esm
000FC8C3|Fallout4.esm
000FC8C1|Fallout4.esm
000FC8C0|Fallout4.esm
000D3301|Fallout4.esm
000FE077|Fallout4.esm
000FC937|Fallout4.esm
001263E9|Fallout4.esm
000FB1EB|Fallout4.esm
000FB1E8|Fallout4.esm
000FB1E7|Fallout4.esm
000FB1E5|Fallout4.esm
000FB1E3|Fallout4.esm
000FB1DC|Fallout4.esm
000FB1C0|Fallout4.esm
000FB1BF|Fallout4.esm
000FB1BE|Fallout4.esm
000FB1BD|Fallout4.esm
000FE047|Fallout4.esm
000FE045|Fallout4.esm
000FE041|Fallout4.esm
000FE040|Fallout4.esm
000FE03E|Fallout4.esm
000FE03D|Fallout4.esm
000FE03B|Fallout4.esm
000FE03A|Fallout4.esm
000FE037|Fallout4.esm
000FE036|Fallout4.esm
000FE035|Fallout4.esm
000FE034|Fallout4.esm
000FE033|Fallout4.esm
000FE032|Fallout4.esm
000FE031|Fallout4.esm
000FE02F|Fallout4.esm
000FE02E|Fallout4.esm
000FE02D|Fallout4.esm
000FB1BA|Fallout4.esm
000FB1B9|Fallout4.esm
000F43A2|Fallout4.esm
000F43A0|Fallout4.esm
000F18C5|Fallout4.esm
000EF545|Fallout4.esm
000EF53F|Fallout4.esm
000EB492|Fallout4.esm
000EB477|Fallout4.esm
000EB467|Fallout4.esm
000EB455|Fallout4.esm
000EB454|Fallout4.esm
000EB433|Fallout4.esm
000EAFA1|Fallout4.esm
000EAFA0|Fallout4.esm
000EAF9F|Fallout4.esm
000F07E0|Fallout4.esm
000FDBB4|Fallout4.esm
000D8F4E|Fallout4.esm
000D8F4F|Fallout4.esm
000E3522|Fallout4.esm
000BF00C|Fallout4.esm
000D3306|Fallout4.esm
000D3307|Fallout4.esm
000D330B|Fallout4.esm
000D330C|Fallout4.esm
000D330D|Fallout4.esm
002301CE|Fallout4.esm
002301CF|Fallout4.esm
000FB1C1|Fallout4.esm
00240BFE|Fallout4.esm
00249043|Fallout4.esm
00249044|Fallout4.esm
00249045|Fallout4.esm
00249046|Fallout4.esm
00249048|Fallout4.esm
000FB1C6|Fallout4.esm
000FB1C5|Fallout4.esm
000FB1EC|Fallout4.esm
000FB1D7|Fallout4.esm
000FB1D6|Fallout4.esm
000FB1D5|Fallout4.esm
000FB1D4|Fallout4.esm
000FB1D2|Fallout4.esm
000FB1CF|Fallout4.esm
000FB1CD|Fallout4.esm
000FB1CC|Fallout4.esm
000FB1CB|Fallout4.esm
000F07C3|Fallout4.esm
000F07C2|Fallout4.esm
000FC8FE|Fallout4.esm
000FC8FF|Fallout4.esm
000FC900|Fallout4.esm
000FC901|Fallout4.esm
000FC904|Fallout4.esm
000FC95C|Fallout4.esm
000D32F8|Fallout4.esm
00212364|Fallout4.esm
002493F2|Fallout4.esm
000B3069|Fallout4.esm
000B3066|Fallout4.esm
000B3065|Fallout4.esm
000B3064|Fallout4.esm
0021233A|Fallout4.esm
000FC928|Fallout4.esm
000FC929|Fallout4.esm
001D034D|Fallout4.esm
000D3310|Fallout4.esm
000FC94B|Fallout4.esm
000FC94A|Fallout4.esm
000FC94D|Fallout4.esm
000FC972|Fallout4.esm
000FE05D|Fallout4.esm
000FE05C|Fallout4.esm
000FD368|Fallout4.esm
000FE076|Fallout4.esm
000F4389|Fallout4.esm
00240C00|Fallout4.esm
001263E8|Fallout4.esm
000FE081|Fallout4.esm
000FE07E|Fallout4.esm
000FE07B|Fallout4.esm
000FE079|Fallout4.esm
000FE073|Fallout4.esm
000FE071|Fallout4.esm
000FE070|Fallout4.esm
000FE06F|Fallout4.esm
000FE06C|Fallout4.esm
000FE06B|Fallout4.esm
000FE06A|Fallout4.esm
000FE069|Fallout4.esm
000FE068|Fallout4.esm
000FE066|Fallout4.esm
000FE063|Fallout4.esm
000FE05F|Fallout4.esm
000FE057|Fallout4.esm
000FE056|Fallout4.esm
000FE055|Fallout4.esm
000FE054|Fallout4.esm
000FE052|Fallout4.esm
000FE051|Fallout4.esm
000FE050|Fallout4.esm
000FE04E|Fallout4.esm
000FE04D|Fallout4.esm
000FE04C|Fallout4.esm
000FE04A|Fallout4.esm
000FE049|Fallout4.esm
000FE048|Fallout4.esm
[07/10/2019 - 02:11:17PM] Log closed
