[07/10/2019 - 01:44:50PM] 119010 log opened (PC-64)
[07/10/2019 - 01:44:50PM] 
0019523B|Fallout4.esm
00034836|Fallout4.esm
00034835|Fallout4.esm
0003487C|Fallout4.esm
0008C756|Fallout4.esm
0008C759|Fallout4.esm
0008C76E|Fallout4.esm
0008C75C|Fallout4.esm
0008C76F|Fallout4.esm
0008C75D|Fallout4.esm
0008C772|Fallout4.esm
0008C757|Fallout4.esm
0008C773|Fallout4.esm
0008C75A|Fallout4.esm
00195249|Fallout4.esm
0003491D|Fallout4.esm
00034919|Fallout4.esm
00034918|Fallout4.esm
00034917|Fallout4.esm
00034914|Fallout4.esm
0003487E|Fallout4.esm
0003487D|Fallout4.esm
0003487B|Fallout4.esm
0003487A|Fallout4.esm
00034879|Fallout4.esm
00034878|Fallout4.esm
00034877|Fallout4.esm
00034876|Fallout4.esm
00034875|Fallout4.esm
00034874|Fallout4.esm
00034873|Fallout4.esm
00034872|Fallout4.esm
00034871|Fallout4.esm
00034870|Fallout4.esm
0003486F|Fallout4.esm
0003486E|Fallout4.esm
0003486D|Fallout4.esm
0003486C|Fallout4.esm
0003486B|Fallout4.esm
0003486A|Fallout4.esm
00034869|Fallout4.esm
00034868|Fallout4.esm
00034867|Fallout4.esm
00034866|Fallout4.esm
00034865|Fallout4.esm
00034864|Fallout4.esm
00034861|Fallout4.esm
00034860|Fallout4.esm
0003485F|Fallout4.esm
0003485E|Fallout4.esm
00034839|Fallout4.esm
00034837|Fallout4.esm
00034834|Fallout4.esm
00034833|Fallout4.esm
00034832|Fallout4.esm
00034831|Fallout4.esm
00034830|Fallout4.esm
0003482F|Fallout4.esm
0003482E|Fallout4.esm
0003482D|Fallout4.esm
00034829|Fallout4.esm
00034828|Fallout4.esm
00034827|Fallout4.esm
00034826|Fallout4.esm
00034825|Fallout4.esm
00034824|Fallout4.esm
000347FF|Fallout4.esm
00195334|Fallout4.esm
0008C795|Fallout4.esm
0008C794|Fallout4.esm
0003050D|Fallout4.esm
0003001E|Fallout4.esm
000347EF|Fallout4.esm
0003485C|Fallout4.esm
0001B2BE|Fallout4.esm
001B87E6|Fallout4.esm
00031B44|Fallout4.esm
00031B45|Fallout4.esm
00034885|Fallout4.esm
001B87BA|Fallout4.esm
0008C770|Fallout4.esm
0008C74C|Fallout4.esm
0008C31E|Fallout4.esm
0008C7C9|Fallout4.esm
0008C7C8|Fallout4.esm
00031B33|Fallout4.esm
00096658|Fallout4.esm
0019522D|Fallout4.esm
0019522E|Fallout4.esm
0008C75F|Fallout4.esm
00034850|Fallout4.esm
001B87E4|Fallout4.esm
0001B2C2|Fallout4.esm
001A4C4D|Fallout4.esm
0003B659|Fallout4.esm
00034803|Fallout4.esm
001B87E5|Fallout4.esm
001B87E3|Fallout4.esm
0008C7A0|Fallout4.esm
00034802|Fallout4.esm
0001B2BC|Fallout4.esm
0019522C|Fallout4.esm
0008C7CE|Fallout4.esm
00096659|Fallout4.esm
0003484A|Fallout4.esm
0001D113|Fallout4.esm
0008C319|Fallout4.esm
0008C305|Fallout4.esm
00096C92|Fallout4.esm
00096657|Fallout4.esm
00096651|Fallout4.esm
0001D107|Fallout4.esm
001B87DD|Fallout4.esm
00031B77|Fallout4.esm
00061C44|Fallout4.esm
00064055|Fallout4.esm
00031B43|Fallout4.esm
0008C7CF|Fallout4.esm
0008C7CD|Fallout4.esm
0002FE49|Fallout4.esm
000347FA|Fallout4.esm
00034911|Fallout4.esm
0008C752|Fallout4.esm
0008C774|Fallout4.esm
00248643|Fallout4.esm
00034823|Fallout4.esm
00034822|Fallout4.esm
00034821|Fallout4.esm
0008C751|Fallout4.esm
0008C74E|Fallout4.esm
00034801|Fallout4.esm
00034883|Fallout4.esm
00034882|Fallout4.esm
00034881|Fallout4.esm
00034880|Fallout4.esm
0003487F|Fallout4.esm
0003485A|Fallout4.esm
0019523A|Fallout4.esm
00195238|Fallout4.esm
00195229|Fallout4.esm
00195228|Fallout4.esm
00034915|Fallout4.esm
000636CA|Fallout4.esm
001B87DB|Fallout4.esm
001B87DA|Fallout4.esm
001B87D9|Fallout4.esm
001B87D8|Fallout4.esm
0008C31C|Fallout4.esm
00248642|Fallout4.esm
00034820|Fallout4.esm
0003481F|Fallout4.esm
0003481E|Fallout4.esm
0001D112|Fallout4.esm
0001D10F|Fallout4.esm
0001D10E|Fallout4.esm
0001D10C|Fallout4.esm
0001D104|Fallout4.esm
0001D0EC|Fallout4.esm
00195251|Fallout4.esm
00195240|Fallout4.esm
00034912|Fallout4.esm
00034884|Fallout4.esm
00034859|Fallout4.esm
000304FD|Fallout4.esm
0008C2DD|Fallout4.esm
001B87E9|Fallout4.esm
001B87E8|Fallout4.esm
001B87DF|Fallout4.esm
001B87DE|Fallout4.esm
0009664D|Fallout4.esm
0009664E|Fallout4.esm
0009664F|Fallout4.esm
000335A2|Fallout4.esm
0006C8BB|Fallout4.esm
0001B2C1|Fallout4.esm
001B87E1|Fallout4.esm
001B87E2|Fallout4.esm
0008C31F|Fallout4.esm
0008C321|Fallout4.esm
0001B2BB|Fallout4.esm
0001B2C3|Fallout4.esm
001B87E0|Fallout4.esm
00096652|Fallout4.esm
00096653|Fallout4.esm
0001D0FE|Fallout4.esm
0001D0FD|Fallout4.esm
0008C750|Fallout4.esm
0003485D|Fallout4.esm
001B87DC|Fallout4.esm
0001D116|Fallout4.esm
0001D115|Fallout4.esm
00034857|Fallout4.esm
00034853|Fallout4.esm
0003484F|Fallout4.esm
0003484C|Fallout4.esm
00034847|Fallout4.esm
00034845|Fallout4.esm
00034844|Fallout4.esm
00034843|Fallout4.esm
00034808|Fallout4.esm
00034806|Fallout4.esm
00034805|Fallout4.esm
00034804|Fallout4.esm
000347FE|Fallout4.esm
000347FD|Fallout4.esm
000347FC|Fallout4.esm
000347F8|Fallout4.esm
000347F7|Fallout4.esm
000347F6|Fallout4.esm
000347F5|Fallout4.esm
000347F2|Fallout4.esm
000347F0|Fallout4.esm
000347EE|Fallout4.esm
00096650|Fallout4.esm
0008C754|Fallout4.esm
0008C753|Fallout4.esm
0008C74D|Fallout4.esm
0008C74B|Fallout4.esm
0008C74A|Fallout4.esm
0008C740|Fallout4.esm
0008C73D|Fallout4.esm
0008C73A|Fallout4.esm
0008C739|Fallout4.esm
000335A1|Fallout4.esm
0003179F|Fallout4.esm
0003183E|Fallout4.esm
0003001F|Fallout4.esm
00030501|Fallout4.esm
0002FE4B|Fallout4.esm
0002FE4A|Fallout4.esm
0003050E|Fallout4.esm
0003050C|Fallout4.esm
00096CB7|Fallout4.esm
00096CC2|Fallout4.esm
000A0E66|Fallout4.esm
0015F7A9|Fallout4.esm
00183D05|Fallout4.esm
0001B2B8|Fallout4.esm
0001B2B9|Fallout4.esm
0001B2BA|Fallout4.esm
0001B2BF|Fallout4.esm
0001B2C0|Fallout4.esm
00247E83|Fallout4.esm
00031B42|Fallout4.esm
00031B41|Fallout4.esm
00031B3C|Fallout4.esm
0008C304|Fallout4.esm
00195226|Fallout4.esm
00061C43|Fallout4.esm
00061C46|Fallout4.esm
00061C47|Fallout4.esm
001A4C3C|Fallout4.esm
0003481D|Fallout4.esm
0003481C|Fallout4.esm
0008C7EB|Fallout4.esm
0008C7EA|Fallout4.esm
0008C7E9|Fallout4.esm
0008C7D3|Fallout4.esm
0008C7D0|Fallout4.esm
0008C7CC|Fallout4.esm
0008C7CB|Fallout4.esm
0008C7CA|Fallout4.esm
0008C7C7|Fallout4.esm
0008C7C6|Fallout4.esm
0008C7C5|Fallout4.esm
0008C7C4|Fallout4.esm
0008C7AD|Fallout4.esm
0008C7AC|Fallout4.esm
0008C7AB|Fallout4.esm
0008C799|Fallout4.esm
0008C798|Fallout4.esm
0008C797|Fallout4.esm
0008C796|Fallout4.esm
0008C793|Fallout4.esm
0008C792|Fallout4.esm
0008C791|Fallout4.esm
0008C790|Fallout4.esm
0008C78B|Fallout4.esm
0008C78A|Fallout4.esm
0008C771|Fallout4.esm
0008C76D|Fallout4.esm
0008C765|Fallout4.esm
0008C764|Fallout4.esm
0008C763|Fallout4.esm
0008C762|Fallout4.esm
0008C761|Fallout4.esm
0008C760|Fallout4.esm
0008C75E|Fallout4.esm
0008C75B|Fallout4.esm
00031B78|Fallout4.esm
00031B74|Fallout4.esm
00031B75|Fallout4.esm
00031B76|Fallout4.esm
0008C317|Fallout4.esm
0008C318|Fallout4.esm
0008C31A|Fallout4.esm
0008C31B|Fallout4.esm
0008C31D|Fallout4.esm
0015F7AA|Fallout4.esm
0001D0FA|Fallout4.esm
0019522B|Fallout4.esm
000335A0|Fallout4.esm
[07/10/2019 - 01:44:50PM] Log closed
