[07/10/2019 - 01:45:28PM] 1268368 log opened (PC-64)
[07/10/2019 - 01:45:28PM] 
00239942|Fallout4.esm
00239941|Fallout4.esm
000A9053|Fallout4.esm
000E9285|Fallout4.esm
00140169|Fallout4.esm
00140162|Fallout4.esm
0009E468|Fallout4.esm
0009E46A|Fallout4.esm
0009E4A4|Fallout4.esm
0009E510|Fallout4.esm
0009E511|Fallout4.esm
0009E512|Fallout4.esm
0009E513|Fallout4.esm
0009E514|Fallout4.esm
0009E515|Fallout4.esm
0009E516|Fallout4.esm
0009E519|Fallout4.esm
0009E51A|Fallout4.esm
0009E51B|Fallout4.esm
0009E51C|Fallout4.esm
0009E51D|Fallout4.esm
0009E51E|Fallout4.esm
001E1951|Fallout4.esm
002154D9|Fallout4.esm
001817FF|Fallout4.esm
0018180F|Fallout4.esm
00181816|Fallout4.esm
0007EDFA|Fallout4.esm
00181806|Fallout4.esm
00181807|Fallout4.esm
0005A584|Fallout4.esm
0005A580|Fallout4.esm
00087AA6|Fallout4.esm
0005C1E6|Fallout4.esm
00087AA7|Fallout4.esm
0005C1E7|Fallout4.esm
001A6990|Fallout4.esm
001A698F|Fallout4.esm
000FBA2F|Fallout4.esm
000FBA2D|Fallout4.esm
000FBA2E|Fallout4.esm
00178D6D|Fallout4.esm
00178D6C|Fallout4.esm
001E19A0|Fallout4.esm
001E199F|Fallout4.esm
001E199E|Fallout4.esm
001E1952|Fallout4.esm
001A698E|Fallout4.esm
001A6954|Fallout4.esm
0018180E|Fallout4.esm
000FBA4F|Fallout4.esm
000FBA48|Fallout4.esm
000FBA47|Fallout4.esm
000FBA46|Fallout4.esm
000FBA45|Fallout4.esm
000FBA44|Fallout4.esm
000FBA43|Fallout4.esm
000FBA2C|Fallout4.esm
000FBA2B|Fallout4.esm
000FBA2A|Fallout4.esm
000FBA29|Fallout4.esm
000FBA28|Fallout4.esm
000FBA27|Fallout4.esm
000FBA26|Fallout4.esm
000FBA25|Fallout4.esm
000FBA24|Fallout4.esm
00084795|Fallout4.esm
00084794|Fallout4.esm
000945E5|Fallout4.esm
000948A8|Fallout4.esm
000948A9|Fallout4.esm
00084884|Fallout4.esm
00084885|Fallout4.esm
0023D63C|Fallout4.esm
0007EE2D|Fallout4.esm
0007EE27|Fallout4.esm
0005C189|Fallout4.esm
0005A596|Fallout4.esm
00090ED4|Fallout4.esm
0007EE25|Fallout4.esm
0003E504|Fallout4.esm
0009E3CA|Fallout4.esm
0003E4F9|Fallout4.esm
0003E4FA|Fallout4.esm
0003E4FB|Fallout4.esm
0003E4FC|Fallout4.esm
0003E501|Fallout4.esm
0003E502|Fallout4.esm
0003E503|Fallout4.esm
0009E466|Fallout4.esm
0009E467|Fallout4.esm
0023A30C|Fallout4.esm
0023A30D|Fallout4.esm
0005C1F0|Fallout4.esm
0005C1EF|Fallout4.esm
00087A99|Fallout4.esm
00087A98|Fallout4.esm
00087A97|Fallout4.esm
00087A96|Fallout4.esm
00087A94|Fallout4.esm
00087A93|Fallout4.esm
00113947|Fallout4.esm
001098D4|Fallout4.esm
00113920|Fallout4.esm
00113922|Fallout4.esm
001138CC|Fallout4.esm
0023003F|Fallout4.esm
00230040|Fallout4.esm
0007EE26|Fallout4.esm
0007EE24|Fallout4.esm
0007EE23|Fallout4.esm
0007EE22|Fallout4.esm
0007EE21|Fallout4.esm
000847C2|Fallout4.esm
0008681A|Fallout4.esm
00086818|Fallout4.esm
00086813|Fallout4.esm
00086811|Fallout4.esm
0008680B|Fallout4.esm
00086808|Fallout4.esm
00086802|Fallout4.esm
00078E3B|Fallout4.esm
00078E39|Fallout4.esm
00078E2B|Fallout4.esm
00113984|Fallout4.esm
00113983|Fallout4.esm
00113982|Fallout4.esm
00113981|Fallout4.esm
00113980|Fallout4.esm
0011397F|Fallout4.esm
0011397E|Fallout4.esm
00113956|Fallout4.esm
0011394B|Fallout4.esm
000948AC|Fallout4.esm
000948AB|Fallout4.esm
000948AA|Fallout4.esm
000847BE|Fallout4.esm
000FF396|Fallout4.esm
0015F7A7|Fallout4.esm
0019901A|Fallout4.esm
0019E6B2|Fallout4.esm
0019E6B5|Fallout4.esm
0003E4F7|Fallout4.esm
0003E4F8|Fallout4.esm
0023A30E|Fallout4.esm
0023A30F|Fallout4.esm
0023A310|Fallout4.esm
0023A311|Fallout4.esm
0023A312|Fallout4.esm
0023A313|Fallout4.esm
0023A314|Fallout4.esm
0023A315|Fallout4.esm
0023A316|Fallout4.esm
00113965|Fallout4.esm
0011391F|Fallout4.esm
000847C3|Fallout4.esm
000847C4|Fallout4.esm
000847CB|Fallout4.esm
0008485E|Fallout4.esm
00084883|Fallout4.esm
000848A3|Fallout4.esm
000848B7|Fallout4.esm
000848B8|Fallout4.esm
000848BB|Fallout4.esm
000848BC|Fallout4.esm
000848BD|Fallout4.esm
0008495F|Fallout4.esm
00084960|Fallout4.esm
00084961|Fallout4.esm
00113969|Fallout4.esm
00230051|Fallout4.esm
00248FF3|Fallout4.esm
00248FF4|Fallout4.esm
0023004C|Fallout4.esm
0023004B|Fallout4.esm
00084799|Fallout4.esm
00084798|Fallout4.esm
00084797|Fallout4.esm
00084796|Fallout4.esm
0018187E|Fallout4.esm
00082A63|Fallout4.esm
000FBA23|Fallout4.esm
000FBA22|Fallout4.esm
000FBA21|Fallout4.esm
000FB2EA|Fallout4.esm
000FB2E9|Fallout4.esm
000FB2DB|Fallout4.esm
00090ED3|Fallout4.esm
00090F23|Fallout4.esm
00090EFB|Fallout4.esm
00090EDC|Fallout4.esm
00090EDB|Fallout4.esm
00087A9F|Fallout4.esm
00087A9B|Fallout4.esm
00087A9A|Fallout4.esm
00087A92|Fallout4.esm
00087A91|Fallout4.esm
00087A90|Fallout4.esm
00087A8F|Fallout4.esm
00087A8E|Fallout4.esm
00087A8C|Fallout4.esm
00087A8B|Fallout4.esm
00087A8A|Fallout4.esm
00087A89|Fallout4.esm
00087A88|Fallout4.esm
00087A87|Fallout4.esm
0007FF4F|Fallout4.esm
0007FF50|Fallout4.esm
0007EDFB|Fallout4.esm
0007EDF8|Fallout4.esm
0007EDF7|Fallout4.esm
0007EDF6|Fallout4.esm
0007E254|Fallout4.esm
0005C1F2|Fallout4.esm
0005C1F1|Fallout4.esm
0005C1ED|Fallout4.esm
0005C18A|Fallout4.esm
0005A589|Fallout4.esm
0005A588|Fallout4.esm
0005A585|Fallout4.esm
0005A583|Fallout4.esm
0005A581|Fallout4.esm
0005A57E|Fallout4.esm
0005A57D|Fallout4.esm
0005A579|Fallout4.esm
0005A578|Fallout4.esm
0005A577|Fallout4.esm
0005A575|Fallout4.esm
0005A574|Fallout4.esm
0005A572|Fallout4.esm
0005A571|Fallout4.esm
[07/10/2019 - 01:45:28PM] Log closed
