[07/31/2019 - 11:17:34AM] 1318389 log opened (PC-64)
[07/31/2019 - 11:17:34AM] 
00137708|Fallout4.esm
00137704|Fallout4.esm
00137703|Fallout4.esm
00137701|Fallout4.esm
00137700|Fallout4.esm
001376FF|Fallout4.esm
001376FE|Fallout4.esm
001376FC|Fallout4.esm
001376FA|Fallout4.esm
001376F9|Fallout4.esm
001376EA|Fallout4.esm
001376E9|Fallout4.esm
001376E7|Fallout4.esm
001376E6|Fallout4.esm
001376E5|Fallout4.esm
001376E4|Fallout4.esm
001376E3|Fallout4.esm
001376E1|Fallout4.esm
001376BF|Fallout4.esm
001376BA|Fallout4.esm
001376B9|Fallout4.esm
001376B8|Fallout4.esm
001376B6|Fallout4.esm
001376B5|Fallout4.esm
001376AF|Fallout4.esm
001376AE|Fallout4.esm
0013768B|Fallout4.esm
0013768A|Fallout4.esm
00137689|Fallout4.esm
00137687|Fallout4.esm
00137686|Fallout4.esm
00137685|Fallout4.esm
00137684|Fallout4.esm
00137681|Fallout4.esm
00137680|Fallout4.esm
0013767F|Fallout4.esm
0013767E|Fallout4.esm
0013767C|Fallout4.esm
0013767B|Fallout4.esm
0013767A|Fallout4.esm
00137679|Fallout4.esm
00137678|Fallout4.esm
00137677|Fallout4.esm
00137676|Fallout4.esm
00137675|Fallout4.esm
00137672|Fallout4.esm
00137670|Fallout4.esm
0013766F|Fallout4.esm
0013766E|Fallout4.esm
001375E9|Fallout4.esm
001375E8|Fallout4.esm
001375E7|Fallout4.esm
001375E5|Fallout4.esm
001375E2|Fallout4.esm
001375E1|Fallout4.esm
001375E0|Fallout4.esm
001375D5|Fallout4.esm
001ED4F4|Fallout4.esm
001ED4F3|Fallout4.esm
001ED4F2|Fallout4.esm
00249CBE|Fallout4.esm
001ED4F1|Fallout4.esm
001ED4F0|Fallout4.esm
00249CC0|Fallout4.esm
00249CBF|Fallout4.esm
00137668|Fallout4.esm
00137673|Fallout4.esm
0013766B|Fallout4.esm
0013766C|Fallout4.esm
00137671|Fallout4.esm
0013766D|Fallout4.esm
00137674|Fallout4.esm
00137688|Fallout4.esm
001376B0|Fallout4.esm
0023D2B3|Fallout4.esm
0013B35A|Fallout4.esm
0013B35B|Fallout4.esm
0013B35C|Fallout4.esm
001368D2|Fallout4.esm
001368D3|Fallout4.esm
001371EE|Fallout4.esm
001371EF|Fallout4.esm
001375C9|Fallout4.esm
001375CA|Fallout4.esm
001375CC|Fallout4.esm
001375CD|Fallout4.esm
001375CE|Fallout4.esm
001375CF|Fallout4.esm
001375D0|Fallout4.esm
001375D2|Fallout4.esm
001375D3|Fallout4.esm
001375D4|Fallout4.esm
00137702|Fallout4.esm
001376FD|Fallout4.esm
001376FB|Fallout4.esm
001376E8|Fallout4.esm
001376E2|Fallout4.esm
001376BB|Fallout4.esm
001376B7|Fallout4.esm
001376B1|Fallout4.esm
[07/31/2019 - 11:17:34AM] Log closed
