[07/10/2019 - 02:35:05PM] 1449803 log opened (PC-64)
[07/10/2019 - 02:35:05PM] 
0019F786|Fallout4.esm
0019F8CA|Fallout4.esm
0020D360|Fallout4.esm
0020D35F|Fallout4.esm
0020D35E|Fallout4.esm
0020D35D|Fallout4.esm
0020D35C|Fallout4.esm
001E3ED0|Fallout4.esm
001E3ECF|Fallout4.esm
00082810|Fallout4.esm
00082812|Fallout4.esm
00082816|Fallout4.esm
00082818|Fallout4.esm
0008281A|Fallout4.esm
00084A63|Fallout4.esm
00084A6A|Fallout4.esm
00161F49|Fallout4.esm
000C44EC|Fallout4.esm
000C95F7|Fallout4.esm
000C960D|Fallout4.esm
000C960E|Fallout4.esm
000C960F|Fallout4.esm
000C9610|Fallout4.esm
000C9618|Fallout4.esm
000C9619|Fallout4.esm
000C961A|Fallout4.esm
000C961B|Fallout4.esm
000C961C|Fallout4.esm
000C961D|Fallout4.esm
000C961E|Fallout4.esm
000C9625|Fallout4.esm
001AB6A5|Fallout4.esm
00084A5A|Fallout4.esm
00082815|Fallout4.esm
00131B7D|Fallout4.esm
0014F794|Fallout4.esm
000C954B|Fallout4.esm
000C9551|Fallout4.esm
000C9552|Fallout4.esm
0012FC12|Fallout4.esm
00031BEA|Fallout4.esm
00031BE9|Fallout4.esm
00031BE8|Fallout4.esm
00031BE7|Fallout4.esm
00031AC2|Fallout4.esm
00031AC1|Fallout4.esm
00031AC0|Fallout4.esm
0008476C|Fallout4.esm
0008476D|Fallout4.esm
0008476E|Fallout4.esm
0008476F|Fallout4.esm
00084A64|Fallout4.esm
00084A65|Fallout4.esm
00084A66|Fallout4.esm
00084A67|Fallout4.esm
00084A68|Fallout4.esm
00082811|Fallout4.esm
00084A5E|Fallout4.esm
00084A5F|Fallout4.esm
00084A69|Fallout4.esm
00131B7F|Fallout4.esm
00131B81|Fallout4.esm
0018F648|Fallout4.esm
00084A62|Fallout4.esm
000C9555|Fallout4.esm
0019F8A3|Fallout4.esm
001C1454|Fallout4.esm
000C9626|Fallout4.esm
0019F7E4|Fallout4.esm
000C966E|Fallout4.esm
0014F790|Fallout4.esm
001E3D7B|Fallout4.esm
00134058|Fallout4.esm
00134057|Fallout4.esm
0019F7BF|Fallout4.esm
0019F807|Fallout4.esm
001E4203|Fallout4.esm
000D04D1|Fallout4.esm
001E41CD|Fallout4.esm
001E41CC|Fallout4.esm
00131ADC|Fallout4.esm
0019F7EB|Fallout4.esm
00131AB6|Fallout4.esm
00131AC4|Fallout4.esm
001E3E17|Fallout4.esm
0019F7FE|Fallout4.esm
0019F801|Fallout4.esm
0014F787|Fallout4.esm
002407E4|Fallout4.esm
00131AE0|Fallout4.esm
0023FA99|Fallout4.esm
00249C89|Fallout4.esm
0019F7A6|Fallout4.esm
0019F7A9|Fallout4.esm
0019F8B0|Fallout4.esm
00131ABA|Fallout4.esm
00131AB9|Fallout4.esm
000D04CA|Fallout4.esm
001E4216|Fallout4.esm
001E4221|Fallout4.esm
001E4222|Fallout4.esm
0019F812|Fallout4.esm
00131AC6|Fallout4.esm
001E3ED5|Fallout4.esm
0019F83D|Fallout4.esm
000C9681|Fallout4.esm
000C9682|Fallout4.esm
00131AF0|Fallout4.esm
001E3D7D|Fallout4.esm
00131B71|Fallout4.esm
001E40B2|Fallout4.esm
0019F809|Fallout4.esm
001E4093|Fallout4.esm
000D04E5|Fallout4.esm
000D04E8|Fallout4.esm
0019F7E1|Fallout4.esm
001E99CF|Fallout4.esm
00131ACD|Fallout4.esm
00131ACC|Fallout4.esm
000C9558|Fallout4.esm
00249C92|Fallout4.esm
002407E1|Fallout4.esm
0021771E|Fallout4.esm
00131A9A|Fallout4.esm
0019F842|Fallout4.esm
0019F847|Fallout4.esm
0020D30B|Fallout4.esm
0019F7AA|Fallout4.esm
0019F7C8|Fallout4.esm
001E3E99|Fallout4.esm
001E4099|Fallout4.esm
000C95E6|Fallout4.esm
000C95E7|Fallout4.esm
0019F808|Fallout4.esm
000C967C|Fallout4.esm
000C967D|Fallout4.esm
001E4224|Fallout4.esm
000D04DE|Fallout4.esm
0019F7D9|Fallout4.esm
000C9670|Fallout4.esm
00131AA1|Fallout4.esm
00131AA0|Fallout4.esm
000C9557|Fallout4.esm
00131AB8|Fallout4.esm
001E41B9|Fallout4.esm
00249C90|Fallout4.esm
0019F8A6|Fallout4.esm
00134041|Fallout4.esm
00131AE9|Fallout4.esm
0021833F|Fallout4.esm
00131AF4|Fallout4.esm
0020D306|Fallout4.esm
0020D307|Fallout4.esm
0019F7B4|Fallout4.esm
0019F821|Fallout4.esm
0013409D|Fallout4.esm
00134085|Fallout4.esm
000D04D3|Fallout4.esm
0019F7DF|Fallout4.esm
000D04C0|Fallout4.esm
000C966D|Fallout4.esm
00134052|Fallout4.esm
00131A98|Fallout4.esm
00131ADB|Fallout4.esm
001E3DA5|Fallout4.esm
001E3E9A|Fallout4.esm
00131AB5|Fallout4.esm
0019F844|Fallout4.esm
001E4195|Fallout4.esm
0019F7D7|Fallout4.esm
0013407D|Fallout4.esm
00245A84|Fallout4.esm
00131AD6|Fallout4.esm
0019F841|Fallout4.esm
0014F785|Fallout4.esm
0019F83E|Fallout4.esm
001E4081|Fallout4.esm
001E3E9B|Fallout4.esm
000D04E3|Fallout4.esm
000D04DB|Fallout4.esm
0019F825|Fallout4.esm
0019F7A2|Fallout4.esm
0019F8A1|Fallout4.esm
00134087|Fallout4.esm
00131AEB|Fallout4.esm
0019F805|Fallout4.esm
00131AF5|Fallout4.esm
00131AF1|Fallout4.esm
0019F7A4|Fallout4.esm
001E41CB|Fallout4.esm
00131AD0|Fallout4.esm
00131B05|Fallout4.esm
0019F787|Fallout4.esm
0023D2C5|Fallout4.esm
00131AAB|Fallout4.esm
001E3E81|Fallout4.esm
000D04D4|Fallout4.esm
001340B3|Fallout4.esm
00131A9B|Fallout4.esm
0019F8B7|Fallout4.esm
00134039|Fallout4.esm
0013403C|Fallout4.esm
00131AF7|Fallout4.esm
00134074|Fallout4.esm
0021917D|Fallout4.esm
0019F7C6|Fallout4.esm
001E3D91|Fallout4.esm
0020D308|Fallout4.esm
001E4232|Fallout4.esm
00131A9D|Fallout4.esm
001E403B|Fallout4.esm
001E420B|Fallout4.esm
00134059|Fallout4.esm
000C955A|Fallout4.esm
0019F80C|Fallout4.esm
002407AE|Fallout4.esm
001E40B1|Fallout4.esm
001E420E|Fallout4.esm
002407DF|Fallout4.esm
0019F7CA|Fallout4.esm
00200003|Fallout4.esm
000D04CF|Fallout4.esm
00131AEF|Fallout4.esm
0013407F|Fallout4.esm
0019F785|Fallout4.esm
0019F813|Fallout4.esm
00131AE7|Fallout4.esm
0019F806|Fallout4.esm
0019F7E7|Fallout4.esm
0019F7F7|Fallout4.esm
000C95AB|Fallout4.esm
0019F7B1|Fallout4.esm
00249C91|Fallout4.esm
0019F7E9|Fallout4.esm
0019F7F0|Fallout4.esm
00131AD4|Fallout4.esm
000D04DD|Fallout4.esm
00131AD9|Fallout4.esm
001E3DAC|Fallout4.esm
001E99B2|Fallout4.esm
00131AF6|Fallout4.esm
001E3ED2|Fallout4.esm
00131AF8|Fallout4.esm
000C9629|Fallout4.esm
0019F78E|Fallout4.esm
0019F8CE|Fallout4.esm
001E3E16|Fallout4.esm
001E41E8|Fallout4.esm
0019F804|Fallout4.esm
00131ABE|Fallout4.esm
0019F817|Fallout4.esm
001E3DA6|Fallout4.esm
00131A96|Fallout4.esm
001E3E1A|Fallout4.esm
000C968A|Fallout4.esm
00249C8A|Fallout4.esm
0023FA98|Fallout4.esm
001E3E80|Fallout4.esm
001E4219|Fallout4.esm
001E3ECB|Fallout4.esm
001E4213|Fallout4.esm
0019F7B5|Fallout4.esm
000C967E|Fallout4.esm
00131AE5|Fallout4.esm
000C968B|Fallout4.esm
00131AF3|Fallout4.esm
0019F8CC|Fallout4.esm
00249C87|Fallout4.esm
0019F81A|Fallout4.esm
0019F81C|Fallout4.esm
001E3DA8|Fallout4.esm
001E3ECD|Fallout4.esm
000C9687|Fallout4.esm
00131A9C|Fallout4.esm
0019F7E2|Fallout4.esm
001E41C0|Fallout4.esm
000D04AC|Fallout4.esm
0013402C|Fallout4.esm
001E4210|Fallout4.esm
0019F7DE|Fallout4.esm
001E3DAD|Fallout4.esm
000D04D8|Fallout4.esm
001E409F|Fallout4.esm
0019F8A5|Fallout4.esm
00131AEE|Fallout4.esm
001E3D8D|Fallout4.esm
00245A85|Fallout4.esm
000D04AB|Fallout4.esm
00131ABF|Fallout4.esm
00131ACA|Fallout4.esm
001E4225|Fallout4.esm
001E3EC9|Fallout4.esm
0014F78D|Fallout4.esm
001E3DA2|Fallout4.esm
00134081|Fallout4.esm
001E3ED3|Fallout4.esm
00131ACB|Fallout4.esm
001E3E15|Fallout4.esm
000C9559|Fallout4.esm
0019F7D3|Fallout4.esm
002407DD|Fallout4.esm
001E4211|Fallout4.esm
001E41E6|Fallout4.esm
001E3E90|Fallout4.esm
0019F8AB|Fallout4.esm
001E4229|Fallout4.esm
0013402B|Fallout4.esm
0019F89E|Fallout4.esm
00131A99|Fallout4.esm
0019F7BA|Fallout4.esm
00131B07|Fallout4.esm
0019F7B7|Fallout4.esm
001E422A|Fallout4.esm
002407E5|Fallout4.esm
000C95D0|Fallout4.esm
0019F843|Fallout4.esm
0019F83C|Fallout4.esm
00245A83|Fallout4.esm
000C966F|Fallout4.esm
0019F8AA|Fallout4.esm
001E4227|Fallout4.esm
00134086|Fallout4.esm
000D04CE|Fallout4.esm
0013407B|Fallout4.esm
00131AA8|Fallout4.esm
0019F7D6|Fallout4.esm
001E3E8E|Fallout4.esm
00246B20|Fallout4.esm
001E3E1E|Fallout4.esm
001E3DAB|Fallout4.esm
0019F7DC|Fallout4.esm
001E420C|Fallout4.esm
00249C8E|Fallout4.esm
001E40A7|Fallout4.esm
000C9666|Fallout4.esm
002407B3|Fallout4.esm
001E4214|Fallout4.esm
0014F788|Fallout4.esm
00131AFE|Fallout4.esm
001E4228|Fallout4.esm
00134055|Fallout4.esm
000D04E7|Fallout4.esm
001ECDF4|Fallout4.esm
0019F8AD|Fallout4.esm
000D04B8|Fallout4.esm
0019F7A8|Fallout4.esm
0019F80F|Fallout4.esm
001E3ECC|Fallout4.esm
001E4246|Fallout4.esm
001E4250|Fallout4.esm
00134056|Fallout4.esm
0019F7C3|Fallout4.esm
00131B01|Fallout4.esm
00131AFB|Fallout4.esm
001E4202|Fallout4.esm
001E3E7B|Fallout4.esm
0020D305|Fallout4.esm
0019F7E8|Fallout4.esm
000C9684|Fallout4.esm
0019F8B3|Fallout4.esm
00131B00|Fallout4.esm
00131AFA|Fallout4.esm
00131AAE|Fallout4.esm
000C9686|Fallout4.esm
00131AA3|Fallout4.esm
00131A9F|Fallout4.esm
00134078|Fallout4.esm
0019F7DA|Fallout4.esm
002407DE|Fallout4.esm
00133FCB|Fallout4.esm
0019F7CE|Fallout4.esm
001E424D|Fallout4.esm
00134053|Fallout4.esm
00219175|Fallout4.esm
00082819|Fallout4.esm
0019F7B3|Fallout4.esm
00131A9E|Fallout4.esm
00249C8B|Fallout4.esm
000C9678|Fallout4.esm
001E40B3|Fallout4.esm
001E3DAA|Fallout4.esm
00180A38|Fallout4.esm
00134082|Fallout4.esm
001E4218|Fallout4.esm
001E3EFD|Fallout4.esm
00131AC3|Fallout4.esm
0024605C|Fallout4.esm
0019F815|Fallout4.esm
000D04E4|Fallout4.esm
001E41E7|Fallout4.esm
000C9556|Fallout4.esm
00131AB7|Fallout4.esm
0019F827|Fallout4.esm
000C9689|Fallout4.esm
0019F8A7|Fallout4.esm
001E41CE|Fallout4.esm
0019F8AF|Fallout4.esm
00133F4C|Fallout4.esm
001E3E72|Fallout4.esm
000D04E6|Fallout4.esm
001E3E7D|Fallout4.esm
001E40A2|Fallout4.esm
001E3EFF|Fallout4.esm
001E4215|Fallout4.esm
001E4201|Fallout4.esm
000D04E1|Fallout4.esm
0021917A|Fallout4.esm
0020D39B|Fallout4.esm
000C9661|Fallout4.esm
0019F7EE|Fallout4.esm
0019F7F5|Fallout4.esm
001E3D8C|Fallout4.esm
001E40B0|Fallout4.esm
001E3EFE|Fallout4.esm
0019F7CB|Fallout4.esm
00131AC2|Fallout4.esm
001E41A3|Fallout4.esm
0013405A|Fallout4.esm
00131AAA|Fallout4.esm
001E41C1|Fallout4.esm
0019F7B6|Fallout4.esm
001E41A9|Fallout4.esm
0020D300|Fallout4.esm
00131AB2|Fallout4.esm
0019F7C4|Fallout4.esm
001E3E1B|Fallout4.esm
000C967F|Fallout4.esm
001E3D80|Fallout4.esm
00218347|Fallout4.esm
00131AD2|Fallout4.esm
000D04B9|Fallout4.esm
0019F7F1|Fallout4.esm
0019F803|Fallout4.esm
00249C85|Fallout4.esm
000C9688|Fallout4.esm
0019F784|Fallout4.esm
001E3E1C|Fallout4.esm
000C966C|Fallout4.esm
0020D303|Fallout4.esm
0019F80B|Fallout4.esm
001E3D7E|Fallout4.esm
0019F80E|Fallout4.esm
001E40B7|Fallout4.esm
000D04BE|Fallout4.esm
00131AA7|Fallout4.esm
002407B8|Fallout4.esm
000D04D2|Fallout4.esm
0019F8B4|Fallout4.esm
0019F7A5|Fallout4.esm
00131AED|Fallout4.esm
0013407E|Fallout4.esm
000C967B|Fallout4.esm
0019F7E6|Fallout4.esm
0019F7CF|Fallout4.esm
0019F80D|Fallout4.esm
000D04AA|Fallout4.esm
001E418D|Fallout4.esm
0019F7C0|Fallout4.esm
00249C8D|Fallout4.esm
001E422E|Fallout4.esm
0019F81B|Fallout4.esm
001E40A8|Fallout4.esm
001340C0|Fallout4.esm
001E4097|Fallout4.esm
0019F8AE|Fallout4.esm
001E41A5|Fallout4.esm
0019F7FD|Fallout4.esm
00134051|Fallout4.esm
0019F89D|Fallout4.esm
001E4226|Fallout4.esm
00131ACE|Fallout4.esm
0019F7EA|Fallout4.esm
0019F7C9|Fallout4.esm
001E4189|Fallout4.esm
0019F7FC|Fallout4.esm
001E3ED6|Fallout4.esm
00218348|Fallout4.esm
0019F7C2|Fallout4.esm
00131AD3|Fallout4.esm
000D04E2|Fallout4.esm
0020D30A|Fallout4.esm
0014F73D|Fallout4.esm
00131B06|Fallout4.esm
00131AAF|Fallout4.esm
00131AB0|Fallout4.esm
0014F78E|Fallout4.esm
0019F7A7|Fallout4.esm
0019F800|Fallout4.esm
0023D2B9|Fallout4.esm
0013405B|Fallout4.esm
00249C84|Fallout4.esm
001E3E19|Fallout4.esm
00131AFF|Fallout4.esm
001E407D|Fallout4.esm
00131AA6|Fallout4.esm
00131AA5|Fallout4.esm
001E3EEE|Fallout4.esm
00134069|Fallout4.esm
0019F7CC|Fallout4.esm
001E418A|Fallout4.esm
001E418B|Fallout4.esm
001E418C|Fallout4.esm
00131AEA|Fallout4.esm
001E4182|Fallout4.esm
0013405C|Fallout4.esm
002407E0|Fallout4.esm
002407E3|Fallout4.esm
0023D2B6|Fallout4.esm
001340BE|Fallout4.esm
001340B9|Fallout4.esm
00133F4B|Fallout4.esm
0013407A|Fallout4.esm
001E3D88|Fallout4.esm
001E3D8B|Fallout4.esm
0019F8A0|Fallout4.esm
0019F8A4|Fallout4.esm
00131AC9|Fallout4.esm
00131AC7|Fallout4.esm
00131AC5|Fallout4.esm
000D04AD|Fallout4.esm
000D04AE|Fallout4.esm
000D04BD|Fallout4.esm
000D04EE|Fallout4.esm
0019F7BB|Fallout4.esm
0013402D|Fallout4.esm
00131ACF|Fallout4.esm
0019F7B8|Fallout4.esm
0019F846|Fallout4.esm
0019F8A2|Fallout4.esm
001E3D81|Fallout4.esm
001E3D7F|Fallout4.esm
0019F78C|Fallout4.esm
0019F78F|Fallout4.esm
001E424C|Fallout4.esm
001E424E|Fallout4.esm
001E424F|Fallout4.esm
0013409B|Fallout4.esm
00134083|Fallout4.esm
001340A0|Fallout4.esm
001E40A1|Fallout4.esm
001E40A0|Fallout4.esm
001E409E|Fallout4.esm
001E4098|Fallout4.esm
001E4096|Fallout4.esm
001E3E84|Fallout4.esm
0019F7AE|Fallout4.esm
0019F7AF|Fallout4.esm
000D04D9|Fallout4.esm
000D04DC|Fallout4.esm
000D04DF|Fallout4.esm
000D04E0|Fallout4.esm
0013403D|Fallout4.esm
0013404D|Fallout4.esm
000D04CD|Fallout4.esm
000D04D0|Fallout4.esm
000D04D7|Fallout4.esm
000D04DA|Fallout4.esm
000D04ED|Fallout4.esm
000D04B0|Fallout4.esm
000D04B7|Fallout4.esm
000D04BA|Fallout4.esm
000D04BB|Fallout4.esm
000D04BC|Fallout4.esm
00131AFC|Fallout4.esm
00134076|Fallout4.esm
00134077|Fallout4.esm
0019F7BD|Fallout4.esm
000C9627|Fallout4.esm
000D04CB|Fallout4.esm
000D04CC|Fallout4.esm
00134079|Fallout4.esm
0013407C|Fallout4.esm
000C95D1|Fallout4.esm
000C9628|Fallout4.esm
0023FA96|Fallout4.esm
00240B76|Fallout4.esm
00240B78|Fallout4.esm
0019F845|Fallout4.esm
001E3D89|Fallout4.esm
001E3ECA|Fallout4.esm
001E3E1D|Fallout4.esm
001E3DA4|Fallout4.esm
001E3DA3|Fallout4.esm
001E3DA1|Fallout4.esm
001E3DA0|Fallout4.esm
001E3D95|Fallout4.esm
001E3D92|Fallout4.esm
001E3D7C|Fallout4.esm
0019F89F|Fallout4.esm
0019F89C|Fallout4.esm
0019F7D2|Fallout4.esm
0019F7D1|Fallout4.esm
0019F7D0|Fallout4.esm
0019F7BE|Fallout4.esm
001E3ECE|Fallout4.esm
001340AE|Fallout4.esm
001E3E18|Fallout4.esm
001340C1|Fallout4.esm
001340BF|Fallout4.esm
000C95B2|Fallout4.esm
00249C88|Fallout4.esm
00249C86|Fallout4.esm
002407E2|Fallout4.esm
001E4217|Fallout4.esm
000C9675|Fallout4.esm
000D04D5|Fallout4.esm
000D04D6|Fallout4.esm
00134044|Fallout4.esm
00134033|Fallout4.esm
00134034|Fallout4.esm
0013403A|Fallout4.esm
0013404E|Fallout4.esm
0014F78A|Fallout4.esm
0014F789|Fallout4.esm
0023D9D7|Fallout4.esm
00131ADA|Fallout4.esm
0023D2BE|Fallout4.esm
0023D2BD|Fallout4.esm
0013403B|Fallout4.esm
00131AD8|Fallout4.esm
00131AD5|Fallout4.esm
002407B0|Fallout4.esm
001E41CF|Fallout4.esm
001E41CA|Fallout4.esm
001E41C4|Fallout4.esm
001E41C3|Fallout4.esm
001E41C2|Fallout4.esm
0019F7EC|Fallout4.esm
0019F7E5|Fallout4.esm
0019F7E3|Fallout4.esm
0019F7E0|Fallout4.esm
0019F7DD|Fallout4.esm
0019F7D5|Fallout4.esm
0019F7D4|Fallout4.esm
0019F7D8|Fallout4.esm
0019F7DB|Fallout4.esm
0019F78A|Fallout4.esm
0019F789|Fallout4.esm
0019F788|Fallout4.esm
0019F781|Fallout4.esm
0019F783|Fallout4.esm
0019F782|Fallout4.esm
0019F83F|Fallout4.esm
0019F7FB|Fallout4.esm
0019F7FA|Fallout4.esm
0019F7FF|Fallout4.esm
0019F802|Fallout4.esm
0019F7F6|Fallout4.esm
0019F7C5|Fallout4.esm
0019F7C7|Fallout4.esm
0019F7C1|Fallout4.esm
0019F7BC|Fallout4.esm
0019F8CD|Fallout4.esm
0019F7B9|Fallout4.esm
0019F7B2|Fallout4.esm
0019F7B0|Fallout4.esm
0019F7AD|Fallout4.esm
0019F7AC|Fallout4.esm
0019F7AB|Fallout4.esm
0019F7A3|Fallout4.esm
0013406C|Fallout4.esm
0013405E|Fallout4.esm
0013405D|Fallout4.esm
000C9660|Fallout4.esm
0014F793|Fallout4.esm
00131AEC|Fallout4.esm
00134063|Fallout4.esm
001E40A9|Fallout4.esm
00217756|Fallout4.esm
000C9668|Fallout4.esm
000C9667|Fallout4.esm
00131AAC|Fallout4.esm
00131AAD|Fallout4.esm
00131AE6|Fallout4.esm
00131AE8|Fallout4.esm
001E41A4|Fallout4.esm
001E4200|Fallout4.esm
001E4206|Fallout4.esm
001E420D|Fallout4.esm
001E4223|Fallout4.esm
00134031|Fallout4.esm
00219173|Fallout4.esm
000C9669|Fallout4.esm
00131AA9|Fallout4.esm
00131AB1|Fallout4.esm
001E40AD|Fallout4.esm
001E40AE|Fallout4.esm
001E40AF|Fallout4.esm
001E40B8|Fallout4.esm
001E4187|Fallout4.esm
001E4188|Fallout4.esm
001E418E|Fallout4.esm
001E4194|Fallout4.esm
001E41AC|Fallout4.esm
001E41B8|Fallout4.esm
001E41BA|Fallout4.esm
001E41BB|Fallout4.esm
001E41BC|Fallout4.esm
001E41BD|Fallout4.esm
001E41E4|Fallout4.esm
001E420A|Fallout4.esm
002407DC|Fallout4.esm
001E420F|Fallout4.esm
001E99D2|Fallout4.esm
001E99D0|Fallout4.esm
001E41BF|Fallout4.esm
001E41BE|Fallout4.esm
0014F786|Fallout4.esm
000C966B|Fallout4.esm
000C9676|Fallout4.esm
000C9679|Fallout4.esm
000C967A|Fallout4.esm
000C9680|Fallout4.esm
000C9683|Fallout4.esm
000C9685|Fallout4.esm
001C1455|Fallout4.esm
0019F8C9|Fallout4.esm
00131AD7|Fallout4.esm
00134068|Fallout4.esm
0019F7CD|Fallout4.esm
0019F7EF|Fallout4.esm
0019F7F9|Fallout4.esm
0019F822|Fallout4.esm
0019F824|Fallout4.esm
0019F826|Fallout4.esm
0019F840|Fallout4.esm
0019F8A8|Fallout4.esm
0019F8A9|Fallout4.esm
0019F8AC|Fallout4.esm
0019F8B1|Fallout4.esm
0019F8B2|Fallout4.esm
0019F8B5|Fallout4.esm
0019F8B6|Fallout4.esm
001E3E7C|Fallout4.esm
001E3E7E|Fallout4.esm
001E3E8F|Fallout4.esm
001E3E98|Fallout4.esm
001E3EEF|Fallout4.esm
001E3EF0|Fallout4.esm
0021835B|Fallout4.esm
0021833E|Fallout4.esm
001E3E7A|Fallout4.esm
001E3E79|Fallout4.esm
0019F816|Fallout4.esm
0019F819|Fallout4.esm
0019F814|Fallout4.esm
0019F818|Fallout4.esm
0019F811|Fallout4.esm
0019F810|Fallout4.esm
0019F7ED|Fallout4.esm
00131AB4|Fallout4.esm
00131AA4|Fallout4.esm
00131A95|Fallout4.esm
00131A94|Fallout4.esm
0014F715|Fallout4.esm
0014F78B|Fallout4.esm
001E40AC|Fallout4.esm
001E422F|Fallout4.esm
0020D39D|Fallout4.esm
0020D39E|Fallout4.esm
0020D39F|Fallout4.esm
002407B6|Fallout4.esm
00249C8C|Fallout4.esm
00249C8F|Fallout4.esm
0014F791|Fallout4.esm
0014F70A|Fallout4.esm
00131ADF|Fallout4.esm
002407BB|Fallout4.esm
002407DB|Fallout4.esm
00131B04|Fallout4.esm
00131B03|Fallout4.esm
00131B02|Fallout4.esm
00131AF2|Fallout4.esm
00131AE1|Fallout4.esm
00131AD1|Fallout4.esm
00131AC1|Fallout4.esm
00131AC0|Fallout4.esm
00131ABD|Fallout4.esm
00131ABC|Fallout4.esm
00131ABB|Fallout4.esm
00131AA2|Fallout4.esm
0013409F|Fallout4.esm
0013409A|Fallout4.esm
00134080|Fallout4.esm
00134075|Fallout4.esm
0013402F|Fallout4.esm
0013402E|Fallout4.esm
0019F790|Fallout4.esm
0019F796|Fallout4.esm
[07/10/2019 - 02:35:05PM] Log closed
