[07/10/2019 - 01:42:22PM] 1458977 log opened (PC-64)
[07/10/2019 - 01:42:22PM] 
0010E221|Fallout4.esm
000464CE|Fallout4.esm
000464D2|Fallout4.esm
000464D0|Fallout4.esm
000464CC|Fallout4.esm
000464CD|Fallout4.esm
000464CF|Fallout4.esm
00046462|Fallout4.esm
000464D1|Fallout4.esm
000464D9|Fallout4.esm
000464D3|Fallout4.esm
00046467|Fallout4.esm
00046465|Fallout4.esm
00046461|Fallout4.esm
000463F9|Fallout4.esm
00168D95|Fallout4.esm
00168C5C|Fallout4.esm
00168D91|Fallout4.esm
00168EE0|Fallout4.esm
00168EEB|Fallout4.esm
00168EEA|Fallout4.esm
0008FD55|Fallout4.esm
0008FD54|Fallout4.esm
0008FD53|Fallout4.esm
0008FD52|Fallout4.esm
0008FD51|Fallout4.esm
0008FD50|Fallout4.esm
0008FD4F|Fallout4.esm
0008FD4E|Fallout4.esm
0008FD4D|Fallout4.esm
0008FD49|Fallout4.esm
0008FD48|Fallout4.esm
0008FD47|Fallout4.esm
0008FD46|Fallout4.esm
0008FD45|Fallout4.esm
0008FD44|Fallout4.esm
0008FD43|Fallout4.esm
0008FD42|Fallout4.esm
0008FD41|Fallout4.esm
0008FD40|Fallout4.esm
0008FD3F|Fallout4.esm
0008FD3E|Fallout4.esm
0008FD3D|Fallout4.esm
0008FD3C|Fallout4.esm
0008FD3B|Fallout4.esm
0008FD3A|Fallout4.esm
0008FD39|Fallout4.esm
0008FD38|Fallout4.esm
0008FD37|Fallout4.esm
0008FD34|Fallout4.esm
0008FD33|Fallout4.esm
0008FD2F|Fallout4.esm
0008FD2E|Fallout4.esm
0008FD2D|Fallout4.esm
0008FD2C|Fallout4.esm
0008FD2B|Fallout4.esm
0008FD28|Fallout4.esm
0008FD27|Fallout4.esm
0008FD26|Fallout4.esm
0008FD25|Fallout4.esm
0008FD24|Fallout4.esm
0008FD23|Fallout4.esm
0008FD22|Fallout4.esm
0008FD21|Fallout4.esm
0008FD20|Fallout4.esm
0008FD1F|Fallout4.esm
0008FD1E|Fallout4.esm
0008FD1D|Fallout4.esm
0008FD1C|Fallout4.esm
000219F3|Fallout4.esm
00021A61|Fallout4.esm
00021CDD|Fallout4.esm
00021CE2|Fallout4.esm
0010E16B|Fallout4.esm
0010E16A|Fallout4.esm
0023E8FA|Fallout4.esm
00168D94|Fallout4.esm
00181884|Fallout4.esm
00021A5D|Fallout4.esm
00021A5C|Fallout4.esm
00021A56|Fallout4.esm
00021A54|Fallout4.esm
00021A53|Fallout4.esm
00021A70|Fallout4.esm
0010E22B|Fallout4.esm
0010E227|Fallout4.esm
0010E226|Fallout4.esm
0010E225|Fallout4.esm
0010E224|Fallout4.esm
0010E223|Fallout4.esm
0010E220|Fallout4.esm
0010E21F|Fallout4.esm
00168D8F|Fallout4.esm
00168C69|Fallout4.esm
00168C68|Fallout4.esm
00168C87|Fallout4.esm
00168C67|Fallout4.esm
00168D93|Fallout4.esm
00168F08|Fallout4.esm
00168DF0|Fallout4.esm
00168F02|Fallout4.esm
0010E22E|Fallout4.esm
0010E22D|Fallout4.esm
0010E22C|Fallout4.esm
0010E21E|Fallout4.esm
0010E21D|Fallout4.esm
0010E217|Fallout4.esm
0010E216|Fallout4.esm
0010E215|Fallout4.esm
0010E214|Fallout4.esm
0010E213|Fallout4.esm
001084B8|Fallout4.esm
0008FD75|Fallout4.esm
0008FD57|Fallout4.esm
0008FD09|Fallout4.esm
0008FD08|Fallout4.esm
00021CE1|Fallout4.esm
00021CE0|Fallout4.esm
00021CDF|Fallout4.esm
00021CDE|Fallout4.esm
00021CDB|Fallout4.esm
00021CDA|Fallout4.esm
00021CD8|Fallout4.esm
00021C8F|Fallout4.esm
00021C4E|Fallout4.esm
00021A7E|Fallout4.esm
00021A7C|Fallout4.esm
00021A6E|Fallout4.esm
00021A6B|Fallout4.esm
00021A6A|Fallout4.esm
00021A69|Fallout4.esm
00021A68|Fallout4.esm
00021A64|Fallout4.esm
00021A63|Fallout4.esm
00021A62|Fallout4.esm
00021A60|Fallout4.esm
00021A5F|Fallout4.esm
00021A7B|Fallout4.esm
00021A4B|Fallout4.esm
00021A55|Fallout4.esm
000219FE|Fallout4.esm
0019CDD5|Fallout4.esm
0010E21B|Fallout4.esm
00168C6B|Fallout4.esm
00168C6A|Fallout4.esm
00046515|Fallout4.esm
00046519|Fallout4.esm
00046516|Fallout4.esm
00046514|Fallout4.esm
0015F762|Fallout4.esm
00021CDC|Fallout4.esm
0023E8FF|Fallout4.esm
0023E8FD|Fallout4.esm
0023E8FC|Fallout4.esm
001D1849|Fallout4.esm
00168C6D|Fallout4.esm
00168C6C|Fallout4.esm
00168E77|Fallout4.esm
00168E67|Fallout4.esm
00168E54|Fallout4.esm
00168E6C|Fallout4.esm
00168E61|Fallout4.esm
00168F07|Fallout4.esm
00021A52|Fallout4.esm
00021A4F|Fallout4.esm
00021A4D|Fallout4.esm
00021A4C|Fallout4.esm
00021A4A|Fallout4.esm
00021A49|Fallout4.esm
00021A47|Fallout4.esm
00021A3F|Fallout4.esm
000219FD|Fallout4.esm
000219FC|Fallout4.esm
000219FB|Fallout4.esm
000219FA|Fallout4.esm
000219F9|Fallout4.esm
000219E2|Fallout4.esm
000219E8|Fallout4.esm
000219E7|Fallout4.esm
000219E1|Fallout4.esm
000219E0|Fallout4.esm
0002D19C|Fallout4.esm
0010E6A8|Fallout4.esm
00181885|Fallout4.esm
0004621A|Fallout4.esm
00046476|Fallout4.esm
00046485|Fallout4.esm
00046486|Fallout4.esm
00046487|Fallout4.esm
00046488|Fallout4.esm
0004648B|Fallout4.esm
000464D6|Fallout4.esm
000464D7|Fallout4.esm
000464D8|Fallout4.esm
001AB876|Fallout4.esm
001AB877|Fallout4.esm
001AB878|Fallout4.esm
001D5CE4|Fallout4.esm
00245A23|Fallout4.esm
00245A33|Fallout4.esm
00245A34|Fallout4.esm
00245A35|Fallout4.esm
00245A36|Fallout4.esm
00021A50|Fallout4.esm
00021C90|Fallout4.esm
00021C91|Fallout4.esm
00021CC2|Fallout4.esm
00021CC4|Fallout4.esm
00021CC5|Fallout4.esm
00021CC8|Fallout4.esm
00021CC9|Fallout4.esm
00021CCA|Fallout4.esm
00021CCB|Fallout4.esm
0010E241|Fallout4.esm
00046247|Fallout4.esm
000463FA|Fallout4.esm
000463FC|Fallout4.esm
00046475|Fallout4.esm
000464D5|Fallout4.esm
001D186A|Fallout4.esm
0002265A|Fallout4.esm
0002265B|Fallout4.esm
00181887|Fallout4.esm
0008FD1B|Fallout4.esm
0008FD17|Fallout4.esm
00184DA4|Fallout4.esm
0019CDD3|Fallout4.esm
00027F93|Fallout4.esm
00027F94|Fallout4.esm
000464D4|Fallout4.esm
00046472|Fallout4.esm
00046466|Fallout4.esm
00046406|Fallout4.esm
00046405|Fallout4.esm
00046404|Fallout4.esm
00046403|Fallout4.esm
00046402|Fallout4.esm
00046401|Fallout4.esm
00046400|Fallout4.esm
000463FF|Fallout4.esm
000463FD|Fallout4.esm
000463FB|Fallout4.esm
0014E8EA|Fallout4.esm
00181883|Fallout4.esm
0008FD74|Fallout4.esm
0019CDD6|Fallout4.esm
00021A48|Fallout4.esm
[07/10/2019 - 01:42:22PM] Log closed
