[07/10/2019 - 01:38:43PM] 1463509 log opened (PC-64)
[07/10/2019 - 01:38:43PM] 
001C13A2|Fallout4.esm
001919D8|Fallout4.esm
001919D4|Fallout4.esm
001919D3|Fallout4.esm
000D51DC|Fallout4.esm
000D51CC|Fallout4.esm
000D51CB|Fallout4.esm
000D4B5B|Fallout4.esm
000D4D74|Fallout4.esm
0019191A|Fallout4.esm
000D51D1|Fallout4.esm
000D4B63|Fallout4.esm
000D51CF|Fallout4.esm
000D51CE|Fallout4.esm
000D5227|Fallout4.esm
001C134F|Fallout4.esm
001C134D|Fallout4.esm
000D4B61|Fallout4.esm
000D4B64|Fallout4.esm
000D4B62|Fallout4.esm
0005BA89|Fallout4.esm
001918EF|Fallout4.esm
001918FA|Fallout4.esm
001C1379|Fallout4.esm
001C1378|Fallout4.esm
001C1377|Fallout4.esm
001C1376|Fallout4.esm
001C1375|Fallout4.esm
001C1374|Fallout4.esm
001C1373|Fallout4.esm
001C1370|Fallout4.esm
001C136F|Fallout4.esm
001C136C|Fallout4.esm
001C136B|Fallout4.esm
001C136A|Fallout4.esm
001C1369|Fallout4.esm
001C1367|Fallout4.esm
001C1364|Fallout4.esm
001C1363|Fallout4.esm
001C1362|Fallout4.esm
001C1361|Fallout4.esm
001C1360|Fallout4.esm
001C135F|Fallout4.esm
001C135D|Fallout4.esm
001C1358|Fallout4.esm
001C1357|Fallout4.esm
001C1356|Fallout4.esm
001C1355|Fallout4.esm
001C1354|Fallout4.esm
001C1353|Fallout4.esm
001C1352|Fallout4.esm
001C1351|Fallout4.esm
001C134E|Fallout4.esm
001C134C|Fallout4.esm
00191A4C|Fallout4.esm
00191A4B|Fallout4.esm
00191A49|Fallout4.esm
00191A48|Fallout4.esm
00191A47|Fallout4.esm
00191A46|Fallout4.esm
00191A44|Fallout4.esm
00191A43|Fallout4.esm
00191A42|Fallout4.esm
00191A41|Fallout4.esm
00191A3B|Fallout4.esm
0003B9AF|Fallout4.esm
00191A3A|Fallout4.esm
000D4B65|Fallout4.esm
001C1389|Fallout4.esm
001C138C|Fallout4.esm
000D524A|Fallout4.esm
000D5249|Fallout4.esm
000D5245|Fallout4.esm
000D4D7A|Fallout4.esm
000D51D6|Fallout4.esm
000D51D5|Fallout4.esm
000D51D0|Fallout4.esm
000D51CD|Fallout4.esm
000D51DA|Fallout4.esm
000D4B55|Fallout4.esm
000D51DF|Fallout4.esm
000D51DE|Fallout4.esm
002492E5|Fallout4.esm
001919C3|Fallout4.esm
001919C2|Fallout4.esm
001919AC|Fallout4.esm
001919A6|Fallout4.esm
001BE75A|Fallout4.esm
001BE759|Fallout4.esm
001BE75C|Fallout4.esm
001BE75B|Fallout4.esm
001BE758|Fallout4.esm
001BE757|Fallout4.esm
001BE756|Fallout4.esm
0016054C|Fallout4.esm
0023D2CD|Fallout4.esm
00191A39|Fallout4.esm
00191A38|Fallout4.esm
0019190E|Fallout4.esm
0019190C|Fallout4.esm
00191909|Fallout4.esm
00191907|Fallout4.esm
001918F7|Fallout4.esm
001918F5|Fallout4.esm
0019188B|Fallout4.esm
0019188A|Fallout4.esm
00191889|Fallout4.esm
0019187B|Fallout4.esm
000E8533|Fallout4.esm
000E84A2|Fallout4.esm
000E84A1|Fallout4.esm
000E84A0|Fallout4.esm
000E849E|Fallout4.esm
000D524B|Fallout4.esm
000D4D78|Fallout4.esm
0005BA87|Fallout4.esm
000D4AEC|Fallout4.esm
001918EC|Fallout4.esm
001918EB|Fallout4.esm
001918B7|Fallout4.esm
000D522B|Fallout4.esm
001918D4|Fallout4.esm
001919A5|Fallout4.esm
001C1381|Fallout4.esm
001C1382|Fallout4.esm
001C1383|Fallout4.esm
001C1385|Fallout4.esm
001C1386|Fallout4.esm
001C1387|Fallout4.esm
001C1388|Fallout4.esm
001C138D|Fallout4.esm
001C138E|Fallout4.esm
001C138F|Fallout4.esm
001C1390|Fallout4.esm
001C1391|Fallout4.esm
001C1392|Fallout4.esm
001C1384|Fallout4.esm
001918C7|Fallout4.esm
001918C5|Fallout4.esm
001918C3|Fallout4.esm
0019188D|Fallout4.esm
00191888|Fallout4.esm
00191887|Fallout4.esm
000D4D77|Fallout4.esm
0005BA82|Fallout4.esm
001C133C|Fallout4.esm
001C133D|Fallout4.esm
001C133E|Fallout4.esm
001C133F|Fallout4.esm
001C1340|Fallout4.esm
001C1341|Fallout4.esm
001C1342|Fallout4.esm
001C1344|Fallout4.esm
001C1345|Fallout4.esm
000D51DD|Fallout4.esm
000D51D9|Fallout4.esm
000D4B60|Fallout4.esm
000D4B5F|Fallout4.esm
000D4B5E|Fallout4.esm
000D4B5A|Fallout4.esm
000D4AF0|Fallout4.esm
000D4AF1|Fallout4.esm
0005BA85|Fallout4.esm
0022DBFB|Fallout4.esm
001D8F14|Fallout4.esm
001D8F13|Fallout4.esm
001D8F12|Fallout4.esm
001BE761|Fallout4.esm
001BE760|Fallout4.esm
001BE75F|Fallout4.esm
001BE75E|Fallout4.esm
001BE75D|Fallout4.esm
000E849F|Fallout4.esm
0005BC53|Fallout4.esm
000D51D8|Fallout4.esm
000D4AED|Fallout4.esm
000D4B66|Fallout4.esm
000D4B67|Fallout4.esm
000D51DB|Fallout4.esm
000D51E0|Fallout4.esm
000D51E1|Fallout4.esm
001918CD|Fallout4.esm
001918D3|Fallout4.esm
0005BA80|Fallout4.esm
000D4D75|Fallout4.esm
000E849D|Fallout4.esm
000E8520|Fallout4.esm
000E8521|Fallout4.esm
00185CD9|Fallout4.esm
001C1CF5|Fallout4.esm
001D8F0C|Fallout4.esm
001D8F0D|Fallout4.esm
001D8F0E|Fallout4.esm
001D8F0F|Fallout4.esm
001D8F10|Fallout4.esm
001D8F11|Fallout4.esm
0023D2CB|Fallout4.esm
0003B67F|Fallout4.esm
0019188C|Fallout4.esm
[07/10/2019 - 01:38:43PM] Log closed
