[07/10/2019 - 01:59:49PM] 1463503 log opened (PC-64)
[07/10/2019 - 01:59:49PM] 
00230CCE|Fallout4.esm
001D57DB|Fallout4.esm
001D841F|Fallout4.esm
00230E4C|Fallout4.esm
00230E4A|Fallout4.esm
001F61CE|Fallout4.esm
00092FB1|Fallout4.esm
000870FF|Fallout4.esm
000870FE|Fallout4.esm
000870F1|Fallout4.esm
00087093|Fallout4.esm
0008708F|Fallout4.esm
0008708D|Fallout4.esm
00184DBE|Fallout4.esm
0008A31F|Fallout4.esm
0008A320|Fallout4.esm
0008A321|Fallout4.esm
0008A35E|Fallout4.esm
0008A35F|Fallout4.esm
0008A374|Fallout4.esm
0008A375|Fallout4.esm
00095391|Fallout4.esm
00095390|Fallout4.esm
001964DA|Fallout4.esm
001964DB|Fallout4.esm
001964F0|Fallout4.esm
001964F1|Fallout4.esm
001964F2|Fallout4.esm
001964F9|Fallout4.esm
001964FA|Fallout4.esm
001964FB|Fallout4.esm
00196506|Fallout4.esm
00097ED7|Fallout4.esm
00097ED6|Fallout4.esm
00097ED5|Fallout4.esm
00097ED3|Fallout4.esm
00097ED2|Fallout4.esm
00097ED1|Fallout4.esm
00097ED0|Fallout4.esm
00097E2E|Fallout4.esm
00097E21|Fallout4.esm
00097DF4|Fallout4.esm
00097DF1|Fallout4.esm
00097DA3|Fallout4.esm
00097DA2|Fallout4.esm
00097DA1|Fallout4.esm
0011562A|Fallout4.esm
0011562B|Fallout4.esm
00087162|Fallout4.esm
0008715B|Fallout4.esm
00086838|Fallout4.esm
00086837|Fallout4.esm
00230CD5|Fallout4.esm
00230CD6|Fallout4.esm
00230E4D|Fallout4.esm
00230D85|Fallout4.esm
00230DA8|Fallout4.esm
00230D88|Fallout4.esm
00230D87|Fallout4.esm
00230D86|Fallout4.esm
00230D7C|Fallout4.esm
001D81D8|Fallout4.esm
001F221F|Fallout4.esm
00230DE7|Fallout4.esm
00230DE1|Fallout4.esm
00230DC3|Fallout4.esm
0009537C|Fallout4.esm
0009537B|Fallout4.esm
00095363|Fallout4.esm
000952C1|Fallout4.esm
000952B9|Fallout4.esm
000951C4|Fallout4.esm
0019643D|Fallout4.esm
0019643E|Fallout4.esm
0019643F|Fallout4.esm
001964AB|Fallout4.esm
001964AF|Fallout4.esm
001964B0|Fallout4.esm
001964B1|Fallout4.esm
001964BE|Fallout4.esm
001964BF|Fallout4.esm
001964C0|Fallout4.esm
001964C7|Fallout4.esm
00230DE9|Fallout4.esm
00230DE8|Fallout4.esm
00230DE6|Fallout4.esm
00230DE5|Fallout4.esm
0019649F|Fallout4.esm
001964A0|Fallout4.esm
001964A1|Fallout4.esm
001964AA|Fallout4.esm
000F1BD6|Fallout4.esm
000F1BD7|Fallout4.esm
000F1BD8|Fallout4.esm
000F1B84|Fallout4.esm
001963D7|Fallout4.esm
001963D8|Fallout4.esm
00196437|Fallout4.esm
00196438|Fallout4.esm
00196439|Fallout4.esm
0019643A|Fallout4.esm
0019643B|Fallout4.esm
0019643C|Fallout4.esm
00196442|Fallout4.esm
00196443|Fallout4.esm
00196479|Fallout4.esm
00196480|Fallout4.esm
0019648C|Fallout4.esm
0019648D|Fallout4.esm
0019648E|Fallout4.esm
001883B6|Fallout4.esm
001EF354|Fallout4.esm
001EF353|Fallout4.esm
001EF352|Fallout4.esm
00055E6B|Fallout4.esm
001FB213|Fallout4.esm
001FB214|Fallout4.esm
001FB215|Fallout4.esm
001FB216|Fallout4.esm
001FB217|Fallout4.esm
001FB218|Fallout4.esm
001FB219|Fallout4.esm
000951C3|Fallout4.esm
000951C2|Fallout4.esm
000951C1|Fallout4.esm
00095180|Fallout4.esm
0009515E|Fallout4.esm
00095147|Fallout4.esm
00095010|Fallout4.esm
00094FA2|Fallout4.esm
00093BAB|Fallout4.esm
00093BA5|Fallout4.esm
00093BA4|Fallout4.esm
00093B33|Fallout4.esm
00093B32|Fallout4.esm
0011556E|Fallout4.esm
0011556D|Fallout4.esm
0005A265|Fallout4.esm
00230DC4|Fallout4.esm
00230DC6|Fallout4.esm
00230DC7|Fallout4.esm
0023C1AC|Fallout4.esm
00097D91|Fallout4.esm
00097D8F|Fallout4.esm
00097D8E|Fallout4.esm
00097D20|Fallout4.esm
00097D1F|Fallout4.esm
001963F1|Fallout4.esm
001963F2|Fallout4.esm
00094F4A|Fallout4.esm
00094F49|Fallout4.esm
00094F48|Fallout4.esm
00094F47|Fallout4.esm
00094F46|Fallout4.esm
00094F3E|Fallout4.esm
00094F3D|Fallout4.esm
00093BAA|Fallout4.esm
00093B9F|Fallout4.esm
00093B9E|Fallout4.esm
00093B9B|Fallout4.esm
00093B35|Fallout4.esm
000F1E52|Fallout4.esm
0005A267|Fallout4.esm
00196389|Fallout4.esm
0019638E|Fallout4.esm
001963AB|Fallout4.esm
001963DE|Fallout4.esm
00196494|Fallout4.esm
001C6117|Fallout4.esm
001D94F3|Fallout4.esm
000F1E56|Fallout4.esm
0023ACBA|Fallout4.esm
00093BA9|Fallout4.esm
00093BA8|Fallout4.esm
00093BB0|Fallout4.esm
00093BAC|Fallout4.esm
00093BA7|Fallout4.esm
00093BA6|Fallout4.esm
001D9508|Fallout4.esm
001D9507|Fallout4.esm
001D9475|Fallout4.esm
001D9474|Fallout4.esm
001D9417|Fallout4.esm
001D9416|Fallout4.esm
000966E0|Fallout4.esm
000965B7|Fallout4.esm
000965B5|Fallout4.esm
00095388|Fallout4.esm
00095383|Fallout4.esm
00095368|Fallout4.esm
0009535E|Fallout4.esm
0009535D|Fallout4.esm
000952C2|Fallout4.esm
00095218|Fallout4.esm
000951CF|Fallout4.esm
000951CE|Fallout4.esm
00095128|Fallout4.esm
00095106|Fallout4.esm
000950F9|Fallout4.esm
000950F8|Fallout4.esm
00093BAF|Fallout4.esm
00093BAE|Fallout4.esm
00093BAD|Fallout4.esm
[07/10/2019 - 01:59:49PM] Log closed
