[07/10/2019 - 01:44:09PM] 1463480 log opened (PC-64)
[07/10/2019 - 01:44:09PM] 
001BC78F|Fallout4.esm
00181909|Fallout4.esm
001A8E71|Fallout4.esm
0008CC63|Fallout4.esm
0008CC8B|Fallout4.esm
001A8E70|Fallout4.esm
001A8E6B|Fallout4.esm
001A8E69|Fallout4.esm
000BAF40|Fallout4.esm
000BADF8|Fallout4.esm
000BADF7|Fallout4.esm
000BADF1|Fallout4.esm
000BADF0|Fallout4.esm
000BADE8|Fallout4.esm
000BADE7|Fallout4.esm
000BADE6|Fallout4.esm
000BADE5|Fallout4.esm
000BADE4|Fallout4.esm
0008CCA9|Fallout4.esm
0008CC9B|Fallout4.esm
0008CC9A|Fallout4.esm
0008CC98|Fallout4.esm
0008CC97|Fallout4.esm
0008CC96|Fallout4.esm
0008CC95|Fallout4.esm
0008CC94|Fallout4.esm
0008CC93|Fallout4.esm
0008CC92|Fallout4.esm
0008CC91|Fallout4.esm
0008CC90|Fallout4.esm
0008CC87|Fallout4.esm
0008CC6B|Fallout4.esm
0008CC62|Fallout4.esm
0008CC61|Fallout4.esm
0008CC5F|Fallout4.esm
0008CC5E|Fallout4.esm
0008CC5D|Fallout4.esm
0008CC5C|Fallout4.esm
0008CC5B|Fallout4.esm
0008CC5A|Fallout4.esm
0008CC59|Fallout4.esm
0008CC58|Fallout4.esm
0008CC57|Fallout4.esm
0008CC56|Fallout4.esm
0008CC54|Fallout4.esm
0008CC53|Fallout4.esm
0008CC52|Fallout4.esm
0008CC51|Fallout4.esm
0008CC4F|Fallout4.esm
0008CC4E|Fallout4.esm
0008CC4D|Fallout4.esm
0008CC4B|Fallout4.esm
0008CC4A|Fallout4.esm
0008C2F7|Fallout4.esm
0008C2F6|Fallout4.esm
0008C2F5|Fallout4.esm
0008C2F3|Fallout4.esm
0008C2F2|Fallout4.esm
0005C383|Fallout4.esm
0005C381|Fallout4.esm
0005C380|Fallout4.esm
0005C37F|Fallout4.esm
0005C37E|Fallout4.esm
0005C37D|Fallout4.esm
0005C34C|Fallout4.esm
0005AD27|Fallout4.esm
0005AD06|Fallout4.esm
0005AD05|Fallout4.esm
0005AD04|Fallout4.esm
000BA309|Fallout4.esm
00181908|Fallout4.esm
001B5650|Fallout4.esm
000B9794|Fallout4.esm
0008F56D|Fallout4.esm
0008F56C|Fallout4.esm
0008F56B|Fallout4.esm
0008F56A|Fallout4.esm
0008F569|Fallout4.esm
0008F568|Fallout4.esm
0008F567|Fallout4.esm
0008F565|Fallout4.esm
0008F564|Fallout4.esm
0008F563|Fallout4.esm
0008F562|Fallout4.esm
0008F561|Fallout4.esm
0008F560|Fallout4.esm
0008F55F|Fallout4.esm
0008F55E|Fallout4.esm
0008F55D|Fallout4.esm
0008F55C|Fallout4.esm
0008F55B|Fallout4.esm
0008F558|Fallout4.esm
0008CCDD|Fallout4.esm
0002C279|Fallout4.esm
000AF0D1|Fallout4.esm
000AF0D2|Fallout4.esm
000AF0D3|Fallout4.esm
000AF0D4|Fallout4.esm
000AF0D5|Fallout4.esm
000AF0D9|Fallout4.esm
000AF0DC|Fallout4.esm
000AF0DD|Fallout4.esm
000AF0DF|Fallout4.esm
000AF0E0|Fallout4.esm
0008F571|Fallout4.esm
001AB80D|Fallout4.esm
001B05E3|Fallout4.esm
001B05E6|Fallout4.esm
001B05E7|Fallout4.esm
001C1442|Fallout4.esm
001A8E79|Fallout4.esm
0005C398|Fallout4.esm
0005C399|Fallout4.esm
0008CCB5|Fallout4.esm
0008CCB7|Fallout4.esm
0008CCCC|Fallout4.esm
0008CCCD|Fallout4.esm
0008CCCE|Fallout4.esm
0008CCCF|Fallout4.esm
0008F55A|Fallout4.esm
0008F559|Fallout4.esm
00140EFF|Fallout4.esm
00140F00|Fallout4.esm
0008CCB8|Fallout4.esm
00112FF0|Fallout4.esm
001A8E78|Fallout4.esm
00144193|Fallout4.esm
00144192|Fallout4.esm
0014418D|Fallout4.esm
00144189|Fallout4.esm
00144188|Fallout4.esm
00144187|Fallout4.esm
00144186|Fallout4.esm
00144185|Fallout4.esm
00144180|Fallout4.esm
0014417F|Fallout4.esm
0014417E|Fallout4.esm
0014413C|Fallout4.esm
0014413B|Fallout4.esm
0014413A|Fallout4.esm
00144139|Fallout4.esm
00144138|Fallout4.esm
00144137|Fallout4.esm
000B9797|Fallout4.esm
000B9795|Fallout4.esm
002192B3|Fallout4.esm
001B5725|Fallout4.esm
002174E3|Fallout4.esm
0021929F|Fallout4.esm
002192A0|Fallout4.esm
001F7144|Fallout4.esm
001B5651|Fallout4.esm
001B5652|Fallout4.esm
001B5653|Fallout4.esm
001B5654|Fallout4.esm
001B5655|Fallout4.esm
001B5656|Fallout4.esm
001B5663|Fallout4.esm
001B5666|Fallout4.esm
001B5667|Fallout4.esm
001B5668|Fallout4.esm
001B5669|Fallout4.esm
001B591F|Fallout4.esm
001EC7D6|Fallout4.esm
001FE0E1|Fallout4.esm
0005AD25|Fallout4.esm
0005C368|Fallout4.esm
000BADF2|Fallout4.esm
000BADF4|Fallout4.esm
000BADF5|Fallout4.esm
000BADF6|Fallout4.esm
002490DA|Fallout4.esm
002490DC|Fallout4.esm
002490DD|Fallout4.esm
002490DE|Fallout4.esm
002490DF|Fallout4.esm
002490E0|Fallout4.esm
001A8E7A|Fallout4.esm
[07/10/2019 - 01:44:09PM] Log closed
