[07/10/2019 - 01:43:37PM] 1463485 log opened (PC-64)
[07/10/2019 - 01:43:37PM] 
001BB619|Fallout4.esm
00217563|Fallout4.esm
0023AA53|Fallout4.esm
000D1615|Fallout4.esm
000D1612|Fallout4.esm
000C8D29|Fallout4.esm
000C8C9A|Fallout4.esm
000C8C99|Fallout4.esm
000C8C21|Fallout4.esm
000C8BFE|Fallout4.esm
000C8BFB|Fallout4.esm
0013046F|Fallout4.esm
00130470|Fallout4.esm
0013048D|Fallout4.esm
0013048E|Fallout4.esm
00130490|Fallout4.esm
001BB605|Fallout4.esm
0023D7B6|Fallout4.esm
000C8C0A|Fallout4.esm
000C8C16|Fallout4.esm
000C8D2A|Fallout4.esm
000D1611|Fallout4.esm
000D1613|Fallout4.esm
000D1614|Fallout4.esm
001304E0|Fallout4.esm
001304DF|Fallout4.esm
001304DE|Fallout4.esm
001304DD|Fallout4.esm
00130492|Fallout4.esm
00130491|Fallout4.esm
0013048F|Fallout4.esm
0013048C|Fallout4.esm
0013048A|Fallout4.esm
00130488|Fallout4.esm
00130487|Fallout4.esm
00130486|Fallout4.esm
00130485|Fallout4.esm
00130484|Fallout4.esm
00130483|Fallout4.esm
00130482|Fallout4.esm
00130481|Fallout4.esm
0013047E|Fallout4.esm
0013047D|Fallout4.esm
0013047C|Fallout4.esm
0013047B|Fallout4.esm
0013047A|Fallout4.esm
00130479|Fallout4.esm
00130478|Fallout4.esm
00130477|Fallout4.esm
00130476|Fallout4.esm
00130475|Fallout4.esm
00130474|Fallout4.esm
00130473|Fallout4.esm
00130471|Fallout4.esm
00130472|Fallout4.esm
000D161E|Fallout4.esm
000D1607|Fallout4.esm
000C8D2B|Fallout4.esm
000C8C89|Fallout4.esm
000C8C88|Fallout4.esm
000C8C85|Fallout4.esm
000C8C02|Fallout4.esm
000C8C01|Fallout4.esm
001BB62A|Fallout4.esm
001BB62B|Fallout4.esm
001BB62C|Fallout4.esm
001CD30C|Fallout4.esm
001EC9E0|Fallout4.esm
001EC9E1|Fallout4.esm
001EC9E2|Fallout4.esm
002381A5|Fallout4.esm
0023D7B8|Fallout4.esm
0023D7BA|Fallout4.esm
000A06EB|Fallout4.esm
000A06EA|Fallout4.esm
000A06E8|Fallout4.esm
000A06F8|Fallout4.esm
000A06FD|Fallout4.esm
000A06A8|Fallout4.esm
001A6CC9|Fallout4.esm
001A6CCB|Fallout4.esm
001BDF5E|Fallout4.esm
001E396A|Fallout4.esm
001A6CCA|Fallout4.esm
001A6CC0|Fallout4.esm
001A6CBE|Fallout4.esm
001A6CC3|Fallout4.esm
001A6CC2|Fallout4.esm
001A6CBF|Fallout4.esm
001A6CCD|Fallout4.esm
001A6CC5|Fallout4.esm
001A6CC1|Fallout4.esm
001A6CCC|Fallout4.esm
001A6CC6|Fallout4.esm
00188BEE|Fallout4.esm
00148CF6|Fallout4.esm
000A06F6|Fallout4.esm
00188C49|Fallout4.esm
00188C2E|Fallout4.esm
00188C2D|Fallout4.esm
00188C2C|Fallout4.esm
00188C2B|Fallout4.esm
00188C2A|Fallout4.esm
00188C29|Fallout4.esm
00188C28|Fallout4.esm
00188C27|Fallout4.esm
00188C26|Fallout4.esm
00188C25|Fallout4.esm
00188C24|Fallout4.esm
00188C23|Fallout4.esm
00188C22|Fallout4.esm
00188C21|Fallout4.esm
00188C20|Fallout4.esm
00188C1F|Fallout4.esm
00188C1E|Fallout4.esm
00188C1D|Fallout4.esm
00188C1C|Fallout4.esm
00188C1B|Fallout4.esm
00188C1A|Fallout4.esm
00188C19|Fallout4.esm
00188C18|Fallout4.esm
00188C0D|Fallout4.esm
00188C0C|Fallout4.esm
00188C06|Fallout4.esm
00188C05|Fallout4.esm
00188C04|Fallout4.esm
00188C03|Fallout4.esm
00188C02|Fallout4.esm
00188C01|Fallout4.esm
00188BFC|Fallout4.esm
00188BF5|Fallout4.esm
00188BF4|Fallout4.esm
00188BF3|Fallout4.esm
00188BF2|Fallout4.esm
00188BF1|Fallout4.esm
00188BF0|Fallout4.esm
00188BE6|Fallout4.esm
00188BE5|Fallout4.esm
00188BE4|Fallout4.esm
00188BE3|Fallout4.esm
001304F3|Fallout4.esm
001304F1|Fallout4.esm
001304F0|Fallout4.esm
001304EF|Fallout4.esm
001304EE|Fallout4.esm
001304ED|Fallout4.esm
001304EC|Fallout4.esm
001304EB|Fallout4.esm
001304EA|Fallout4.esm
001304E7|Fallout4.esm
001304E6|Fallout4.esm
001304E4|Fallout4.esm
001304E1|Fallout4.esm
000A0704|Fallout4.esm
000A06A3|Fallout4.esm
000A06FC|Fallout4.esm
000A06FB|Fallout4.esm
000A06FA|Fallout4.esm
000A06F3|Fallout4.esm
000A06F2|Fallout4.esm
000A06EE|Fallout4.esm
000A06E7|Fallout4.esm
000A06E2|Fallout4.esm
000A06B3|Fallout4.esm
000A06B2|Fallout4.esm
000A06AF|Fallout4.esm
000A06AE|Fallout4.esm
000A06AD|Fallout4.esm
000A06AC|Fallout4.esm
000A06AB|Fallout4.esm
000A06AA|Fallout4.esm
000A06A9|Fallout4.esm
000A06A4|Fallout4.esm
000C8C00|Fallout4.esm
000C8C0B|Fallout4.esm
000C8C0C|Fallout4.esm
000C8C83|Fallout4.esm
000C8C84|Fallout4.esm
000C8C86|Fallout4.esm
000C8C87|Fallout4.esm
000C8D18|Fallout4.esm
000C8D19|Fallout4.esm
000C8D26|Fallout4.esm
00148CF8|Fallout4.esm
001A6CC4|Fallout4.esm
001A6CC7|Fallout4.esm
001BB51F|Fallout4.esm
001BB617|Fallout4.esm
001BB618|Fallout4.esm
001BB61A|Fallout4.esm
001BB632|Fallout4.esm
001BB64B|Fallout4.esm
001BB64C|Fallout4.esm
001BB64D|Fallout4.esm
001BF03E|Fallout4.esm
001CD30D|Fallout4.esm
00239536|Fallout4.esm
00239BE1|Fallout4.esm
0023A07B|Fallout4.esm
0024905B|Fallout4.esm
001BF066|Fallout4.esm
001BF065|Fallout4.esm
001BF064|Fallout4.esm
001BF085|Fallout4.esm
001BDF46|Fallout4.esm
001BDF47|Fallout4.esm
001BDF59|Fallout4.esm
001BDF5A|Fallout4.esm
001BDF5B|Fallout4.esm
001BDF5C|Fallout4.esm
001BDF5D|Fallout4.esm
[07/10/2019 - 01:43:37PM] Log closed
