[07/10/2019 - 02:02:33PM] 1476933 log opened (PC-64)
[07/10/2019 - 02:02:33PM] 
001EAD6E|Fallout4.esm
0017692D|Fallout4.esm
0017692E|Fallout4.esm
00238942|Fallout4.esm
00238941|Fallout4.esm
002388F6|Fallout4.esm
00238940|Fallout4.esm
0023893C|Fallout4.esm
0017692F|Fallout4.esm
00176909|Fallout4.esm
00176920|Fallout4.esm
0017691F|Fallout4.esm
00168250|Fallout4.esm
002389F7|Fallout4.esm
002389F8|Fallout4.esm
002389FC|Fallout4.esm
002389FD|Fallout4.esm
002389FF|Fallout4.esm
00238A06|Fallout4.esm
00168265|Fallout4.esm
0016822B|Fallout4.esm
000D213B|Fallout4.esm
000D2137|Fallout4.esm
000D2136|Fallout4.esm
000D2135|Fallout4.esm
000D2132|Fallout4.esm
000D2131|Fallout4.esm
000D2130|Fallout4.esm
001E8159|Fallout4.esm
001E8158|Fallout4.esm
001E8157|Fallout4.esm
001E8156|Fallout4.esm
001E8148|Fallout4.esm
001E8147|Fallout4.esm
001E8146|Fallout4.esm
001E8145|Fallout4.esm
001E8144|Fallout4.esm
001E8143|Fallout4.esm
001E8142|Fallout4.esm
001E8141|Fallout4.esm
001E8140|Fallout4.esm
001E813F|Fallout4.esm
001E813E|Fallout4.esm
001E813D|Fallout4.esm
001E813C|Fallout4.esm
001E813B|Fallout4.esm
001E813A|Fallout4.esm
001E8139|Fallout4.esm
001E8136|Fallout4.esm
001E8135|Fallout4.esm
001E83EE|Fallout4.esm
001E83EF|Fallout4.esm
00176927|Fallout4.esm
0016827B|Fallout4.esm
00238935|Fallout4.esm
00238934|Fallout4.esm
00238902|Fallout4.esm
001C4C55|Fallout4.esm
001C4C49|Fallout4.esm
0017692C|Fallout4.esm
0017692A|Fallout4.esm
00176928|Fallout4.esm
00176922|Fallout4.esm
00176921|Fallout4.esm
0017691E|Fallout4.esm
0017691D|Fallout4.esm
0017691C|Fallout4.esm
0017691B|Fallout4.esm
0017691A|Fallout4.esm
00176919|Fallout4.esm
00176918|Fallout4.esm
00176917|Fallout4.esm
00176916|Fallout4.esm
00176915|Fallout4.esm
00176914|Fallout4.esm
00176913|Fallout4.esm
00176912|Fallout4.esm
00176911|Fallout4.esm
00176910|Fallout4.esm
0017690F|Fallout4.esm
0017690E|Fallout4.esm
0017690D|Fallout4.esm
0017690C|Fallout4.esm
0017690B|Fallout4.esm
00176908|Fallout4.esm
00176907|Fallout4.esm
0016827C|Fallout4.esm
00168273|Fallout4.esm
0016893D|Fallout4.esm
00238A07|Fallout4.esm
00240CDD|Fallout4.esm
00240CDE|Fallout4.esm
0016827D|Fallout4.esm
0016827E|Fallout4.esm
00238904|Fallout4.esm
00238905|Fallout4.esm
00238906|Fallout4.esm
00238907|Fallout4.esm
00238908|Fallout4.esm
00238909|Fallout4.esm
[07/10/2019 - 02:02:33PM] Log closed
