[07/10/2019 - 01:58:11PM] 1495694 log opened (PC-64)
[07/10/2019 - 01:58:11PM] 
001FDE93|Fallout4.esm
001219E4|Fallout4.esm
001219E6|Fallout4.esm
00121A26|Fallout4.esm
0016D290|Fallout4.esm
0016D2C2|Fallout4.esm
0016D2B9|Fallout4.esm
0016D2B8|Fallout4.esm
0016D2DE|Fallout4.esm
0016D2DD|Fallout4.esm
0016D2D9|Fallout4.esm
0016D2BB|Fallout4.esm
0016D2BA|Fallout4.esm
0016D294|Fallout4.esm
0016D293|Fallout4.esm
0016D292|Fallout4.esm
0016D28A|Fallout4.esm
00121A2C|Fallout4.esm
00121A2B|Fallout4.esm
00121A29|Fallout4.esm
00121A27|Fallout4.esm
001219F3|Fallout4.esm
001219F2|Fallout4.esm
001219F0|Fallout4.esm
001219EF|Fallout4.esm
001219EE|Fallout4.esm
001219ED|Fallout4.esm
001219E8|Fallout4.esm
001219E7|Fallout4.esm
001219E5|Fallout4.esm
001219E3|Fallout4.esm
001219E2|Fallout4.esm
001219E1|Fallout4.esm
001219E0|Fallout4.esm
001219DF|Fallout4.esm
001219DE|Fallout4.esm
0016D2CC|Fallout4.esm
[07/10/2019 - 01:58:11PM] Log closed
