[07/10/2019 - 01:39:33PM] 150054 log opened (PC-64)
[07/10/2019 - 01:39:33PM] 
00141E2E|Fallout4.esm
001D28B6|Fallout4.esm
001D28C6|Fallout4.esm
001D28C7|Fallout4.esm
001D28C8|Fallout4.esm
001D28C9|Fallout4.esm
001D28E5|Fallout4.esm
00246C49|Fallout4.esm
00249CBA|Fallout4.esm
00249CBB|Fallout4.esm
00249CBC|Fallout4.esm
00249CBD|Fallout4.esm
00072804|Fallout4.esm
00072805|Fallout4.esm
0007285F|Fallout4.esm
00072866|Fallout4.esm
00072867|Fallout4.esm
0007280C|Fallout4.esm
00246C4A|Fallout4.esm
00246C4B|Fallout4.esm
00246C4C|Fallout4.esm
00246C4D|Fallout4.esm
00246C4E|Fallout4.esm
00072864|Fallout4.esm
00072861|Fallout4.esm
00072860|Fallout4.esm
0007285E|Fallout4.esm
00072856|Fallout4.esm
00072808|Fallout4.esm
00072807|Fallout4.esm
00072806|Fallout4.esm
00065845|Fallout4.esm
00065841|Fallout4.esm
00065840|Fallout4.esm
0006583F|Fallout4.esm
00065831|Fallout4.esm
00065830|Fallout4.esm
0006582F|Fallout4.esm
0006582E|Fallout4.esm
0006582D|Fallout4.esm
0006582C|Fallout4.esm
0006582B|Fallout4.esm
0006582A|Fallout4.esm
00024963|Fallout4.esm
00024964|Fallout4.esm
00024966|Fallout4.esm
00024967|Fallout4.esm
0002499E|Fallout4.esm
0002499F|Fallout4.esm
000249A0|Fallout4.esm
000249A5|Fallout4.esm
000249A6|Fallout4.esm
000249A7|Fallout4.esm
000249E2|Fallout4.esm
000249F4|Fallout4.esm
00024A21|Fallout4.esm
00024A2A|Fallout4.esm
00024A3D|Fallout4.esm
00024A3E|Fallout4.esm
00024A41|Fallout4.esm
00024A71|Fallout4.esm
00024A97|Fallout4.esm
00024A9A|Fallout4.esm
00024A9C|Fallout4.esm
001955B5|Fallout4.esm
00246C48|Fallout4.esm
001C1463|Fallout4.esm
[07/10/2019 - 01:39:33PM] Log closed
