[07/10/2019 - 02:08:21PM] 151806 log opened (PC-64)
[07/10/2019 - 02:08:21PM] 
00056F83|Fallout4.esm
00197954|Fallout4.esm
000359B3|Fallout4.esm
000A0E07|Fallout4.esm
000A2CC6|Fallout4.esm
000AE115|Fallout4.esm
0005E2CA|Fallout4.esm
000AD527|Fallout4.esm
000AD526|Fallout4.esm
000AE0F0|Fallout4.esm
000AE0F2|Fallout4.esm
000AE0FD|Fallout4.esm
000AE0FA|Fallout4.esm
000AE0F9|Fallout4.esm
0018E2C4|Fallout4.esm
0018E2C3|Fallout4.esm
0018E2C2|Fallout4.esm
000AE123|Fallout4.esm
000AE122|Fallout4.esm
000AE120|Fallout4.esm
000AE11E|Fallout4.esm
000AE11B|Fallout4.esm
000AE119|Fallout4.esm
000AE10F|Fallout4.esm
000AE108|Fallout4.esm
000AE116|Fallout4.esm
000AE112|Fallout4.esm
000AE109|Fallout4.esm
000AE103|Fallout4.esm
000AE0FB|Fallout4.esm
000AE0F8|Fallout4.esm
000AE0C2|Fallout4.esm
0005E2CD|Fallout4.esm
0005E2CB|Fallout4.esm
0005E2C8|Fallout4.esm
0005E2C2|Fallout4.esm
0005E2C0|Fallout4.esm
0005E2B7|Fallout4.esm
0005E2B5|Fallout4.esm
0005E2B3|Fallout4.esm
0005E2B4|Fallout4.esm
0005E2B9|Fallout4.esm
0005E2B8|Fallout4.esm
0005E2B6|Fallout4.esm
00027927|Fallout4.esm
0019797E|Fallout4.esm
00197980|Fallout4.esm
0001F86E|Fallout4.esm
001AB6B9|Fallout4.esm
000AD560|Fallout4.esm
00064A4E|Fallout4.esm
0005E29B|Fallout4.esm
000AD507|Fallout4.esm
000AD506|Fallout4.esm
000AEE81|Fallout4.esm
00064A34|Fallout4.esm
001ACF37|Fallout4.esm
000AD512|Fallout4.esm
000AD50D|Fallout4.esm
000670B6|Fallout4.esm
0018C32D|Fallout4.esm
0018C32C|Fallout4.esm
0018C325|Fallout4.esm
00181A7E|Fallout4.esm
00181A7D|Fallout4.esm
0002819D|Fallout4.esm
00023544|Fallout4.esm
0018150E|Fallout4.esm
0007FB3A|Fallout4.esm
001818F4|Fallout4.esm
000B0CDF|Fallout4.esm
0018151E|Fallout4.esm
00056F5E|Fallout4.esm
000670AF|Fallout4.esm
0002A665|Fallout4.esm
001ACF35|Fallout4.esm
00181717|Fallout4.esm
00181980|Fallout4.esm
0005DC89|Fallout4.esm
0005DC8A|Fallout4.esm
000AEDA5|Fallout4.esm
0002A66E|Fallout4.esm
0002A671|Fallout4.esm
001ACF33|Fallout4.esm
00181AD5|Fallout4.esm
000BDD9E|Fallout4.esm
000BDD9F|Fallout4.esm
0019C619|Fallout4.esm
0005E255|Fallout4.esm
00056FB2|Fallout4.esm
0003FF3B|Fallout4.esm
000AE0C3|Fallout4.esm
0003FF4D|Fallout4.esm
0005E26E|Fallout4.esm
000B0D63|Fallout4.esm
0008621B|Fallout4.esm
001814C2|Fallout4.esm
001814C6|Fallout4.esm
00056FB4|Fallout4.esm
0008390B|Fallout4.esm
0005E239|Fallout4.esm
000B0D62|Fallout4.esm
0002788A|Fallout4.esm
000234D9|Fallout4.esm
00064A3A|Fallout4.esm
000AE140|Fallout4.esm
0005E2A2|Fallout4.esm
0005E28F|Fallout4.esm
0005E29A|Fallout4.esm
00086224|Fallout4.esm
00181507|Fallout4.esm
00181508|Fallout4.esm
0003FF50|Fallout4.esm
0007FB44|Fallout4.esm
000AED48|Fallout4.esm
000236F0|Fallout4.esm
001815E5|Fallout4.esm
001817C3|Fallout4.esm
000AEE10|Fallout4.esm
0005E246|Fallout4.esm
00056F79|Fallout4.esm
0018172E|Fallout4.esm
001ACF38|Fallout4.esm
000BDD83|Fallout4.esm
00046A6C|Fallout4.esm
00046A6F|Fallout4.esm
0005E27A|Fallout4.esm
0005E2A7|Fallout4.esm
0006E613|Fallout4.esm
001815CF|Fallout4.esm
000244A2|Fallout4.esm
000244A3|Fallout4.esm
001ACF39|Fallout4.esm
000AE139|Fallout4.esm
000AE138|Fallout4.esm
000B0D0B|Fallout4.esm
00056FA7|Fallout4.esm
00046AEF|Fallout4.esm
000AEDF6|Fallout4.esm
001AB844|Fallout4.esm
001AB845|Fallout4.esm
00056FFF|Fallout4.esm
001813CF|Fallout4.esm
00056FEC|Fallout4.esm
001815F9|Fallout4.esm
00181A55|Fallout4.esm
001814AC|Fallout4.esm
0005E23E|Fallout4.esm
000A50EE|Fallout4.esm
00181B27|Fallout4.esm
0001B289|Fallout4.esm
0001B28B|Fallout4.esm
0003F8C4|Fallout4.esm
00181A08|Fallout4.esm
00181A07|Fallout4.esm
0006C710|Fallout4.esm
0005E233|Fallout4.esm
000B0D45|Fallout4.esm
000665C1|Fallout4.esm
0005E258|Fallout4.esm
000AE134|Fallout4.esm
00046A83|Fallout4.esm
00046A84|Fallout4.esm
00181A5B|Fallout4.esm
00055E31|Fallout4.esm
001817C2|Fallout4.esm
00181608|Fallout4.esm
000AEDFC|Fallout4.esm
000670B3|Fallout4.esm
0005E26F|Fallout4.esm
0005E23B|Fallout4.esm
000B0D37|Fallout4.esm
001815E1|Fallout4.esm
000AEDA1|Fallout4.esm
000AED3D|Fallout4.esm
000AEE7F|Fallout4.esm
001815D2|Fallout4.esm
000B9801|Fallout4.esm
001819E7|Fallout4.esm
0018173B|Fallout4.esm
0002353C|Fallout4.esm
000AEDD7|Fallout4.esm
0002A641|Fallout4.esm
00056FD5|Fallout4.esm
00181AE2|Fallout4.esm
00072A45|Fallout4.esm
0005E2A9|Fallout4.esm
00181B2A|Fallout4.esm
000AE14A|Fallout4.esm
000AEE44|Fallout4.esm
000244A7|Fallout4.esm
00181718|Fallout4.esm
000AED96|Fallout4.esm
000AED3F|Fallout4.esm
0018160E|Fallout4.esm
00181B03|Fallout4.esm
000518F7|Fallout4.esm
00055E2E|Fallout4.esm
000AE0C0|Fallout4.esm
00181843|Fallout4.esm
00056F80|Fallout4.esm
000B0CFB|Fallout4.esm
000AEE12|Fallout4.esm
0005E2C3|Fallout4.esm
001815E8|Fallout4.esm
000A8826|Fallout4.esm
00027EBD|Fallout4.esm
00181AE4|Fallout4.esm
0008621C|Fallout4.esm
0002367D|Fallout4.esm
00181757|Fallout4.esm
00181609|Fallout4.esm
000AEDCD|Fallout4.esm
000670AA|Fallout4.esm
0005E293|Fallout4.esm
00056FCE|Fallout4.esm
0005E259|Fallout4.esm
000276D3|Fallout4.esm
0005DC50|Fallout4.esm
000B0D46|Fallout4.esm
000BDD9C|Fallout4.esm
000AEDE0|Fallout4.esm
00181ABD|Fallout4.esm
0005E237|Fallout4.esm
00056F63|Fallout4.esm
0005DC80|Fallout4.esm
00181758|Fallout4.esm
0018184B|Fallout4.esm
000AEDC0|Fallout4.esm
001815E7|Fallout4.esm
00055E32|Fallout4.esm
00064A54|Fallout4.esm
000AEE80|Fallout4.esm
00181A99|Fallout4.esm
001818EF|Fallout4.esm
000549DF|Fallout4.esm
0005E26D|Fallout4.esm
00086223|Fallout4.esm
00181528|Fallout4.esm
00022C12|Fallout4.esm
00046A78|Fallout4.esm
00060D6D|Fallout4.esm
0005C6E6|Fallout4.esm
0005DC69|Fallout4.esm
00072A44|Fallout4.esm
000AD4F5|Fallout4.esm
0005DC5E|Fallout4.esm
0018B316|Fallout4.esm
00056FE8|Fallout4.esm
00181B2B|Fallout4.esm
00046AA4|Fallout4.esm
00152D9B|Fallout4.esm
00046A85|Fallout4.esm
0005DC79|Fallout4.esm
00181A06|Fallout4.esm
000B0D51|Fallout4.esm
000AEEA3|Fallout4.esm
0005E249|Fallout4.esm
00023558|Fallout4.esm
00023618|Fallout4.esm
000AEE5F|Fallout4.esm
00181511|Fallout4.esm
00064A57|Fallout4.esm
00056FA8|Fallout4.esm
0008621F|Fallout4.esm
0019478E|Fallout4.esm
0006709C|Fallout4.esm
0001B28A|Fallout4.esm
0005C6F1|Fallout4.esm
00056F59|Fallout4.esm
0005E2A8|Fallout4.esm
000B0CB5|Fallout4.esm
001ACF32|Fallout4.esm
0018160A|Fallout4.esm
000670A6|Fallout4.esm
000AEE1C|Fallout4.esm
000A8827|Fallout4.esm
000AED9A|Fallout4.esm
00181A98|Fallout4.esm
00046BDA|Fallout4.esm
001814AD|Fallout4.esm
001817BF|Fallout4.esm
000AEE6C|Fallout4.esm
00057019|Fallout4.esm
0003FF58|Fallout4.esm
00056FA6|Fallout4.esm
00027558|Fallout4.esm
00181AF5|Fallout4.esm
0005DC51|Fallout4.esm
00181ADC|Fallout4.esm
0008390C|Fallout4.esm
00181A57|Fallout4.esm
000276DD|Fallout4.esm
000AE0BE|Fallout4.esm
000B0C97|Fallout4.esm
00181AD7|Fallout4.esm
000AEE11|Fallout4.esm
00181A7C|Fallout4.esm
00181B06|Fallout4.esm
0003FF57|Fallout4.esm
00046A74|Fallout4.esm
000AE14F|Fallout4.esm
00181AE0|Fallout4.esm
00055E5A|Fallout4.esm
00027EBC|Fallout4.esm
00181AD8|Fallout4.esm
0002787A|Fallout4.esm
000AEE1F|Fallout4.esm
00064A52|Fallout4.esm
000BDD63|Fallout4.esm
00181509|Fallout4.esm
000AEDBD|Fallout4.esm
0005C6F9|Fallout4.esm
000BDD79|Fallout4.esm
0003FF3C|Fallout4.esm
000236C7|Fallout4.esm
00181525|Fallout4.esm
0004A14C|Fallout4.esm
000665C0|Fallout4.esm
00066995|Fallout4.esm
000AEE65|Fallout4.esm
0008390A|Fallout4.esm
000B0C91|Fallout4.esm
00056FED|Fallout4.esm
00181B07|Fallout4.esm
00181761|Fallout4.esm
0003FED6|Fallout4.esm
0005E232|Fallout4.esm
0018160B|Fallout4.esm
0005E27B|Fallout4.esm
00181ADA|Fallout4.esm
000AED6A|Fallout4.esm
00197956|Fallout4.esm
00086231|Fallout4.esm
0008390D|Fallout4.esm
000AEE48|Fallout4.esm
001815EC|Fallout4.esm
000AD50A|Fallout4.esm
000AD4FD|Fallout4.esm
0002A652|Fallout4.esm
000236E9|Fallout4.esm
0019C603|Fallout4.esm
000AEEC2|Fallout4.esm
000AD505|Fallout4.esm
00181AD0|Fallout4.esm
0005C6ED|Fallout4.esm
0002633C|Fallout4.esm
001815EA|Fallout4.esm
000665C3|Fallout4.esm
001815E3|Fallout4.esm
00181AC9|Fallout4.esm
00181927|Fallout4.esm
00053266|Fallout4.esm
0005E251|Fallout4.esm
0003D3AC|Fallout4.esm
00181607|Fallout4.esm
000B0D73|Fallout4.esm
001816F5|Fallout4.esm
000AE152|Fallout4.esm
001816F9|Fallout4.esm
0004A14D|Fallout4.esm
00181523|Fallout4.esm
00056F60|Fallout4.esm
00056FEB|Fallout4.esm
00181ACB|Fallout4.esm
0005DC5A|Fallout4.esm
00086228|Fallout4.esm
00086218|Fallout4.esm
0005DC72|Fallout4.esm
00046A7D|Fallout4.esm
00181AC5|Fallout4.esm
0005DC54|Fallout4.esm
0008622C|Fallout4.esm
001A62D5|Fallout4.esm
000B0C99|Fallout4.esm
00181AB7|Fallout4.esm
0005258B|Fallout4.esm
000AE0C8|Fallout4.esm
000B0D3E|Fallout4.esm
0005DC57|Fallout4.esm
00181AFE|Fallout4.esm
00028170|Fallout4.esm
00181AD2|Fallout4.esm
0005E282|Fallout4.esm
000AE164|Fallout4.esm
00181533|Fallout4.esm
00023682|Fallout4.esm
000AEE17|Fallout4.esm
0007E297|Fallout4.esm
00181AF8|Fallout4.esm
00082527|Fallout4.esm
00181B28|Fallout4.esm
0005E222|Fallout4.esm
0005E223|Fallout4.esm
000AD4F2|Fallout4.esm
000AED3E|Fallout4.esm
00152DC3|Fallout4.esm
00181AD3|Fallout4.esm
00181B1A|Fallout4.esm
000A50E8|Fallout4.esm
0005DC73|Fallout4.esm
00181513|Fallout4.esm
00181ACD|Fallout4.esm
00046A75|Fallout4.esm
000AE12F|Fallout4.esm
0005E264|Fallout4.esm
00029BB0|Fallout4.esm
000AEE53|Fallout4.esm
0005E2A4|Fallout4.esm
000AEE46|Fallout4.esm
00023670|Fallout4.esm
000AE0CE|Fallout4.esm
000AD563|Fallout4.esm
0005E27C|Fallout4.esm
000B0C8E|Fallout4.esm
0005E2BD|Fallout4.esm
0005E284|Fallout4.esm
001817C0|Fallout4.esm
00181B2F|Fallout4.esm
00046BCA|Fallout4.esm
00181AC2|Fallout4.esm
000AE148|Fallout4.esm
000B0D31|Fallout4.esm
000AEE0B|Fallout4.esm
0005E29C|Fallout4.esm
000244A8|Fallout4.esm
0005E248|Fallout4.esm
000BDD77|Fallout4.esm
000AED69|Fallout4.esm
0005E2A3|Fallout4.esm
0018184C|Fallout4.esm
00152D9C|Fallout4.esm
00181AEA|Fallout4.esm
000BDD74|Fallout4.esm
000AED3B|Fallout4.esm
001948D2|Fallout4.esm
00181A0A|Fallout4.esm
000AEDD4|Fallout4.esm
000AEE3E|Fallout4.esm
002174C2|Fallout4.esm
00181524|Fallout4.esm
00064A55|Fallout4.esm
0005C6DB|Fallout4.esm
000A7914|Fallout4.esm
00181AEB|Fallout4.esm
000AEE8B|Fallout4.esm
0018150F|Fallout4.esm
000AEEAD|Fallout4.esm
00181756|Fallout4.esm
00023598|Fallout4.esm
001815EB|Fallout4.esm
00046BC4|Fallout4.esm
0005C6F2|Fallout4.esm
00181AF2|Fallout4.esm
0005E281|Fallout4.esm
0006FAE2|Fallout4.esm
000670A0|Fallout4.esm
000AEE7B|Fallout4.esm
0003F8C3|Fallout4.esm
00181AD6|Fallout4.esm
00056FD4|Fallout4.esm
00181922|Fallout4.esm
000AE0C1|Fallout4.esm
00181B19|Fallout4.esm
000A7915|Fallout4.esm
00055E2F|Fallout4.esm
0018175F|Fallout4.esm
00181B1D|Fallout4.esm
001813D3|Fallout4.esm
0005C6E0|Fallout4.esm
000AEDA8|Fallout4.esm
00086225|Fallout4.esm
00181B2E|Fallout4.esm
000AE0CF|Fallout4.esm
000AE10C|Fallout4.esm
001818FC|Fallout4.esm
000AE149|Fallout4.esm
00181A9A|Fallout4.esm
00055E12|Fallout4.esm
0003FED3|Fallout4.esm
00046A82|Fallout4.esm
00046A80|Fallout4.esm
001815D1|Fallout4.esm
000AEDF0|Fallout4.esm
0018150C|Fallout4.esm
0003D3AF|Fallout4.esm
00181765|Fallout4.esm
000B0C90|Fallout4.esm
001814BF|Fallout4.esm
0005E2CC|Fallout4.esm
0018175D|Fallout4.esm
000AED40|Fallout4.esm
000BDD71|Fallout4.esm
00181AE3|Fallout4.esm
0005DC78|Fallout4.esm
0004B73F|Fallout4.esm
00181763|Fallout4.esm
0006E616|Fallout4.esm
00181ADE|Fallout4.esm
00072A40|Fallout4.esm
001813B1|Fallout4.esm
0005DC4F|Fallout4.esm
000AD4E9|Fallout4.esm
00181B1E|Fallout4.esm
001818FA|Fallout4.esm
0006C742|Fallout4.esm
0018151C|Fallout4.esm
00181A54|Fallout4.esm
0008157D|Fallout4.esm
000665C9|Fallout4.esm
00181B1B|Fallout4.esm
0003FF53|Fallout4.esm
0005E245|Fallout4.esm
000234D6|Fallout4.esm
000AED94|Fallout4.esm
0005E22B|Fallout4.esm
000AEE2C|Fallout4.esm
000AEE8F|Fallout4.esm
00181514|Fallout4.esm
000AED78|Fallout4.esm
00181AEE|Fallout4.esm
0021A174|Fallout4.esm
0003FEDD|Fallout4.esm
001818F1|Fallout4.esm
0005DC5B|Fallout4.esm
00046BC2|Fallout4.esm
0001DAAF|Fallout4.esm
00086226|Fallout4.esm
000AED99|Fallout4.esm
00181B25|Fallout4.esm
00022BEC|Fallout4.esm
000B0D72|Fallout4.esm
00181A56|Fallout4.esm
0005DC7B|Fallout4.esm
0005C6E9|Fallout4.esm
0018150B|Fallout4.esm
0005C6DD|Fallout4.esm
00075F3D|Fallout4.esm
000B0D43|Fallout4.esm
000AE13B|Fallout4.esm
0005DC74|Fallout4.esm
000236C6|Fallout4.esm
00064A3E|Fallout4.esm
00023687|Fallout4.esm
0018175A|Fallout4.esm
0005E2AC|Fallout4.esm
000665C7|Fallout4.esm
00181ACE|Fallout4.esm
00072A46|Fallout4.esm
000665B4|Fallout4.esm
000AEDF7|Fallout4.esm
0003FF29|Fallout4.esm
000B0C96|Fallout4.esm
000AD4E8|Fallout4.esm
001818F5|Fallout4.esm
00082529|Fallout4.esm
0005E2A0|Fallout4.esm
0018151F|Fallout4.esm
000AED42|Fallout4.esm
00046A7F|Fallout4.esm
000B0CF5|Fallout4.esm
000AEDFF|Fallout4.esm
001818F9|Fallout4.esm
00055E2B|Fallout4.esm
00028171|Fallout4.esm
000B0D50|Fallout4.esm
00064A56|Fallout4.esm
00181B1C|Fallout4.esm
000AE0C7|Fallout4.esm
000A50E9|Fallout4.esm
00072A47|Fallout4.esm
0005C6DF|Fallout4.esm
00020195|Fallout4.esm
0005E2A5|Fallout4.esm
00181ADB|Fallout4.esm
000B0D29|Fallout4.esm
00118F55|Fallout4.esm
000A50EB|Fallout4.esm
00181B1F|Fallout4.esm
00055E0A|Fallout4.esm
00181ABB|Fallout4.esm
0005DC65|Fallout4.esm
0005E24C|Fallout4.esm
001815F4|Fallout4.esm
00072A41|Fallout4.esm
00056F7E|Fallout4.esm
0005E286|Fallout4.esm
00181900|Fallout4.esm
001815ED|Fallout4.esm
000AD510|Fallout4.esm
0005E279|Fallout4.esm
000B94F7|Fallout4.esm
001814AB|Fallout4.esm
00181B26|Fallout4.esm
00083F14|Fallout4.esm
0022FC6A|Fallout4.esm
0005E247|Fallout4.esm
00181B24|Fallout4.esm
0002728A|Fallout4.esm
0018175E|Fallout4.esm
0005DC58|Fallout4.esm
000AE13A|Fallout4.esm
0005E283|Fallout4.esm
0005E234|Fallout4.esm
00022DBB|Fallout4.esm
00181762|Fallout4.esm
000235A7|Fallout4.esm
001815E4|Fallout4.esm
000AD509|Fallout4.esm
000AEDDF|Fallout4.esm
000AEDD9|Fallout4.esm
000AEE24|Fallout4.esm
000670B9|Fallout4.esm
001815DE|Fallout4.esm
000AEEBA|Fallout4.esm
0018160C|Fallout4.esm
0002A656|Fallout4.esm
00181A58|Fallout4.esm
000AEDE9|Fallout4.esm
00055E1F|Fallout4.esm
00181760|Fallout4.esm
00086222|Fallout4.esm
0005E229|Fallout4.esm
000BDD76|Fallout4.esm
000AED98|Fallout4.esm
000AED9E|Fallout4.esm
00181AD1|Fallout4.esm
0005E2B0|Fallout4.esm
000AEE3A|Fallout4.esm
00075315|Fallout4.esm
00023619|Fallout4.esm
00056FAA|Fallout4.esm
000AEDD5|Fallout4.esm
000AED8F|Fallout4.esm
000B0C78|Fallout4.esm
000AEE28|Fallout4.esm
00181AC3|Fallout4.esm
0018150A|Fallout4.esm
0006E614|Fallout4.esm
000AE147|Fallout4.esm
0007B619|Fallout4.esm
000B94F6|Fallout4.esm
000665C2|Fallout4.esm
00118F53|Fallout4.esm
0002350F|Fallout4.esm
000822D6|Fallout4.esm
00086214|Fallout4.esm
00181759|Fallout4.esm
0005C6E3|Fallout4.esm
00181A09|Fallout4.esm
001A0CAD|Fallout4.esm
000A50E7|Fallout4.esm
001890A0|Fallout4.esm
00056F5A|Fallout4.esm
00057000|Fallout4.esm
00181B05|Fallout4.esm
001815E0|Fallout4.esm
000AEDA4|Fallout4.esm
0006E618|Fallout4.esm
0018E359|Fallout4.esm
000273FF|Fallout4.esm
000AE11D|Fallout4.esm
001815D0|Fallout4.esm
0005DC52|Fallout4.esm
00064A3D|Fallout4.esm
001815D7|Fallout4.esm
00181AC8|Fallout4.esm
0005E269|Fallout4.esm
0003FF3E|Fallout4.esm
0018151D|Fallout4.esm
0019478F|Fallout4.esm
000AED7E|Fallout4.esm
0005E231|Fallout4.esm
000AEDE1|Fallout4.esm
00181A5A|Fallout4.esm
0002A640|Fallout4.esm
0007B61A|Fallout4.esm
000AEDF2|Fallout4.esm
00095707|Fallout4.esm
0005E268|Fallout4.esm
0018973E|Fallout4.esm
0002A658|Fallout4.esm
000235F2|Fallout4.esm
001815F3|Fallout4.esm
00118F54|Fallout4.esm
000AEE67|Fallout4.esm
000235AF|Fallout4.esm
000AEE7E|Fallout4.esm
00064A58|Fallout4.esm
00046A81|Fallout4.esm
00181B31|Fallout4.esm
0002AFE8|Fallout4.esm
00056FC6|Fallout4.esm
000AED89|Fallout4.esm
00181AEF|Fallout4.esm
0005E273|Fallout4.esm
00086221|Fallout4.esm
0005DC56|Fallout4.esm
0005E23D|Fallout4.esm
00046BC3|Fallout4.esm
001ACF3A|Fallout4.esm
00046BBF|Fallout4.esm
0005E225|Fallout4.esm
00046BC5|Fallout4.esm
00197955|Fallout4.esm
001813CC|Fallout4.esm
000AD4F6|Fallout4.esm
0005E254|Fallout4.esm
000AED90|Fallout4.esm
000549C4|Fallout4.esm
00056F61|Fallout4.esm
000665B5|Fallout4.esm
000B0CE5|Fallout4.esm
000BDD6D|Fallout4.esm
001815FA|Fallout4.esm
000AED97|Fallout4.esm
0005E26B|Fallout4.esm
000B0C8C|Fallout4.esm
0001B28E|Fallout4.esm
00056FA9|Fallout4.esm
0005E262|Fallout4.esm
00019A92|Fallout4.esm
001817BC|Fallout4.esm
00053319|Fallout4.esm
0005446D|Fallout4.esm
0005DC6A|Fallout4.esm
000AE0D5|Fallout4.esm
0005C6DE|Fallout4.esm
000AE137|Fallout4.esm
0003FF56|Fallout4.esm
000AED50|Fallout4.esm
00056F54|Fallout4.esm
0005E23C|Fallout4.esm
0018160F|Fallout4.esm
001815F2|Fallout4.esm
001815F5|Fallout4.esm
000AEDA3|Fallout4.esm
001818FF|Fallout4.esm
00181512|Fallout4.esm
000AEE3B|Fallout4.esm
00178DA5|Fallout4.esm
00181B01|Fallout4.esm
0003FEE3|Fallout4.esm
0005E285|Fallout4.esm
00056FB3|Fallout4.esm
0018171C|Fallout4.esm
00181A0E|Fallout4.esm
00181AC4|Fallout4.esm
00181B16|Fallout4.esm
00055E5B|Fallout4.esm
000AEE2A|Fallout4.esm
0005C6E1|Fallout4.esm
0005C6E4|Fallout4.esm
00056F62|Fallout4.esm
0018186D|Fallout4.esm
0005E24D|Fallout4.esm
000AD4F9|Fallout4.esm
0002A666|Fallout4.esm
000670AE|Fallout4.esm
000AE0C4|Fallout4.esm
001815E6|Fallout4.esm
000AE131|Fallout4.esm
00181B13|Fallout4.esm
0019795A|Fallout4.esm
00181AED|Fallout4.esm
00086227|Fallout4.esm
000BDD85|Fallout4.esm
001817BB|Fallout4.esm
00181AE1|Fallout4.esm
0009660E|Fallout4.esm
0018186C|Fallout4.esm
0005E261|Fallout4.esm
00181ABC|Fallout4.esm
0005DC62|Fallout4.esm
000AD4EA|Fallout4.esm
001815F7|Fallout4.esm
0018160D|Fallout4.esm
000AE133|Fallout4.esm
00181AF4|Fallout4.esm
000AEDA7|Fallout4.esm
0005DC88|Fallout4.esm
00056FD3|Fallout4.esm
000BDD73|Fallout4.esm
000BDD75|Fallout4.esm
000AE130|Fallout4.esm
00027881|Fallout4.esm
00181B17|Fallout4.esm
00181B18|Fallout4.esm
000AEDF4|Fallout4.esm
00181AF1|Fallout4.esm
0005E2AF|Fallout4.esm
0018175B|Fallout4.esm
0018173A|Fallout4.esm
00181752|Fallout4.esm
00181753|Fallout4.esm
00181754|Fallout4.esm
000AEDA0|Fallout4.esm
0007CE8D|Fallout4.esm
00082525|Fallout4.esm
000AEE2B|Fallout4.esm
0005E288|Fallout4.esm
0005E2BA|Fallout4.esm
0005E2AA|Fallout4.esm
0005E292|Fallout4.esm
0005E28E|Fallout4.esm
0005E24E|Fallout4.esm
0005E24B|Fallout4.esm
00181A59|Fallout4.esm
0005DC63|Fallout4.esm
00056F55|Fallout4.esm
0008622D|Fallout4.esm
0008621A|Fallout4.esm
00086219|Fallout4.esm
00056F73|Fallout4.esm
0002A64C|Fallout4.esm
000AEE45|Fallout4.esm
0005E287|Fallout4.esm
00181901|Fallout4.esm
001818FE|Fallout4.esm
001818FD|Fallout4.esm
000B0D1A|Fallout4.esm
00046A87|Fallout4.esm
00046AED|Fallout4.esm
00046BD4|Fallout4.esm
0003D3B0|Fallout4.esm
0002018C|Fallout4.esm
00181ACC|Fallout4.esm
00181AC7|Fallout4.esm
00181AC1|Fallout4.esm
00056F7C|Fallout4.esm
00056F72|Fallout4.esm
0003FF59|Fallout4.esm
000A50EF|Fallout4.esm
001815EE|Fallout4.esm
001815EF|Fallout4.esm
0002018B|Fallout4.esm
000A7900|Fallout4.esm
000360C0|Fallout4.esm
000B0C8B|Fallout4.esm
00181B00|Fallout4.esm
00053318|Fallout4.esm
000BDD70|Fallout4.esm
0018909F|Fallout4.esm
00181ADF|Fallout4.esm
0005E242|Fallout4.esm
0005E243|Fallout4.esm
0005E241|Fallout4.esm
000AED9C|Fallout4.esm
000AED9D|Fallout4.esm
000AED9F|Fallout4.esm
000AEDC6|Fallout4.esm
000AEDEC|Fallout4.esm
000BDD6E|Fallout4.esm
000AEE06|Fallout4.esm
000AEE14|Fallout4.esm
000AEE15|Fallout4.esm
001819EA|Fallout4.esm
001819E9|Fallout4.esm
001819E8|Fallout4.esm
001819C8|Fallout4.esm
00181926|Fallout4.esm
001818FB|Fallout4.esm
001818F0|Fallout4.esm
0018186E|Fallout4.esm
001817C4|Fallout4.esm
000B3437|Fallout4.esm
000AEEAA|Fallout4.esm
000AEE79|Fallout4.esm
000AEE68|Fallout4.esm
000AEE64|Fallout4.esm
0007E2C0|Fallout4.esm
0005E28D|Fallout4.esm
0005E289|Fallout4.esm
0004A148|Fallout4.esm
00028187|Fallout4.esm
00064A41|Fallout4.esm
0006C700|Fallout4.esm
0007B617|Fallout4.esm
00086217|Fallout4.esm
0008622B|Fallout4.esm
000AE11C|Fallout4.esm
0005E25B|Fallout4.esm
0005E256|Fallout4.esm
0005E27F|Fallout4.esm
0005E272|Fallout4.esm
0005E26C|Fallout4.esm
0005E26A|Fallout4.esm
0005326F|Fallout4.esm
00054489|Fallout4.esm
0005DC59|Fallout4.esm
0005DC5D|Fallout4.esm
0005DC61|Fallout4.esm
0005DC66|Fallout4.esm
0005DC87|Fallout4.esm
000B0C92|Fallout4.esm
000B0C9A|Fallout4.esm
000B0CE6|Fallout4.esm
000B0CE9|Fallout4.esm
000B0CEE|Fallout4.esm
001813B4|Fallout4.esm
001813D0|Fallout4.esm
00181473|Fallout4.esm
001814AE|Fallout4.esm
001815DF|Fallout4.esm
001815E2|Fallout4.esm
001815E9|Fallout4.esm
001815F1|Fallout4.esm
001815F6|Fallout4.esm
00181611|Fallout4.esm
00181612|Fallout4.esm
001816F7|Fallout4.esm
0005E2A1|Fallout4.esm
0005E29E|Fallout4.esm
0005E29D|Fallout4.esm
0005E25C|Fallout4.esm
00181A0D|Fallout4.esm
001819EF|Fallout4.esm
001819EE|Fallout4.esm
001819ED|Fallout4.esm
001819EC|Fallout4.esm
001819EB|Fallout4.esm
0019478D|Fallout4.esm
001814AF|Fallout4.esm
001814C0|Fallout4.esm
0005DC7E|Fallout4.esm
0005DC7F|Fallout4.esm
0005DC81|Fallout4.esm
000AEE1D|Fallout4.esm
000AEE20|Fallout4.esm
000AEE23|Fallout4.esm
000AEE27|Fallout4.esm
000AEE54|Fallout4.esm
000AEE5E|Fallout4.esm
000AEE63|Fallout4.esm
00057003|Fallout4.esm
000AEE0A|Fallout4.esm
0005E224|Fallout4.esm
000AEE13|Fallout4.esm
000AEE16|Fallout4.esm
000B94F5|Fallout4.esm
0007FF1A|Fallout4.esm
000AD516|Fallout4.esm
000A50EA|Fallout4.esm
0008471F|Fallout4.esm
00082528|Fallout4.esm
00082526|Fallout4.esm
000670B7|Fallout4.esm
0002368F|Fallout4.esm
000236BF|Fallout4.esm
0005703A|Fallout4.esm
0005E22D|Fallout4.esm
0005E22A|Fallout4.esm
0005E22F|Fallout4.esm
0005E238|Fallout4.esm
000BDD6F|Fallout4.esm
00181AEC|Fallout4.esm
00181AF0|Fallout4.esm
00181AF3|Fallout4.esm
00181AF6|Fallout4.esm
00181AF7|Fallout4.esm
00181AFC|Fallout4.esm
000AEDF3|Fallout4.esm
0005E230|Fallout4.esm
000AEDD6|Fallout4.esm
000AD513|Fallout4.esm
000AD514|Fallout4.esm
00181506|Fallout4.esm
0018150D|Fallout4.esm
001815CB|Fallout4.esm
001815CE|Fallout4.esm
000AE0C5|Fallout4.esm
0005E27D|Fallout4.esm
0018E346|Fallout4.esm
000B0D65|Fallout4.esm
00056F82|Fallout4.esm
00056F81|Fallout4.esm
00056F7F|Fallout4.esm
00020786|Fallout4.esm
0006709F|Fallout4.esm
00086216|Fallout4.esm
000A2C54|Fallout4.esm
000A2C57|Fallout4.esm
000A50EC|Fallout4.esm
000A50ED|Fallout4.esm
000AD4FC|Fallout4.esm
000B0C98|Fallout4.esm
000B0C93|Fallout4.esm
00197950|Fallout4.esm
0018B315|Fallout4.esm
0006E617|Fallout4.esm
00152DA0|Fallout4.esm
00181739|Fallout4.esm
0018175C|Fallout4.esm
00181764|Fallout4.esm
00181788|Fallout4.esm
001817BA|Fallout4.esm
001817BE|Fallout4.esm
001ACF34|Fallout4.esm
00181B29|Fallout4.esm
000665C8|Fallout4.esm
000AD55D|Fallout4.esm
00075317|Fallout4.esm
00074C9C|Fallout4.esm
0002A63F|Fallout4.esm
00057001|Fallout4.esm
00057048|Fallout4.esm
0005DC5C|Fallout4.esm
000AE0DC|Fallout4.esm
0002A667|Fallout4.esm
00056F5B|Fallout4.esm
0005E271|Fallout4.esm
002174C1|Fallout4.esm
000A8825|Fallout4.esm
000AD4EB|Fallout4.esm
000AD4EC|Fallout4.esm
000AED4C|Fallout4.esm
0005E25A|Fallout4.esm
0005E266|Fallout4.esm
000670B0|Fallout4.esm
000AE136|Fallout4.esm
000AED4D|Fallout4.esm
00181ADD|Fallout4.esm
00181AD4|Fallout4.esm
00181ACF|Fallout4.esm
00181AC0|Fallout4.esm
00181ABF|Fallout4.esm
00181ABE|Fallout4.esm
00181ABA|Fallout4.esm
00181AB9|Fallout4.esm
00181AB8|Fallout4.esm
00181AB6|Fallout4.esm
00181510|Fallout4.esm
000B0D54|Fallout4.esm
000B0D53|Fallout4.esm
000B0D3B|Fallout4.esm
000B0D25|Fallout4.esm
000AEEB6|Fallout4.esm
000AED8D|Fallout4.esm
000AED55|Fallout4.esm
000AED4B|Fallout4.esm
000AED49|Fallout4.esm
000AED43|Fallout4.esm
000AED41|Fallout4.esm
000AE141|Fallout4.esm
000AE135|Fallout4.esm
000BDD72|Fallout4.esm
00064A53|Fallout4.esm
000665BF|Fallout4.esm
000665BE|Fallout4.esm
001ACF36|Fallout4.esm
000B8463|Fallout4.esm
0008621D|Fallout4.esm
0002A643|Fallout4.esm
00072A43|Fallout4.esm
00072A42|Fallout4.esm
000235F0|Fallout4.esm
0005E2AE|Fallout4.esm
0005E2A6|Fallout4.esm
000276DC|Fallout4.esm
0004D8B5|Fallout4.esm
00023547|Fallout4.esm
0002361A|Fallout4.esm
[07/10/2019 - 02:08:21PM] Log closed
