[07/10/2019 - 01:34:52PM] 16780876 log opened (PC-64)
[07/10/2019 - 01:34:52PM] 
01000B14|DLCRobot.esm
01000B15|DLCRobot.esm
01000C30|DLCRobot.esm
01000C36|DLCRobot.esm
01000C3A|DLCRobot.esm
01000C3B|DLCRobot.esm
01000C51|DLCRobot.esm
01000C5A|DLCRobot.esm
01000C74|DLCRobot.esm
01000C90|DLCRobot.esm
01000C95|DLCRobot.esm
01000C98|DLCRobot.esm
01000C9A|DLCRobot.esm
01000C9B|DLCRobot.esm
01000CBE|DLCRobot.esm
01000CC2|DLCRobot.esm
01000CC5|DLCRobot.esm
01000D13|DLCRobot.esm
01000D14|DLCRobot.esm
01000D1D|DLCRobot.esm
01000D1E|DLCRobot.esm
01000D22|DLCRobot.esm
01000D23|DLCRobot.esm
01000D27|DLCRobot.esm
01000D28|DLCRobot.esm
01000D2F|DLCRobot.esm
01000D3A|DLCRobot.esm
01000D3B|DLCRobot.esm
01000D3C|DLCRobot.esm
01000D48|DLCRobot.esm
01000D49|DLCRobot.esm
01000D4A|DLCRobot.esm
01000D4F|DLCRobot.esm
01000D50|DLCRobot.esm
01000D52|DLCRobot.esm
01000E6B|DLCRobot.esm
01002BAC|DLCRobot.esm
01002BAF|DLCRobot.esm
01002BB0|DLCRobot.esm
01002BB1|DLCRobot.esm
01002BBB|DLCRobot.esm
01002BC0|DLCRobot.esm
01002BC4|DLCRobot.esm
01002BC5|DLCRobot.esm
01005037|DLCRobot.esm
010072F9|DLCRobot.esm
010072FA|DLCRobot.esm
010072FB|DLCRobot.esm
010072FC|DLCRobot.esm
010072FD|DLCRobot.esm
010072FE|DLCRobot.esm
0100839B|DLCRobot.esm
0100839C|DLCRobot.esm
0100839D|DLCRobot.esm
0100839F|DLCRobot.esm
010083A0|DLCRobot.esm
010083A6|DLCRobot.esm
010083A8|DLCRobot.esm
010083A9|DLCRobot.esm
010083BB|DLCRobot.esm
010083C2|DLCRobot.esm
010083C3|DLCRobot.esm
0100D7F0|DLCRobot.esm
0100BC6E|DLCRobot.esm
0100F92C|DLCRobot.esm
0100DA68|DLCRobot.esm
01010F5B|DLCRobot.esm
0100DBD5|DLCRobot.esm
01000D26|DLCRobot.esm
0100D7C9|DLCRobot.esm
0100D7C8|DLCRobot.esm
010083CA|DLCRobot.esm
01000E64|DLCRobot.esm
0100D7FC|DLCRobot.esm
0100FEA6|DLCRobot.esm
0100FEA7|DLCRobot.esm
0100D6B3|DLCRobot.esm
0100D7C4|DLCRobot.esm
0100D7FF|DLCRobot.esm
01004FC5|DLCRobot.esm
01004FC0|DLCRobot.esm
0100D6B4|DLCRobot.esm
0100D7F8|DLCRobot.esm
0100E4FA|DLCRobot.esm
010084AA|DLCRobot.esm
0100B403|DLCRobot.esm
01010C61|DLCRobot.esm
0100D66F|DLCRobot.esm
0100D679|DLCRobot.esm
01000C27|DLCRobot.esm
0100BF45|DLCRobot.esm
0100D88E|DLCRobot.esm
0100CF34|DLCRobot.esm
01000BEC|DLCRobot.esm
01010F5D|DLCRobot.esm
0100DD76|DLCRobot.esm
01000C4C|DLCRobot.esm
01011039|DLCRobot.esm
0100FE9B|DLCRobot.esm
0100D812|DLCRobot.esm
01000C2E|DLCRobot.esm
0100CF37|DLCRobot.esm
0100D86C|DLCRobot.esm
0100B3FF|DLCRobot.esm
0100D7DE|DLCRobot.esm
01010F54|DLCRobot.esm
0100C48E|DLCRobot.esm
0100DD72|DLCRobot.esm
0100C0FF|DLCRobot.esm
0100ADF8|DLCRobot.esm
0100ADF7|DLCRobot.esm
0100FE9C|DLCRobot.esm
0100BC6B|DLCRobot.esm
0100DD48|DLCRobot.esm
0100CD02|DLCRobot.esm
0100CC7A|DLCRobot.esm
01000C2D|DLCRobot.esm
0100D676|DLCRobot.esm
010083C4|DLCRobot.esm
010083DE|DLCRobot.esm
01000D12|DLCRobot.esm
0100C1E2|DLCRobot.esm
0100BFB4|DLCRobot.esm
0101103A|DLCRobot.esm
0100E4FB|DLCRobot.esm
0100E727|DLCRobot.esm
0100D7E0|DLCRobot.esm
0100DA6A|DLCRobot.esm
0100D7F2|DLCRobot.esm
0100D7F3|DLCRobot.esm
0100860F|DLCRobot.esm
0100D80F|DLCRobot.esm
0100D810|DLCRobot.esm
0100D7C7|DLCRobot.esm
0100DC11|DLCRobot.esm
0100D862|DLCRobot.esm
0100D863|DLCRobot.esm
01000C75|DLCRobot.esm
0100ADE9|DLCRobot.esm
0100ADE8|DLCRobot.esm
01004FB2|DLCRobot.esm
01004FB3|DLCRobot.esm
0100D46D|DLCRobot.esm
0100DD4D|DLCRobot.esm
0100DD3A|DLCRobot.esm
0100BC6C|DLCRobot.esm
0100BC6A|DLCRobot.esm
01000E82|DLCRobot.esm
0100D800|DLCRobot.esm
0100E304|DLCRobot.esm
0100CF52|DLCRobot.esm
0100CD1A|DLCRobot.esm
0100DD39|DLCRobot.esm
0100D7ED|DLCRobot.esm
01010F53|DLCRobot.esm
0100D6A1|DLCRobot.esm
010084AF|DLCRobot.esm
0100D7EC|DLCRobot.esm
0100DD75|DLCRobot.esm
0100D67F|DLCRobot.esm
0100DA69|DLCRobot.esm
01000D02|DLCRobot.esm
01010F56|DLCRobot.esm
0100F944|DLCRobot.esm
0100CF54|DLCRobot.esm
0100D88D|DLCRobot.esm
01004FB5|DLCRobot.esm
0100D6B0|DLCRobot.esm
0100D803|DLCRobot.esm
01008622|DLCRobot.esm
01000C37|DLCRobot.esm
0100C491|DLCRobot.esm
010083CF|DLCRobot.esm
01004FAA|DLCRobot.esm
0100D7CA|DLCRobot.esm
010084B1|DLCRobot.esm
01008B46|DLCRobot.esm
01010F5C|DLCRobot.esm
01002BAE|DLCRobot.esm
0100D44B|DLCRobot.esm
0100CF36|DLCRobot.esm
0100D477|DLCRobot.esm
0100DD4C|DLCRobot.esm
0100861F|DLCRobot.esm
0100DD4F|DLCRobot.esm
0100DA7F|DLCRobot.esm
0100D6B5|DLCRobot.esm
0100D670|DLCRobot.esm
0100FE99|DLCRobot.esm
01004FB4|DLCRobot.esm
01008621|DLCRobot.esm
0100ADF6|DLCRobot.esm
0100D7CE|DLCRobot.esm
0100D809|DLCRobot.esm
0100BF43|DLCRobot.esm
01000E51|DLCRobot.esm
0100D867|DLCRobot.esm
01010F58|DLCRobot.esm
01000C9E|DLCRobot.esm
01010F4F|DLCRobot.esm
0100D865|DLCRobot.esm
0100CAFF|DLCRobot.esm
0100D7EF|DLCRobot.esm
01004FBE|DLCRobot.esm
0100E345|DLCRobot.esm
010084B0|DLCRobot.esm
0100B2AF|DLCRobot.esm
01000C2F|DLCRobot.esm
01000C4E|DLCRobot.esm
01000D3E|DLCRobot.esm
01000E57|DLCRobot.esm
01000E67|DLCRobot.esm
01000E69|DLCRobot.esm
0100E2FC|DLCRobot.esm
0100FEA3|DLCRobot.esm
010110F5|DLCRobot.esm
0100D7E3|DLCRobot.esm
0100D6C2|DLCRobot.esm
0100F895|DLCRobot.esm
0100D866|DLCRobot.esm
0100E9CA|DLCRobot.esm
01004FB6|DLCRobot.esm
0100D464|DLCRobot.esm
0100D7F9|DLCRobot.esm
01010C57|DLCRobot.esm
01004FAB|DLCRobot.esm
0100D7E2|DLCRobot.esm
01008B67|DLCRobot.esm
0100D6C1|DLCRobot.esm
0100E998|DLCRobot.esm
0100C48C|DLCRobot.esm
0100D700|DLCRobot.esm
0100DE05|DLCRobot.esm
01000D3F|DLCRobot.esm
0100FE9E|DLCRobot.esm
0100DD3D|DLCRobot.esm
01008620|DLCRobot.esm
0100BFB3|DLCRobot.esm
0100CB5B|DLCRobot.esm
0100D7DB|DLCRobot.esm
0100D868|DLCRobot.esm
0100D80A|DLCRobot.esm
01008420|DLCRobot.esm
0100BC67|DLCRobot.esm
0100B402|DLCRobot.esm
0100B252|DLCRobot.esm
01000E6C|DLCRobot.esm
010109C2|DLCRobot.esm
010109C1|DLCRobot.esm
0100CF57|DLCRobot.esm
0100D468|DLCRobot.esm
0100D7CB|DLCRobot.esm
0100D7E4|DLCRobot.esm
0100D7DF|DLCRobot.esm
0100D7DD|DLCRobot.esm
0100D7DA|DLCRobot.esm
0100D7D5|DLCRobot.esm
0100D7D0|DLCRobot.esm
0100D7CF|DLCRobot.esm
0100D7CD|DLCRobot.esm
0100D7CC|DLCRobot.esm
0100D7C6|DLCRobot.esm
0100D7E8|DLCRobot.esm
0100FEA0|DLCRobot.esm
0100D7FE|DLCRobot.esm
0100D801|DLCRobot.esm
0100D802|DLCRobot.esm
0100D804|DLCRobot.esm
0100D805|DLCRobot.esm
0100D806|DLCRobot.esm
0100D7F1|DLCRobot.esm
01000D34|DLCRobot.esm
01000D3D|DLCRobot.esm
01002764|DLCRobot.esm
01010F5E|DLCRobot.esm
01010F55|DLCRobot.esm
01010F52|DLCRobot.esm
01010F5A|DLCRobot.esm
0100C537|DLCRobot.esm
0100C50D|DLCRobot.esm
0100D6F3|DLCRobot.esm
0100D6F2|DLCRobot.esm
0100D6B6|DLCRobot.esm
0100D6B2|DLCRobot.esm
0100D6AF|DLCRobot.esm
0100D6AA|DLCRobot.esm
0100D6A9|DLCRobot.esm
01004FB7|DLCRobot.esm
0100F942|DLCRobot.esm
0100F943|DLCRobot.esm
0100FE9A|DLCRobot.esm
0100FE9D|DLCRobot.esm
0100E997|DLCRobot.esm
0100E9BF|DLCRobot.esm
0100EA45|DLCRobot.esm
0100EA4B|DLCRobot.esm
0100EA71|DLCRobot.esm
0100E306|DLCRobot.esm
0100E341|DLCRobot.esm
0100E343|DLCRobot.esm
0100E348|DLCRobot.esm
0100F2EF|DLCRobot.esm
0100F2F0|DLCRobot.esm
0100F896|DLCRobot.esm
0100F92D|DLCRobot.esm
0100F930|DLCRobot.esm
0100F931|DLCRobot.esm
0100F939|DLCRobot.esm
0100F93D|DLCRobot.esm
0100F940|DLCRobot.esm
0100FE9F|DLCRobot.esm
0100FEA1|DLCRobot.esm
0100FEA2|DLCRobot.esm
0100FEA4|DLCRobot.esm
0100FEA5|DLCRobot.esm
0100FEAD|DLCRobot.esm
01010118|DLCRobot.esm
01010F4C|DLCRobot.esm
01010F4D|DLCRobot.esm
01010F4E|DLCRobot.esm
010110F6|DLCRobot.esm
01000E54|DLCRobot.esm
01000E59|DLCRobot.esm
01000E5B|DLCRobot.esm
01000E65|DLCRobot.esm
01000E72|DLCRobot.esm
0100DE08|DLCRobot.esm
0100E301|DLCRobot.esm
01000E7A|DLCRobot.esm
01000E7D|DLCRobot.esm
01000E91|DLCRobot.esm
01000EA9|DLCRobot.esm
01004FA6|DLCRobot.esm
01004FA7|DLCRobot.esm
0100DDD0|DLCRobot.esm
01004FA8|DLCRobot.esm
01004FA9|DLCRobot.esm
01004FAC|DLCRobot.esm
01004FAD|DLCRobot.esm
01004FB8|DLCRobot.esm
01004FB9|DLCRobot.esm
01004FBF|DLCRobot.esm
01004FC1|DLCRobot.esm
01004FC2|DLCRobot.esm
01004FC3|DLCRobot.esm
01004FC4|DLCRobot.esm
01007358|DLCRobot.esm
01008B45|DLCRobot.esm
01008B47|DLCRobot.esm
01000C32|DLCRobot.esm
01000C34|DLCRobot.esm
01000C3E|DLCRobot.esm
01000C59|DLCRobot.esm
01000C76|DLCRobot.esm
010084A9|DLCRobot.esm
01008421|DLCRobot.esm
0100840E|DLCRobot.esm
0100D7FA|DLCRobot.esm
0100D7FB|DLCRobot.esm
0100D807|DLCRobot.esm
0100D808|DLCRobot.esm
0100D80B|DLCRobot.esm
0100D80C|DLCRobot.esm
0100D80D|DLCRobot.esm
0100D80E|DLCRobot.esm
0100D811|DLCRobot.esm
0100D813|DLCRobot.esm
0100D814|DLCRobot.esm
0100D815|DLCRobot.esm
0100D816|DLCRobot.esm
0100D817|DLCRobot.esm
0100D818|DLCRobot.esm
0100D819|DLCRobot.esm
0100D81B|DLCRobot.esm
0100D81C|DLCRobot.esm
0100D81D|DLCRobot.esm
0100D81E|DLCRobot.esm
0100D831|DLCRobot.esm
0100D861|DLCRobot.esm
0100D864|DLCRobot.esm
0100D86A|DLCRobot.esm
0100D86D|DLCRobot.esm
0100D88A|DLCRobot.esm
0100D88B|DLCRobot.esm
0100D88C|DLCRobot.esm
0100DA7E|DLCRobot.esm
0100DA80|DLCRobot.esm
0100CF35|DLCRobot.esm
0100DBED|DLCRobot.esm
0100DBEE|DLCRobot.esm
0100DBFF|DLCRobot.esm
0100DCD2|DLCRobot.esm
0100DD10|DLCRobot.esm
0100DD3E|DLCRobot.esm
0100DD41|DLCRobot.esm
0100DD42|DLCRobot.esm
0100DD43|DLCRobot.esm
0100DD44|DLCRobot.esm
0100DD4E|DLCRobot.esm
0100DD50|DLCRobot.esm
0100DD51|DLCRobot.esm
0100DD52|DLCRobot.esm
0100DD54|DLCRobot.esm
0100DD55|DLCRobot.esm
0100DD56|DLCRobot.esm
0100DD73|DLCRobot.esm
0100DD74|DLCRobot.esm
0100DD77|DLCRobot.esm
0100DDCE|DLCRobot.esm
01000C9C|DLCRobot.esm
01000CC4|DLCRobot.esm
01000D39|DLCRobot.esm
01000E52|DLCRobot.esm
01000E53|DLCRobot.esm
01002BBE|DLCRobot.esm
01002BBC|DLCRobot.esm
0100CB39|DLCRobot.esm
01000C4B|DLCRobot.esm
01000C8E|DLCRobot.esm
01000C91|DLCRobot.esm
01000C92|DLCRobot.esm
01000C93|DLCRobot.esm
01000D01|DLCRobot.esm
01002763|DLCRobot.esm
0100BF42|DLCRobot.esm
0100CF38|DLCRobot.esm
0100CF39|DLCRobot.esm
0100CF4E|DLCRobot.esm
0100D6AE|DLCRobot.esm
0100CF53|DLCRobot.esm
0100CF56|DLCRobot.esm
0100D6A3|DLCRobot.esm
0100D7D6|DLCRobot.esm
0100D7D7|DLCRobot.esm
0100D7D8|DLCRobot.esm
0100D7D9|DLCRobot.esm
0100D7E1|DLCRobot.esm
0100D7EA|DLCRobot.esm
0100D7FD|DLCRobot.esm
0100D869|DLCRobot.esm
0100D86B|DLCRobot.esm
0100BC68|DLCRobot.esm
0100BC69|DLCRobot.esm
0100BB96|DLCRobot.esm
0100D7DC|DLCRobot.esm
01000C77|DLCRobot.esm
01000C96|DLCRobot.esm
01000CC3|DLCRobot.esm
0100B254|DLCRobot.esm
01000C33|DLCRobot.esm
01000C35|DLCRobot.esm
01000C4D|DLCRobot.esm
01000C4F|DLCRobot.esm
01000C50|DLCRobot.esm
01000C52|DLCRobot.esm
01000C53|DLCRobot.esm
0100D7EE|DLCRobot.esm
0100D7EB|DLCRobot.esm
0100D7E9|DLCRobot.esm
0100D7E7|DLCRobot.esm
0100D7E6|DLCRobot.esm
0100D7E5|DLCRobot.esm
0100D79B|DLCRobot.esm
0100D79A|DLCRobot.esm
0100D6FF|DLCRobot.esm
0100D6A7|DLCRobot.esm
01000D51|DLCRobot.esm
0100D678|DLCRobot.esm
0100D677|DLCRobot.esm
0100D674|DLCRobot.esm
0100D671|DLCRobot.esm
0100D4D9|DLCRobot.esm
0100D46F|DLCRobot.esm
0100D46E|DLCRobot.esm
0100D46C|DLCRobot.esm
0100D46B|DLCRobot.esm
0100D467|DLCRobot.esm
0100D466|DLCRobot.esm
0100D463|DLCRobot.esm
0100D44D|DLCRobot.esm
0100D44C|DLCRobot.esm
0100CF55|DLCRobot.esm
0100CD03|DLCRobot.esm
0100CD01|DLCRobot.esm
0100CC79|DLCRobot.esm
0100CC78|DLCRobot.esm
0100CC77|DLCRobot.esm
0100CC76|DLCRobot.esm
0100CC75|DLCRobot.esm
0100CC61|DLCRobot.esm
0100CC60|DLCRobot.esm
0100CB35|DLCRobot.esm
0100D6A5|DLCRobot.esm
0100C54A|DLCRobot.esm
0100C4F3|DLCRobot.esm
0100C4F2|DLCRobot.esm
0100C490|DLCRobot.esm
0100C48F|DLCRobot.esm
0100C48D|DLCRobot.esm
0100C435|DLCRobot.esm
0100C421|DLCRobot.esm
0100BFB2|DLCRobot.esm
0100BFB1|DLCRobot.esm
0100BFB0|DLCRobot.esm
0100BF79|DLCRobot.esm
0100BF78|DLCRobot.esm
0100BF58|DLCRobot.esm
0100BF46|DLCRobot.esm
0100BF44|DLCRobot.esm
01010F59|DLCRobot.esm
01010F57|DLCRobot.esm
01010C5F|DLCRobot.esm
01000C31|DLCRobot.esm
0100D7C3|DLCRobot.esm
01002BAD|DLCRobot.esm
0100F894|DLCRobot.esm
0100DD3F|DLCRobot.esm
01000C9D|DLCRobot.esm
01000C99|DLCRobot.esm
01000C97|DLCRobot.esm
01000C94|DLCRobot.esm
01000C8F|DLCRobot.esm
01000C56|DLCRobot.esm
01000C54|DLCRobot.esm
0100BC6D|DLCRobot.esm
0100B401|DLCRobot.esm
0100B400|DLCRobot.esm
0100B3FE|DLCRobot.esm
0100B3CA|DLCRobot.esm
0100B256|DLCRobot.esm
0100ADF9|DLCRobot.esm
0100ADF5|DLCRobot.esm
0100ADEA|DLCRobot.esm
01009FE2|DLCRobot.esm
01008B63|DLCRobot.esm
01008776|DLCRobot.esm
010086AD|DLCRobot.esm
010084E3|DLCRobot.esm
010084E1|DLCRobot.esm
010084E0|DLCRobot.esm
010084DE|DLCRobot.esm
010084D7|DLCRobot.esm
010084C8|DLCRobot.esm
010084C7|DLCRobot.esm
010084B3|DLCRobot.esm
[07/10/2019 - 01:34:52PM] Log closed
