[07/10/2019 - 01:40:04PM] 1999338 log opened (PC-64)
[07/10/2019 - 01:40:04PM] 
001271A6|Fallout4.esm
00129787|Fallout4.esm
0012976F|Fallout4.esm
0012976E|Fallout4.esm
0012976D|Fallout4.esm
00129705|Fallout4.esm
0012967F|Fallout4.esm
0012967E|Fallout4.esm
001295B4|Fallout4.esm
001295B3|Fallout4.esm
001295A5|Fallout4.esm
001295A4|Fallout4.esm
0012959A|Fallout4.esm
00129599|Fallout4.esm
00129597|Fallout4.esm
0012958F|Fallout4.esm
00129570|Fallout4.esm
0012956F|Fallout4.esm
0012956E|Fallout4.esm
001270C2|Fallout4.esm
001271A8|Fallout4.esm
00129690|Fallout4.esm
0012968F|Fallout4.esm
00129680|Fallout4.esm
00129677|Fallout4.esm
00129676|Fallout4.esm
001271B1|Fallout4.esm
001270C6|Fallout4.esm
001D335C|Fallout4.esm
001D3374|Fallout4.esm
001D336B|Fallout4.esm
001D3370|Fallout4.esm
001E8C95|Fallout4.esm
001E81DB|Fallout4.esm
001E81DD|Fallout4.esm
001E81DE|Fallout4.esm
001E81DF|Fallout4.esm
001E81E0|Fallout4.esm
001E81E1|Fallout4.esm
001E81E3|Fallout4.esm
001E81E4|Fallout4.esm
001E81E5|Fallout4.esm
001E81E6|Fallout4.esm
001E81E7|Fallout4.esm
001E81E8|Fallout4.esm
001E81E9|Fallout4.esm
001298F8|Fallout4.esm
00129707|Fallout4.esm
001295E4|Fallout4.esm
001295E2|Fallout4.esm
001295C0|Fallout4.esm
001295BC|Fallout4.esm
001295BA|Fallout4.esm
001295B8|Fallout4.esm
001295B0|Fallout4.esm
001295A9|Fallout4.esm
00129592|Fallout4.esm
00129591|Fallout4.esm
0012958C|Fallout4.esm
0012958B|Fallout4.esm
00129571|Fallout4.esm
00129524|Fallout4.esm
00129523|Fallout4.esm
00129522|Fallout4.esm
001270C7|Fallout4.esm
001D3339|Fallout4.esm
001D3346|Fallout4.esm
001D3347|Fallout4.esm
001D3348|Fallout4.esm
001D3349|Fallout4.esm
001D334A|Fallout4.esm
001D334B|Fallout4.esm
001D334C|Fallout4.esm
001D334D|Fallout4.esm
001D334E|Fallout4.esm
001D334F|Fallout4.esm
001D3350|Fallout4.esm
001D3351|Fallout4.esm
001D3352|Fallout4.esm
001D3353|Fallout4.esm
001D3354|Fallout4.esm
001D3355|Fallout4.esm
001D3356|Fallout4.esm
001D3357|Fallout4.esm
001D3358|Fallout4.esm
001D3359|Fallout4.esm
001D335A|Fallout4.esm
001D335B|Fallout4.esm
001D335D|Fallout4.esm
001D335E|Fallout4.esm
001D335F|Fallout4.esm
001D3360|Fallout4.esm
001D336C|Fallout4.esm
001D336D|Fallout4.esm
001D336F|Fallout4.esm
001D3371|Fallout4.esm
001D3372|Fallout4.esm
001D3373|Fallout4.esm
001D3375|Fallout4.esm
001D3376|Fallout4.esm
001D3377|Fallout4.esm
001D3378|Fallout4.esm
001D3379|Fallout4.esm
001D337A|Fallout4.esm
001D337B|Fallout4.esm
001D337C|Fallout4.esm
001D337D|Fallout4.esm
001D337E|Fallout4.esm
001D337F|Fallout4.esm
001D3380|Fallout4.esm
001D3381|Fallout4.esm
001D3382|Fallout4.esm
001D3383|Fallout4.esm
001D3384|Fallout4.esm
001D3385|Fallout4.esm
001D3386|Fallout4.esm
001D3387|Fallout4.esm
001D3388|Fallout4.esm
001D3389|Fallout4.esm
001D338A|Fallout4.esm
001D338B|Fallout4.esm
001D338C|Fallout4.esm
001D338D|Fallout4.esm
001D3391|Fallout4.esm
001D3392|Fallout4.esm
001D3393|Fallout4.esm
001D3396|Fallout4.esm
001D3397|Fallout4.esm
001D339A|Fallout4.esm
001D339B|Fallout4.esm
001D339E|Fallout4.esm
001D339F|Fallout4.esm
001D33A0|Fallout4.esm
001D33A1|Fallout4.esm
001D33A2|Fallout4.esm
001D33A3|Fallout4.esm
001D33A4|Fallout4.esm
001D33A5|Fallout4.esm
001D33A6|Fallout4.esm
001D33A8|Fallout4.esm
001D33A9|Fallout4.esm
001D33AC|Fallout4.esm
001D33AD|Fallout4.esm
001D33AE|Fallout4.esm
001D33AF|Fallout4.esm
001D33B1|Fallout4.esm
001D33B2|Fallout4.esm
001D33B3|Fallout4.esm
001D33B4|Fallout4.esm
001D33B5|Fallout4.esm
001D33B6|Fallout4.esm
001D33B7|Fallout4.esm
001D33B8|Fallout4.esm
001D33B9|Fallout4.esm
001D33BA|Fallout4.esm
001E8C9B|Fallout4.esm
0022DA51|Fallout4.esm
002472D7|Fallout4.esm
00129769|Fallout4.esm
00129765|Fallout4.esm
001295B1|Fallout4.esm
001295AF|Fallout4.esm
001295AD|Fallout4.esm
001295AC|Fallout4.esm
00129768|Fallout4.esm
00230BE2|Fallout4.esm
00230BE0|Fallout4.esm
0002FF26|Fallout4.esm
0002FF31|Fallout4.esm
0002FF32|Fallout4.esm
0002FF37|Fallout4.esm
0002FF3B|Fallout4.esm
0002FF3F|Fallout4.esm
00129706|Fallout4.esm
001295B2|Fallout4.esm
00129590|Fallout4.esm
001271A7|Fallout4.esm
001D336E|Fallout4.esm
001E81DC|Fallout4.esm
001E81E2|Fallout4.esm
001295E5|Fallout4.esm
001295B9|Fallout4.esm
[07/10/2019 - 01:40:04PM] Log closed
