[07/10/2019 - 02:14:33PM] 2033425 log opened (PC-64)
[07/10/2019 - 02:14:33PM] 
001A7F3D|Fallout4.esm
001A7F3A|Fallout4.esm
001A7F36|Fallout4.esm
0007E766|Fallout4.esm
0007E765|Fallout4.esm
0007E764|Fallout4.esm
0007E760|Fallout4.esm
0007E75E|Fallout4.esm
0010100C|Fallout4.esm
0010100D|Fallout4.esm
0010100E|Fallout4.esm
00101014|Fallout4.esm
00246137|Fallout4.esm
00246136|Fallout4.esm
00246135|Fallout4.esm
00246134|Fallout4.esm
00246133|Fallout4.esm
00246132|Fallout4.esm
001A7F9F|Fallout4.esm
001A7F9E|Fallout4.esm
001A7F9D|Fallout4.esm
002326A8|Fallout4.esm
001A7F01|Fallout4.esm
001A7F02|Fallout4.esm
001A7EF8|Fallout4.esm
00100F99|Fallout4.esm
002479CE|Fallout4.esm
002096DB|Fallout4.esm
002326B1|Fallout4.esm
002326B4|Fallout4.esm
001162D5|Fallout4.esm
001162D4|Fallout4.esm
001162D3|Fallout4.esm
001B4B1C|Fallout4.esm
002468D4|Fallout4.esm
002468D5|Fallout4.esm
002468D6|Fallout4.esm
0022F9C0|Fallout4.esm
0022F9BF|Fallout4.esm
0022F969|Fallout4.esm
0022F968|Fallout4.esm
0022F966|Fallout4.esm
00246149|Fallout4.esm
0024614A|Fallout4.esm
0024614B|Fallout4.esm
0024614C|Fallout4.esm
0024614D|Fallout4.esm
0024614E|Fallout4.esm
0024614F|Fallout4.esm
001B8CB3|Fallout4.esm
001B8C94|Fallout4.esm
001B8CA4|Fallout4.esm
001B8C75|Fallout4.esm
001B8C7B|Fallout4.esm
001B8C92|Fallout4.esm
001B8C91|Fallout4.esm
001B8C9E|Fallout4.esm
001B8CB0|Fallout4.esm
001B8CB8|Fallout4.esm
001B8CB9|Fallout4.esm
001B8C74|Fallout4.esm
001B8D13|Fallout4.esm
001B8C7E|Fallout4.esm
001B8D12|Fallout4.esm
001B8D11|Fallout4.esm
001B8C7F|Fallout4.esm
001B8C83|Fallout4.esm
001B8C86|Fallout4.esm
001B8CB1|Fallout4.esm
001B8C9A|Fallout4.esm
001B8C99|Fallout4.esm
001B8D10|Fallout4.esm
001B8D0D|Fallout4.esm
001B8CB7|Fallout4.esm
001B8CB6|Fallout4.esm
001B8CB5|Fallout4.esm
001B8CB4|Fallout4.esm
001B8CB2|Fallout4.esm
001B8CAF|Fallout4.esm
001B8CAE|Fallout4.esm
001B8CAC|Fallout4.esm
001B8CAB|Fallout4.esm
001B8CAA|Fallout4.esm
001B8CA9|Fallout4.esm
001B8CA8|Fallout4.esm
001B8CA7|Fallout4.esm
001B8CA6|Fallout4.esm
001B8CA5|Fallout4.esm
001B8CA3|Fallout4.esm
001B8C9F|Fallout4.esm
001B8C9B|Fallout4.esm
001B8C97|Fallout4.esm
001B8C96|Fallout4.esm
001B8C95|Fallout4.esm
001B8C8F|Fallout4.esm
001B8C89|Fallout4.esm
001B8C88|Fallout4.esm
001B8C87|Fallout4.esm
001B8C85|Fallout4.esm
001B8C82|Fallout4.esm
001B8C80|Fallout4.esm
001B8C7A|Fallout4.esm
001B8C6E|Fallout4.esm
001B8C6D|Fallout4.esm
001B8C6C|Fallout4.esm
001B8C6A|Fallout4.esm
001B8C58|Fallout4.esm
001B42F2|Fallout4.esm
002105EB|Fallout4.esm
0022F6E9|Fallout4.esm
0023C7D5|Fallout4.esm
0023C7D6|Fallout4.esm
0022F6DF|Fallout4.esm
0022F66F|Fallout4.esm
0022F66A|Fallout4.esm
001B8C5B|Fallout4.esm
001B8C59|Fallout4.esm
001B8C5A|Fallout4.esm
001B8C5E|Fallout4.esm
001B8C5D|Fallout4.esm
001B8C5C|Fallout4.esm
0023F64B|Fallout4.esm
002479B9|Fallout4.esm
0023BFE9|Fallout4.esm
0023B307|Fallout4.esm
00246FDF|Fallout4.esm
001C6486|Fallout4.esm
001C6485|Fallout4.esm
00179142|Fallout4.esm
00184D99|Fallout4.esm
001C142F|Fallout4.esm
0022F701|Fallout4.esm
001B378F|Fallout4.esm
001B378E|Fallout4.esm
001B3764|Fallout4.esm
00248992|Fallout4.esm
00248993|Fallout4.esm
00248994|Fallout4.esm
[07/10/2019 - 02:14:33PM] Log closed
