[07/10/2019 - 02:39:52PM] 347054 log opened (PC-64)
[07/10/2019 - 02:39:52PM] 
0002C6EE|Fallout4.esm
0002C6EF|Fallout4.esm
0002C6F1|Fallout4.esm
00157558|Fallout4.esm
001A62DE|Fallout4.esm
000484E5|Fallout4.esm
001C75F0|Fallout4.esm
0003A7B9|Fallout4.esm
0003A793|Fallout4.esm
0003A794|Fallout4.esm
00152DB2|Fallout4.esm
00152DB3|Fallout4.esm
0003A786|Fallout4.esm
000484E8|Fallout4.esm
000484E4|Fallout4.esm
00082448|Fallout4.esm
001382B1|Fallout4.esm
0003A785|Fallout4.esm
000587FD|Fallout4.esm
000484E1|Fallout4.esm
0019B3E9|Fallout4.esm
0015755D|Fallout4.esm
0015755C|Fallout4.esm
0015755A|Fallout4.esm
00157557|Fallout4.esm
00157556|Fallout4.esm
00157554|Fallout4.esm
00157553|Fallout4.esm
00157546|Fallout4.esm
00157543|Fallout4.esm
0015753D|Fallout4.esm
0015752E|Fallout4.esm
00157502|Fallout4.esm
00056BEA|Fallout4.esm
00056BE6|Fallout4.esm
00056BE3|Fallout4.esm
00056BE1|Fallout4.esm
00056BE0|Fallout4.esm
00056BDF|Fallout4.esm
0002C6F0|Fallout4.esm
0002C6D4|Fallout4.esm
0002C6D3|Fallout4.esm
0002C6D2|Fallout4.esm
0002C6D1|Fallout4.esm
0002C6D0|Fallout4.esm
0002C6CE|Fallout4.esm
0002C6CC|Fallout4.esm
0004D1F1|Fallout4.esm
0003A808|Fallout4.esm
0003A7D1|Fallout4.esm
0003A7CE|Fallout4.esm
0003A7CD|Fallout4.esm
0003A7CC|Fallout4.esm
0003A7C8|Fallout4.esm
0003A7C7|Fallout4.esm
0003A7BB|Fallout4.esm
0003A7B7|Fallout4.esm
0003A7B4|Fallout4.esm
0003A7B1|Fallout4.esm
0003A7B0|Fallout4.esm
0003A78B|Fallout4.esm
0003A79E|Fallout4.esm
0003A79B|Fallout4.esm
00021C42|Fallout4.esm
00021DB9|Fallout4.esm
00021DB8|Fallout4.esm
00021DB7|Fallout4.esm
0003A642|Fallout4.esm
0003A643|Fallout4.esm
00152D89|Fallout4.esm
00152D8D|Fallout4.esm
00067053|Fallout4.esm
00067054|Fallout4.esm
00067055|Fallout4.esm
00067057|Fallout4.esm
0006705C|Fallout4.esm
0006705D|Fallout4.esm
0006705E|Fallout4.esm
0002C719|Fallout4.esm
0017FC5E|Fallout4.esm
00152CD5|Fallout4.esm
00152D53|Fallout4.esm
00152D95|Fallout4.esm
00152D9F|Fallout4.esm
00152DA3|Fallout4.esm
00152DAB|Fallout4.esm
00152DAD|Fallout4.esm
00152DAE|Fallout4.esm
00152DAF|Fallout4.esm
00152DB0|Fallout4.esm
00152DB1|Fallout4.esm
00152DB5|Fallout4.esm
00152DB6|Fallout4.esm
00152DBC|Fallout4.esm
00152DBD|Fallout4.esm
00152DC0|Fallout4.esm
00152DC1|Fallout4.esm
00152DC2|Fallout4.esm
00152DC4|Fallout4.esm
00152DC5|Fallout4.esm
0016690B|Fallout4.esm
0016690C|Fallout4.esm
0016690F|Fallout4.esm
001A708B|Fallout4.esm
0023A06F|Fallout4.esm
0003A7C4|Fallout4.esm
0003A7C6|Fallout4.esm
00043644|Fallout4.esm
00043352|Fallout4.esm
001DFDBE|Fallout4.esm
00157551|Fallout4.esm
00157550|Fallout4.esm
0015754F|Fallout4.esm
0015754E|Fallout4.esm
0015754D|Fallout4.esm
0015754C|Fallout4.esm
0015754B|Fallout4.esm
0015754A|Fallout4.esm
0015752F|Fallout4.esm
00157503|Fallout4.esm
0002C732|Fallout4.esm
0002C731|Fallout4.esm
0002C730|Fallout4.esm
0002C718|Fallout4.esm
0002C717|Fallout4.esm
0002C714|Fallout4.esm
0002C6CB|Fallout4.esm
0002C6CA|Fallout4.esm
0002C6B7|Fallout4.esm
0002C6A9|Fallout4.esm
0002C6A6|Fallout4.esm
0002C6A5|Fallout4.esm
0002C6A4|Fallout4.esm
0002C6A1|Fallout4.esm
0003A7FD|Fallout4.esm
0003A7C3|Fallout4.esm
0003A79D|Fallout4.esm
00021C3F|Fallout4.esm
00021C8B|Fallout4.esm
00021C8A|Fallout4.esm
00021C89|Fallout4.esm
00021C88|Fallout4.esm
0003A648|Fallout4.esm
0003A649|Fallout4.esm
0003A64A|Fallout4.esm
0003B555|Fallout4.esm
0003B556|Fallout4.esm
0003B557|Fallout4.esm
0003DF2D|Fallout4.esm
0003DF2E|Fallout4.esm
00045D53|Fallout4.esm
0005823B|Fallout4.esm
00066996|Fallout4.esm
00067051|Fallout4.esm
00067052|Fallout4.esm
0006705F|Fallout4.esm
00067061|Fallout4.esm
00067062|Fallout4.esm
00067069|Fallout4.esm
0019EE52|Fallout4.esm
00152D55|Fallout4.esm
00152D5C|Fallout4.esm
00152D88|Fallout4.esm
00152DB4|Fallout4.esm
001AB6BE|Fallout4.esm
001B86BD|Fallout4.esm
001B86BE|Fallout4.esm
001DFDBF|Fallout4.esm
00021C40|Fallout4.esm
00021C41|Fallout4.esm
0019B3F7|Fallout4.esm
0019B415|Fallout4.esm
000E46A2|Fallout4.esm
000E46A1|Fallout4.esm
000E46A0|Fallout4.esm
0003A646|Fallout4.esm
0003A64B|Fallout4.esm
00043645|Fallout4.esm
000484E6|Fallout4.esm
000484E7|Fallout4.esm
000484EF|Fallout4.esm
000484F0|Fallout4.esm
000484F1|Fallout4.esm
000484F2|Fallout4.esm
000484F3|Fallout4.esm
000484F4|Fallout4.esm
000484F5|Fallout4.esm
000484F6|Fallout4.esm
000484FB|Fallout4.esm
000484FC|Fallout4.esm
000484FD|Fallout4.esm
000484FF|Fallout4.esm
00048500|Fallout4.esm
00048501|Fallout4.esm
00048503|Fallout4.esm
00048504|Fallout4.esm
00049D9D|Fallout4.esm
0004D398|Fallout4.esm
0004D39D|Fallout4.esm
0005822F|Fallout4.esm
000926EE|Fallout4.esm
00049BDD|Fallout4.esm
00043351|Fallout4.esm
00178D9D|Fallout4.esm
00178D9F|Fallout4.esm
00178DA0|Fallout4.esm
00178DA3|Fallout4.esm
[07/10/2019 - 02:39:52PM] Log closed
