[07/10/2019 - 02:40:37PM] 421558 log opened (PC-64)
[07/10/2019 - 02:40:37PM] 
00246243|Fallout4.esm
00247A3B|Fallout4.esm
000C2B9A|Fallout4.esm
00184A92|Fallout4.esm
00184A93|Fallout4.esm
00184A95|Fallout4.esm
0022FEB4|Fallout4.esm
0022FEB5|Fallout4.esm
0022FEB6|Fallout4.esm
000825DE|Fallout4.esm
0006D1F4|Fallout4.esm
0006D1F5|Fallout4.esm
000C2B9C|Fallout4.esm
000C2B9E|Fallout4.esm
000C2BAE|Fallout4.esm
00248310|Fallout4.esm
00248327|Fallout4.esm
00248344|Fallout4.esm
00248346|Fallout4.esm
00248348|Fallout4.esm
00248349|Fallout4.esm
0024834B|Fallout4.esm
00249CA8|Fallout4.esm
00249CA9|Fallout4.esm
00249CB5|Fallout4.esm
00249CB6|Fallout4.esm
00249CB7|Fallout4.esm
00249CB8|Fallout4.esm
00249CB9|Fallout4.esm
00249C9C|Fallout4.esm
00248325|Fallout4.esm
0024832F|Fallout4.esm
00248341|Fallout4.esm
00248342|Fallout4.esm
00248343|Fallout4.esm
00248345|Fallout4.esm
00248347|Fallout4.esm
0024834A|Fallout4.esm
0024834C|Fallout4.esm
0023C681|Fallout4.esm
00210C14|Fallout4.esm
00210C13|Fallout4.esm
00210C11|Fallout4.esm
00210C10|Fallout4.esm
00210C0F|Fallout4.esm
00210C0E|Fallout4.esm
00210C0D|Fallout4.esm
00210C0C|Fallout4.esm
00210C0B|Fallout4.esm
00210C0A|Fallout4.esm
00210C09|Fallout4.esm
00210C08|Fallout4.esm
00210C07|Fallout4.esm
00210C06|Fallout4.esm
00210C05|Fallout4.esm
00210C04|Fallout4.esm
00210C02|Fallout4.esm
00210C01|Fallout4.esm
00210C00|Fallout4.esm
00210BFF|Fallout4.esm
00210BFE|Fallout4.esm
00210BFD|Fallout4.esm
00210BFC|Fallout4.esm
00210BFB|Fallout4.esm
00210BFA|Fallout4.esm
00221A84|Fallout4.esm
00249CB1|Fallout4.esm
002196D7|Fallout4.esm
0024831E|Fallout4.esm
00248321|Fallout4.esm
000B4807|Fallout4.esm
0021FB0B|Fallout4.esm
0021FB0A|Fallout4.esm
000B482F|Fallout4.esm
00249CAC|Fallout4.esm
0021FB15|Fallout4.esm
00221B0E|Fallout4.esm
000B481C|Fallout4.esm
00249CB4|Fallout4.esm
00064F1B|Fallout4.esm
0021FB08|Fallout4.esm
00064F1D|Fallout4.esm
00221A85|Fallout4.esm
00221B70|Fallout4.esm
00221B6F|Fallout4.esm
00221A87|Fallout4.esm
00221B04|Fallout4.esm
000B4808|Fallout4.esm
000C2B9F|Fallout4.esm
00248328|Fallout4.esm
000B4805|Fallout4.esm
000B4806|Fallout4.esm
0021FB09|Fallout4.esm
00221AEE|Fallout4.esm
000B4817|Fallout4.esm
0024833A|Fallout4.esm
0021FAF8|Fallout4.esm
00221B0F|Fallout4.esm
00246B4F|Fallout4.esm
00221B66|Fallout4.esm
0021FB14|Fallout4.esm
000B4812|Fallout4.esm
00221AEF|Fallout4.esm
00221AED|Fallout4.esm
0021FAFA|Fallout4.esm
0024830C|Fallout4.esm
0024832B|Fallout4.esm
00221AE2|Fallout4.esm
00249CAD|Fallout4.esm
00248330|Fallout4.esm
00248335|Fallout4.esm
0024832E|Fallout4.esm
00221B55|Fallout4.esm
000B47EF|Fallout4.esm
00221A90|Fallout4.esm
0021FB06|Fallout4.esm
00221B60|Fallout4.esm
00064F2C|Fallout4.esm
00064F26|Fallout4.esm
00249CA0|Fallout4.esm
00221A93|Fallout4.esm
00221A92|Fallout4.esm
00221B53|Fallout4.esm
000B4815|Fallout4.esm
00249CAB|Fallout4.esm
00249CAE|Fallout4.esm
00064D4D|Fallout4.esm
0021FA3D|Fallout4.esm
00248322|Fallout4.esm
00221B07|Fallout4.esm
0024831A|Fallout4.esm
0024831B|Fallout4.esm
00221B6E|Fallout4.esm
0021FAF2|Fallout4.esm
00221B0B|Fallout4.esm
00248336|Fallout4.esm
0024830B|Fallout4.esm
00221B69|Fallout4.esm
0021FB00|Fallout4.esm
0021FB0C|Fallout4.esm
00221B62|Fallout4.esm
001B8893|Fallout4.esm
001B8873|Fallout4.esm
00246B51|Fallout4.esm
00221A8A|Fallout4.esm
00248331|Fallout4.esm
00248317|Fallout4.esm
00248319|Fallout4.esm
00246B4E|Fallout4.esm
00221B5F|Fallout4.esm
00064DC7|Fallout4.esm
000B481A|Fallout4.esm
000B481B|Fallout4.esm
00221A91|Fallout4.esm
0021FAF9|Fallout4.esm
00248337|Fallout4.esm
00064CDD|Fallout4.esm
00247106|Fallout4.esm
00249C99|Fallout4.esm
0024831D|Fallout4.esm
00221B67|Fallout4.esm
0024833D|Fallout4.esm
00221AF0|Fallout4.esm
00221B59|Fallout4.esm
00248338|Fallout4.esm
00064DCA|Fallout4.esm
00221B02|Fallout4.esm
0024830F|Fallout4.esm
00221B61|Fallout4.esm
001C1458|Fallout4.esm
00184A9A|Fallout4.esm
00248320|Fallout4.esm
00249CA1|Fallout4.esm
00248312|Fallout4.esm
00221B5A|Fallout4.esm
00221B58|Fallout4.esm
00221B57|Fallout4.esm
0024830D|Fallout4.esm
000B482D|Fallout4.esm
000B4838|Fallout4.esm
001A7085|Fallout4.esm
001C1456|Fallout4.esm
00185CDC|Fallout4.esm
001A0C9E|Fallout4.esm
001C1457|Fallout4.esm
00247105|Fallout4.esm
00246245|Fallout4.esm
00210BF9|Fallout4.esm
00064F25|Fallout4.esm
00064F24|Fallout4.esm
00064F1E|Fallout4.esm
00064DC9|Fallout4.esm
00064C3C|Fallout4.esm
000BB001|Fallout4.esm
000BB000|Fallout4.esm
000BAFFE|Fallout4.esm
0009F14B|Fallout4.esm
0009F145|Fallout4.esm
000C2BAD|Fallout4.esm
0016BD72|Fallout4.esm
002196D4|Fallout4.esm
002196D5|Fallout4.esm
002196D6|Fallout4.esm
002196D8|Fallout4.esm
002196D9|Fallout4.esm
00247101|Fallout4.esm
0024833E|Fallout4.esm
00249C9A|Fallout4.esm
00249C9B|Fallout4.esm
00249CA3|Fallout4.esm
00249CA4|Fallout4.esm
00249CAF|Fallout4.esm
00064C3A|Fallout4.esm
000B4827|Fallout4.esm
000B4839|Fallout4.esm
0024830E|Fallout4.esm
00248323|Fallout4.esm
00248340|Fallout4.esm
00221B72|Fallout4.esm
00221B71|Fallout4.esm
00221B6D|Fallout4.esm
00221B6C|Fallout4.esm
00221B6B|Fallout4.esm
00221B6A|Fallout4.esm
00221B68|Fallout4.esm
00221B65|Fallout4.esm
00221B5D|Fallout4.esm
00221B5C|Fallout4.esm
00221B5B|Fallout4.esm
00221B56|Fallout4.esm
00221B54|Fallout4.esm
00221AF4|Fallout4.esm
00221AF3|Fallout4.esm
00221AF1|Fallout4.esm
001B889C|Fallout4.esm
001B8896|Fallout4.esm
00064D03|Fallout4.esm
00064C3B|Fallout4.esm
000B4834|Fallout4.esm
000B482E|Fallout4.esm
000B482C|Fallout4.esm
0009F14C|Fallout4.esm
000C2B9B|Fallout4.esm
00184A99|Fallout4.esm
00247102|Fallout4.esm
00221B03|Fallout4.esm
001DA046|Fallout4.esm
001EB4EB|Fallout4.esm
00221B10|Fallout4.esm
000BAF96|Fallout4.esm
00248315|Fallout4.esm
00248329|Fallout4.esm
0024832A|Fallout4.esm
0024832C|Fallout4.esm
0024832D|Fallout4.esm
0024833F|Fallout4.esm
00249C9D|Fallout4.esm
00249C9E|Fallout4.esm
00249C9F|Fallout4.esm
00249CA2|Fallout4.esm
00249CA6|Fallout4.esm
00249CA7|Fallout4.esm
00249CAA|Fallout4.esm
00249CB0|Fallout4.esm
00249CB2|Fallout4.esm
00249CB3|Fallout4.esm
000B4811|Fallout4.esm
00221A7E|Fallout4.esm
0021FB0D|Fallout4.esm
0021FB0E|Fallout4.esm
0021FA3B|Fallout4.esm
0021FB07|Fallout4.esm
0021FA3C|Fallout4.esm
0021FB05|Fallout4.esm
0021FAFE|Fallout4.esm
00221A80|Fallout4.esm
00221A7F|Fallout4.esm
00248324|Fallout4.esm
00221AEC|Fallout4.esm
00246244|Fallout4.esm
00247A38|Fallout4.esm
00249CA5|Fallout4.esm
00221B05|Fallout4.esm
0021FB0F|Fallout4.esm
00248311|Fallout4.esm
00248313|Fallout4.esm
00248314|Fallout4.esm
00248316|Fallout4.esm
00248318|Fallout4.esm
0024831C|Fallout4.esm
0024831F|Fallout4.esm
00248326|Fallout4.esm
00248332|Fallout4.esm
00248333|Fallout4.esm
00248334|Fallout4.esm
00248339|Fallout4.esm
0024833B|Fallout4.esm
0024833C|Fallout4.esm
00221B11|Fallout4.esm
00221B0C|Fallout4.esm
00221B08|Fallout4.esm
00221B06|Fallout4.esm
00221AEB|Fallout4.esm
00221AE1|Fallout4.esm
00221AE0|Fallout4.esm
00221ADF|Fallout4.esm
00221ADE|Fallout4.esm
00221A89|Fallout4.esm
00221A88|Fallout4.esm
00221A86|Fallout4.esm
00221A7D|Fallout4.esm
00221A7C|Fallout4.esm
0021FB16|Fallout4.esm
0021FB13|Fallout4.esm
0021FB12|Fallout4.esm
0021FB11|Fallout4.esm
0021FB10|Fallout4.esm
0021FAFD|Fallout4.esm
0021FAFC|Fallout4.esm
0021FAFB|Fallout4.esm
0021FAF0|Fallout4.esm
00064F30|Fallout4.esm
00064F2F|Fallout4.esm
00064DC3|Fallout4.esm
000B4814|Fallout4.esm
000B4816|Fallout4.esm
000B4818|Fallout4.esm
000B4819|Fallout4.esm
000B481D|Fallout4.esm
00184A9B|Fallout4.esm
001AB6A0|Fallout4.esm
001C1459|Fallout4.esm
0023C680|Fallout4.esm
00246B50|Fallout4.esm
002470FF|Fallout4.esm
00247100|Fallout4.esm
00247103|Fallout4.esm
00247104|Fallout4.esm
[07/10/2019 - 02:40:37PM] Log closed
