[07/10/2019 - 01:56:22PM] 456133 log opened (PC-64)
[07/10/2019 - 01:56:22PM] 
00193D9A|Fallout4.esm
000610C1|Fallout4.esm
0006108D|Fallout4.esm
0006108E|Fallout4.esm
0006108F|Fallout4.esm
00066EED|Fallout4.esm
00066EEB|Fallout4.esm
00190CA5|Fallout4.esm
00143975|Fallout4.esm
00143974|Fallout4.esm
00143973|Fallout4.esm
00143972|Fallout4.esm
00143970|Fallout4.esm
0014396F|Fallout4.esm
0014396E|Fallout4.esm
0014396D|Fallout4.esm
0014396C|Fallout4.esm
0014396A|Fallout4.esm
00143969|Fallout4.esm
00143968|Fallout4.esm
00143966|Fallout4.esm
00143964|Fallout4.esm
00143963|Fallout4.esm
00143962|Fallout4.esm
00143961|Fallout4.esm
0014395F|Fallout4.esm
0014395C|Fallout4.esm
0014395A|Fallout4.esm
00143959|Fallout4.esm
00143953|Fallout4.esm
00143955|Fallout4.esm
00088A21|Fallout4.esm
00190CA6|Fallout4.esm
00190CA7|Fallout4.esm
00190CA8|Fallout4.esm
00190CAA|Fallout4.esm
001921DE|Fallout4.esm
001921DF|Fallout4.esm
001921E0|Fallout4.esm
001921E1|Fallout4.esm
001921E2|Fallout4.esm
0006B987|Fallout4.esm
00066EE6|Fallout4.esm
00066EEC|Fallout4.esm
00066F6F|Fallout4.esm
00066F78|Fallout4.esm
00066F83|Fallout4.esm
00066F84|Fallout4.esm
00066F8B|Fallout4.esm
002472CF|Fallout4.esm
00198549|Fallout4.esm
001D167B|Fallout4.esm
001D167C|Fallout4.esm
001D167D|Fallout4.esm
0006B9D4|Fallout4.esm
00064494|Fallout4.esm
001BDE18|Fallout4.esm
000642FB|Fallout4.esm
00066F42|Fallout4.esm
00066F40|Fallout4.esm
0022332E|Fallout4.esm
00088A26|Fallout4.esm
00064421|Fallout4.esm
0006B9CA|Fallout4.esm
00245A6B|Fallout4.esm
0006B98F|Fallout4.esm
0006442A|Fallout4.esm
00066F62|Fallout4.esm
00190CA9|Fallout4.esm
0006B9CB|Fallout4.esm
0006B9C9|Fallout4.esm
000644A9|Fallout4.esm
000665D7|Fallout4.esm
0023F668|Fallout4.esm
0006448F|Fallout4.esm
000642DD|Fallout4.esm
0006430E|Fallout4.esm
00064429|Fallout4.esm
0024941E|Fallout4.esm
00060BFB|Fallout4.esm
00193DAA|Fallout4.esm
00064120|Fallout4.esm
00064481|Fallout4.esm
0006B9D2|Fallout4.esm
000642CB|Fallout4.esm
00064301|Fallout4.esm
00066EE7|Fallout4.esm
00143971|Fallout4.esm
0006B9A1|Fallout4.esm
0006B99F|Fallout4.esm
0006442C|Fallout4.esm
00066F37|Fallout4.esm
0006443F|Fallout4.esm
0006443C|Fallout4.esm
00029612|Fallout4.esm
0006B9BD|Fallout4.esm
00193DA3|Fallout4.esm
0006441B|Fallout4.esm
00066EF0|Fallout4.esm
00066EEF|Fallout4.esm
00066F86|Fallout4.esm
00193DA4|Fallout4.esm
0006430D|Fallout4.esm
0006449C|Fallout4.esm
00066F6A|Fallout4.esm
000642EF|Fallout4.esm
000AD51D|Fallout4.esm
001921E3|Fallout4.esm
001921E4|Fallout4.esm
0006B9D7|Fallout4.esm
0006B9D6|Fallout4.esm
0006B9E2|Fallout4.esm
000642D3|Fallout4.esm
00064431|Fallout4.esm
000665DD|Fallout4.esm
000665DE|Fallout4.esm
001921DA|Fallout4.esm
00193D97|Fallout4.esm
00064489|Fallout4.esm
00193D9C|Fallout4.esm
0006B9AE|Fallout4.esm
0006B9AD|Fallout4.esm
000642FC|Fallout4.esm
00066F29|Fallout4.esm
00066F12|Fallout4.esm
00223330|Fallout4.esm
000AD51C|Fallout4.esm
0022332A|Fallout4.esm
0022332C|Fallout4.esm
0006B98D|Fallout4.esm
0006B9A4|Fallout4.esm
00088A27|Fallout4.esm
00086234|Fallout4.esm
00193DA2|Fallout4.esm
000642F0|Fallout4.esm
00143803|Fallout4.esm
00066F36|Fallout4.esm
000642EE|Fallout4.esm
000A2CB1|Fallout4.esm
00060BFC|Fallout4.esm
00083406|Fallout4.esm
0006B98C|Fallout4.esm
0006B9FA|Fallout4.esm
0006B9F9|Fallout4.esm
00193D92|Fallout4.esm
00193DA7|Fallout4.esm
00193DA6|Fallout4.esm
0006430F|Fallout4.esm
00064423|Fallout4.esm
00064420|Fallout4.esm
0006441F|Fallout4.esm
0006443A|Fallout4.esm
0006449D|Fallout4.esm
00064499|Fallout4.esm
00064491|Fallout4.esm
0006448D|Fallout4.esm
00066EE5|Fallout4.esm
00066EE2|Fallout4.esm
00066EF6|Fallout4.esm
000665D8|Fallout4.esm
001921E5|Fallout4.esm
00143965|Fallout4.esm
0006B9D5|Fallout4.esm
0006B9D3|Fallout4.esm
0006B9D1|Fallout4.esm
0006B9CC|Fallout4.esm
00223332|Fallout4.esm
0006B9C4|Fallout4.esm
0006B9DC|Fallout4.esm
0006B9DB|Fallout4.esm
0006B9DA|Fallout4.esm
00066F74|Fallout4.esm
0006B9DD|Fallout4.esm
00065524|Fallout4.esm
0006B9B1|Fallout4.esm
0006B9B0|Fallout4.esm
0006B9AC|Fallout4.esm
000642D6|Fallout4.esm
000642D5|Fallout4.esm
000642D1|Fallout4.esm
000642D0|Fallout4.esm
000642CC|Fallout4.esm
0006429D|Fallout4.esm
0006412A|Fallout4.esm
00193DAC|Fallout4.esm
00193DAB|Fallout4.esm
00193DA8|Fallout4.esm
00193DA5|Fallout4.esm
00193DA1|Fallout4.esm
00193DA0|Fallout4.esm
00193D9F|Fallout4.esm
00193D9E|Fallout4.esm
00193D99|Fallout4.esm
00193D98|Fallout4.esm
00193D96|Fallout4.esm
00086233|Fallout4.esm
0006B9FB|Fallout4.esm
0006B9F8|Fallout4.esm
0006B9E3|Fallout4.esm
0006B9E1|Fallout4.esm
0006B9E0|Fallout4.esm
0006B9DF|Fallout4.esm
00064497|Fallout4.esm
0006B9A8|Fallout4.esm
0006B9A7|Fallout4.esm
0006B9A5|Fallout4.esm
0006B9A2|Fallout4.esm
0006B99E|Fallout4.esm
0006B99C|Fallout4.esm
0006B999|Fallout4.esm
0006B996|Fallout4.esm
0006B995|Fallout4.esm
0006B990|Fallout4.esm
001921DC|Fallout4.esm
001921E6|Fallout4.esm
001921E7|Fallout4.esm
00223329|Fallout4.esm
00223331|Fallout4.esm
00238793|Fallout4.esm
00143957|Fallout4.esm
00083407|Fallout4.esm
00083408|Fallout4.esm
00083409|Fallout4.esm
000665D6|Fallout4.esm
000669A0|Fallout4.esm
000669A1|Fallout4.esm
0018F07A|Fallout4.esm
00245A67|Fallout4.esm
00245A6C|Fallout4.esm
000855BC|Fallout4.esm
000AD51E|Fallout4.esm
000AD520|Fallout4.esm
000665D9|Fallout4.esm
000665DB|Fallout4.esm
000665DC|Fallout4.esm
000A2CF6|Fallout4.esm
001D167E|Fallout4.esm
001D167F|Fallout4.esm
001D1680|Fallout4.esm
000642E7|Fallout4.esm
000642ED|Fallout4.esm
0006443E|Fallout4.esm
0006443D|Fallout4.esm
0006B9F7|Fallout4.esm
00029611|Fallout4.esm
0014396B|Fallout4.esm
00029613|Fallout4.esm
001AB6C8|Fallout4.esm
0022332D|Fallout4.esm
0022332B|Fallout4.esm
00064311|Fallout4.esm
000642D2|Fallout4.esm
0022332F|Fallout4.esm
000295D9|Fallout4.esm
001793F8|Fallout4.esm
00066EE4|Fallout4.esm
00066EE3|Fallout4.esm
001CA0BA|Fallout4.esm
001CA0B8|Fallout4.esm
001CA0AF|Fallout4.esm
00066F87|Fallout4.esm
00066F85|Fallout4.esm
00066F60|Fallout4.esm
00066F5F|Fallout4.esm
00066F5E|Fallout4.esm
00066F53|Fallout4.esm
00066F4E|Fallout4.esm
00066F39|Fallout4.esm
00066F35|Fallout4.esm
00066F34|Fallout4.esm
00066F2B|Fallout4.esm
00066F2A|Fallout4.esm
0014395E|Fallout4.esm
00066F11|Fallout4.esm
00066F0F|Fallout4.esm
00066F0E|Fallout4.esm
00066EF9|Fallout4.esm
00066EF8|Fallout4.esm
00066EF5|Fallout4.esm
001921DD|Fallout4.esm
00064488|Fallout4.esm
00064482|Fallout4.esm
00064480|Fallout4.esm
0006447D|Fallout4.esm
0006447B|Fallout4.esm
00064439|Fallout4.esm
00064438|Fallout4.esm
00064437|Fallout4.esm
0006442D|Fallout4.esm
00064434|Fallout4.esm
00064433|Fallout4.esm
00064432|Fallout4.esm
00064427|Fallout4.esm
0006441A|Fallout4.esm
00064419|Fallout4.esm
000643E9|Fallout4.esm
0006431A|Fallout4.esm
00064319|Fallout4.esm
00064317|Fallout4.esm
00064315|Fallout4.esm
00064314|Fallout4.esm
00064313|Fallout4.esm
00064312|Fallout4.esm
00064310|Fallout4.esm
00143967|Fallout4.esm
0006430C|Fallout4.esm
0006430B|Fallout4.esm
0006430A|Fallout4.esm
00064304|Fallout4.esm
00064303|Fallout4.esm
00064302|Fallout4.esm
00064300|Fallout4.esm
000642FA|Fallout4.esm
000642F9|Fallout4.esm
000642F8|Fallout4.esm
000642F7|Fallout4.esm
000642E8|Fallout4.esm
000642DE|Fallout4.esm
000642DC|Fallout4.esm
000642D8|Fallout4.esm
000642D7|Fallout4.esm
000642CD|Fallout4.esm
000A2CB0|Fallout4.esm
0006B9DE|Fallout4.esm
00064490|Fallout4.esm
000642DB|Fallout4.esm
00245A6A|Fallout4.esm
[07/10/2019 - 01:56:22PM] Log closed
