[07/10/2019 - 01:36:43PM] 50375456 log opened (PC-64)
[07/10/2019 - 01:36:43PM] 
03032F64|DLCCoast.esm
03010416|DLCCoast.esm
03010417|DLCCoast.esm
03010418|DLCCoast.esm
03010419|DLCCoast.esm
0301041A|DLCCoast.esm
0300F7C9|DLCCoast.esm
0300F7CA|DLCCoast.esm
0300F7CB|DLCCoast.esm
0300F7CC|DLCCoast.esm
0300F7CD|DLCCoast.esm
0303D760|DLCCoast.esm
0303D761|DLCCoast.esm
0303D762|DLCCoast.esm
0303D765|DLCCoast.esm
0303D766|DLCCoast.esm
0300929F|DLCCoast.esm
030092A4|DLCCoast.esm
030092AE|DLCCoast.esm
030092B0|DLCCoast.esm
030092B1|DLCCoast.esm
03036A35|DLCCoast.esm
03036A46|DLCCoast.esm
03008CF6|DLCCoast.esm
03008D12|DLCCoast.esm
03009291|DLCCoast.esm
03009292|DLCCoast.esm
03009293|DLCCoast.esm
0300DFE5|DLCCoast.esm
03039A5C|DLCCoast.esm
03039A62|DLCCoast.esm
03008CFF|DLCCoast.esm
03039A5D|DLCCoast.esm
03008CF7|DLCCoast.esm
03008CF8|DLCCoast.esm
03008CF9|DLCCoast.esm
03008D00|DLCCoast.esm
03008D01|DLCCoast.esm
03008D02|DLCCoast.esm
03008D09|DLCCoast.esm
03008D10|DLCCoast.esm
03008D11|DLCCoast.esm
03008D13|DLCCoast.esm
03008D14|DLCCoast.esm
03008D15|DLCCoast.esm
03009286|DLCCoast.esm
03009287|DLCCoast.esm
03009288|DLCCoast.esm
03009289|DLCCoast.esm
0300928A|DLCCoast.esm
03009290|DLCCoast.esm
03009294|DLCCoast.esm
03009295|DLCCoast.esm
0300929E|DLCCoast.esm
030092A5|DLCCoast.esm
030092A7|DLCCoast.esm
030092A8|DLCCoast.esm
030092A9|DLCCoast.esm
030092AA|DLCCoast.esm
03009339|DLCCoast.esm
03036331|DLCCoast.esm
03036333|DLCCoast.esm
03036334|DLCCoast.esm
03036339|DLCCoast.esm
03039A31|DLCCoast.esm
03056F54|DLCCoast.esm
03036A47|DLCCoast.esm
03036A43|DLCCoast.esm
03039A1D|DLCCoast.esm
03039A8F|DLCCoast.esm
03033449|DLCCoast.esm
0300B9C4|DLCCoast.esm
0303244A|DLCCoast.esm
03039A3F|DLCCoast.esm
030092CF|DLCCoast.esm
030092F9|DLCCoast.esm
030314C2|DLCCoast.esm
03036A06|DLCCoast.esm
030071C8|DLCCoast.esm
03007C9C|DLCCoast.esm
03036A54|DLCCoast.esm
03036A1C|DLCCoast.esm
03039A4C|DLCCoast.esm
030092B9|DLCCoast.esm
030092D3|DLCCoast.esm
030092D2|DLCCoast.esm
03008CD9|DLCCoast.esm
030092B3|DLCCoast.esm
03039A34|DLCCoast.esm
0303F256|DLCCoast.esm
03036A16|DLCCoast.esm
030092B7|DLCCoast.esm
0303DC93|DLCCoast.esm
03039A9F|DLCCoast.esm
03036A9C|DLCCoast.esm
0303348E|DLCCoast.esm
0300B9C2|DLCCoast.esm
0300B9BC|DLCCoast.esm
030092BE|DLCCoast.esm
030092EC|DLCCoast.esm
030369FF|DLCCoast.esm
0302E403|DLCCoast.esm
03036A00|DLCCoast.esm
0302E405|DLCCoast.esm
03036A04|DLCCoast.esm
030314AA|DLCCoast.esm
030363D0|DLCCoast.esm
03032F63|DLCCoast.esm
03039A52|DLCCoast.esm
03032F69|DLCCoast.esm
03032F77|DLCCoast.esm
03032E43|DLCCoast.esm
03008C94|DLCCoast.esm
03008C95|DLCCoast.esm
030092D1|DLCCoast.esm
0303633A|DLCCoast.esm
03039A4A|DLCCoast.esm
03032E44|DLCCoast.esm
03032452|DLCCoast.esm
0300928C|DLCCoast.esm
03008CFC|DLCCoast.esm
03032422|DLCCoast.esm
03036A2C|DLCCoast.esm
03056F56|DLCCoast.esm
03039A1C|DLCCoast.esm
030092B5|DLCCoast.esm
030092CE|DLCCoast.esm
03039A49|DLCCoast.esm
0303241C|DLCCoast.esm
03056F4E|DLCCoast.esm
03056F51|DLCCoast.esm
03036A48|DLCCoast.esm
03008C97|DLCCoast.esm
0303F258|DLCCoast.esm
03036A5B|DLCCoast.esm
03039A1F|DLCCoast.esm
03039A20|DLCCoast.esm
03036A4E|DLCCoast.esm
0303343D|DLCCoast.esm
030363E0|DLCCoast.esm
0303634F|DLCCoast.esm
03036A09|DLCCoast.esm
03036A97|DLCCoast.esm
03009282|DLCCoast.esm
0303CFA0|DLCCoast.esm
03036A5D|DLCCoast.esm
03039A30|DLCCoast.esm
03036A4B|DLCCoast.esm
0303344A|DLCCoast.esm
03009309|DLCCoast.esm
03039A37|DLCCoast.esm
03039A4D|DLCCoast.esm
030092E5|DLCCoast.esm
03039A2C|DLCCoast.esm
030363F2|DLCCoast.esm
030363F3|DLCCoast.esm
03036A65|DLCCoast.esm
0300933C|DLCCoast.esm
03039A50|DLCCoast.esm
030092C9|DLCCoast.esm
03039A25|DLCCoast.esm
03033438|DLCCoast.esm
0300928B|DLCCoast.esm
030092C4|DLCCoast.esm
03056F46|DLCCoast.esm
03033443|DLCCoast.esm
03036A38|DLCCoast.esm
03036A20|DLCCoast.esm
0303241D|DLCCoast.esm
03036A5C|DLCCoast.esm
030364B9|DLCCoast.esm
030363BD|DLCCoast.esm
0303F262|DLCCoast.esm
030363D6|DLCCoast.esm
030071C6|DLCCoast.esm
0303241E|DLCCoast.esm
03032F65|DLCCoast.esm
03036A53|DLCCoast.esm
03036A66|DLCCoast.esm
0300933A|DLCCoast.esm
0303CF9F|DLCCoast.esm
03036A94|DLCCoast.esm
03039A5E|DLCCoast.esm
03036A64|DLCCoast.esm
03036A37|DLCCoast.esm
030092C0|DLCCoast.esm
030363DE|DLCCoast.esm
030092D6|DLCCoast.esm
030363D3|DLCCoast.esm
03036A24|DLCCoast.esm
030071AE|DLCCoast.esm
03056F47|DLCCoast.esm
03009337|DLCCoast.esm
030092F1|DLCCoast.esm
03036A26|DLCCoast.esm
030363CC|DLCCoast.esm
030092BA|DLCCoast.esm
03036A5F|DLCCoast.esm
03008CDC|DLCCoast.esm
03036A2A|DLCCoast.esm
03033444|DLCCoast.esm
0300927E|DLCCoast.esm
03036A62|DLCCoast.esm
03008C87|DLCCoast.esm
03036A05|DLCCoast.esm
030092CB|DLCCoast.esm
03033D0B|DLCCoast.esm
030092CD|DLCCoast.esm
03008C93|DLCCoast.esm
0303F259|DLCCoast.esm
03036A21|DLCCoast.esm
03036A22|DLCCoast.esm
03032491|DLCCoast.esm
030324A3|DLCCoast.esm
030092A0|DLCCoast.esm
03036A55|DLCCoast.esm
03036A67|DLCCoast.esm
03036A63|DLCCoast.esm
03036A61|DLCCoast.esm
03036A52|DLCCoast.esm
03039A26|DLCCoast.esm
03039A24|DLCCoast.esm
03039A23|DLCCoast.esm
03039A22|DLCCoast.esm
03036A2B|DLCCoast.esm
03036A29|DLCCoast.esm
03036A28|DLCCoast.esm
03036A27|DLCCoast.esm
0303651D|DLCCoast.esm
030364DF|DLCCoast.esm
030364BE|DLCCoast.esm
030364BB|DLCCoast.esm
030363CD|DLCCoast.esm
030363CE|DLCCoast.esm
030363CF|DLCCoast.esm
030363D1|DLCCoast.esm
030363D4|DLCCoast.esm
030363D5|DLCCoast.esm
030363D7|DLCCoast.esm
030363D8|DLCCoast.esm
030363D9|DLCCoast.esm
030363E5|DLCCoast.esm
030363BB|DLCCoast.esm
03039A47|DLCCoast.esm
03039A46|DLCCoast.esm
03039A45|DLCCoast.esm
03036AA4|DLCCoast.esm
03036A93|DLCCoast.esm
03036A6A|DLCCoast.esm
03036A69|DLCCoast.esm
03036AA7|DLCCoast.esm
03036AA6|DLCCoast.esm
03036AA5|DLCCoast.esm
03036A68|DLCCoast.esm
03036A51|DLCCoast.esm
03036A50|DLCCoast.esm
03036A4F|DLCCoast.esm
03036A4D|DLCCoast.esm
03036A4C|DLCCoast.esm
03033445|DLCCoast.esm
03033448|DLCCoast.esm
03033D07|DLCCoast.esm
03033D09|DLCCoast.esm
03033D0A|DLCCoast.esm
03033D0C|DLCCoast.esm
030071C5|DLCCoast.esm
0303343A|DLCCoast.esm
0300B9B9|DLCCoast.esm
0300B9B8|DLCCoast.esm
0300B9B7|DLCCoast.esm
0300B9B4|DLCCoast.esm
03009338|DLCCoast.esm
0300928D|DLCCoast.esm
03009280|DLCCoast.esm
0300927F|DLCCoast.esm
03008CF3|DLCCoast.esm
03056F45|DLCCoast.esm
03039A2A|DLCCoast.esm
0303CF99|DLCCoast.esm
03032432|DLCCoast.esm
0300930A|DLCCoast.esm
0300928F|DLCCoast.esm
0300928E|DLCCoast.esm
0303CF9C|DLCCoast.esm
03039A8E|DLCCoast.esm
03036A5E|DLCCoast.esm
03039A3E|DLCCoast.esm
03039A2B|DLCCoast.esm
030363DF|DLCCoast.esm
030324AE|DLCCoast.esm
03039A61|DLCCoast.esm
03039A60|DLCCoast.esm
03039A4B|DLCCoast.esm
03039A40|DLCCoast.esm
030324AD|DLCCoast.esm
0300927D|DLCCoast.esm
03039A3C|DLCCoast.esm
03039A3B|DLCCoast.esm
03039A3A|DLCCoast.esm
03036AA9|DLCCoast.esm
03036AA8|DLCCoast.esm
03036A4A|DLCCoast.esm
03036A49|DLCCoast.esm
03036A39|DLCCoast.esm
03036A36|DLCCoast.esm
03036364|DLCCoast.esm
03036363|DLCCoast.esm
03036362|DLCCoast.esm
03036352|DLCCoast.esm
03036350|DLCCoast.esm
0303634E|DLCCoast.esm
0303633B|DLCCoast.esm
030363E1|DLCCoast.esm
030363E2|DLCCoast.esm
030363E3|DLCCoast.esm
03036A23|DLCCoast.esm
03039A9E|DLCCoast.esm
0303DC92|DLCCoast.esm
0303DC94|DLCCoast.esm
0303DC96|DLCCoast.esm
030092BC|DLCCoast.esm
030092C1|DLCCoast.esm
030092C2|DLCCoast.esm
030092C3|DLCCoast.esm
030092C5|DLCCoast.esm
030092C6|DLCCoast.esm
030092C7|DLCCoast.esm
030092C8|DLCCoast.esm
030092CA|DLCCoast.esm
030092CC|DLCCoast.esm
030092FA|DLCCoast.esm
030092FC|DLCCoast.esm
030092FD|DLCCoast.esm
030092FE|DLCCoast.esm
03009306|DLCCoast.esm
03009307|DLCCoast.esm
03009308|DLCCoast.esm
0300933B|DLCCoast.esm
0303241F|DLCCoast.esm
03032420|DLCCoast.esm
03032421|DLCCoast.esm
03032423|DLCCoast.esm
03032424|DLCCoast.esm
03032425|DLCCoast.esm
03032426|DLCCoast.esm
03032427|DLCCoast.esm
030092BD|DLCCoast.esm
030092BF|DLCCoast.esm
030092ED|DLCCoast.esm
030092EE|DLCCoast.esm
030092F8|DLCCoast.esm
030092FB|DLCCoast.esm
0303242B|DLCCoast.esm
0303242C|DLCCoast.esm
03036A01|DLCCoast.esm
03036A08|DLCCoast.esm
0303242D|DLCCoast.esm
0303344B|DLCCoast.esm
03032490|DLCCoast.esm
03032493|DLCCoast.esm
03010415|DLCCoast.esm
0305410B|DLCCoast.esm
03008B9F|DLCCoast.esm
03036A89|DLCCoast.esm
0300E41F|DLCCoast.esm
030092BB|DLCCoast.esm
03032428|DLCCoast.esm
0303F257|DLCCoast.esm
0303343B|DLCCoast.esm
0303343C|DLCCoast.esm
0303DC97|DLCCoast.esm
0303F1EE|DLCCoast.esm
0303F1EF|DLCCoast.esm
03056F55|DLCCoast.esm
03056F57|DLCCoast.esm
03056F58|DLCCoast.esm
03022688|DLCCoast.esm
0302E404|DLCCoast.esm
030314A7|DLCCoast.esm
030314A8|DLCCoast.esm
030314A9|DLCCoast.esm
030314AB|DLCCoast.esm
030314AC|DLCCoast.esm
030314C0|DLCCoast.esm
030314C1|DLCCoast.esm
030315FF|DLCCoast.esm
03032F55|DLCCoast.esm
03032F60|DLCCoast.esm
03032F61|DLCCoast.esm
03032F62|DLCCoast.esm
03039A51|DLCCoast.esm
03036A98|DLCCoast.esm
03036A96|DLCCoast.esm
03036A95|DLCCoast.esm
030092EF|DLCCoast.esm
030092D0|DLCCoast.esm
030092B6|DLCCoast.esm
030092B4|DLCCoast.esm
030092A3|DLCCoast.esm
030092A2|DLCCoast.esm
030092A1|DLCCoast.esm
03008CFE|DLCCoast.esm
03008CFD|DLCCoast.esm
03008CF2|DLCCoast.esm
03008C88|DLCCoast.esm
03039A4F|DLCCoast.esm
0300E420|DLCCoast.esm
0300E421|DLCCoast.esm
03008C85|DLCCoast.esm
03036A18|DLCCoast.esm
030092AF|DLCCoast.esm
030092B8|DLCCoast.esm
03008C92|DLCCoast.esm
03008C96|DLCCoast.esm
03008C9A|DLCCoast.esm
03008CDA|DLCCoast.esm
03008CDB|DLCCoast.esm
03008CDD|DLCCoast.esm
03008CDE|DLCCoast.esm
03008CDF|DLCCoast.esm
03008CF5|DLCCoast.esm
03008D08|DLCCoast.esm
03009281|DLCCoast.esm
03009283|DLCCoast.esm
03009284|DLCCoast.esm
03032429|DLCCoast.esm
0303242A|DLCCoast.esm
03032453|DLCCoast.esm
03032454|DLCCoast.esm
030324A5|DLCCoast.esm
030324A6|DLCCoast.esm
030324A7|DLCCoast.esm
030324A8|DLCCoast.esm
03033434|DLCCoast.esm
03033435|DLCCoast.esm
03033436|DLCCoast.esm
03033437|DLCCoast.esm
03033439|DLCCoast.esm
0303343E|DLCCoast.esm
0303343F|DLCCoast.esm
03033440|DLCCoast.esm
03033441|DLCCoast.esm
03033442|DLCCoast.esm
030363BC|DLCCoast.esm
03036A02|DLCCoast.esm
03036A03|DLCCoast.esm
03036A07|DLCCoast.esm
03036A1A|DLCCoast.esm
03036A1B|DLCCoast.esm
03036A1D|DLCCoast.esm
03036A1E|DLCCoast.esm
03036A1F|DLCCoast.esm
03036A25|DLCCoast.esm
03037B55|DLCCoast.esm
03037B5E|DLCCoast.esm
03037B66|DLCCoast.esm
03039A1E|DLCCoast.esm
03039A32|DLCCoast.esm
03039A35|DLCCoast.esm
03039A36|DLCCoast.esm
03039A38|DLCCoast.esm
0303F25A|DLCCoast.esm
030071C4|DLCCoast.esm
030071C7|DLCCoast.esm
0303DC98|DLCCoast.esm
[07/10/2019 - 01:36:43PM] Log closed
