[07/10/2019 - 01:48:49PM] 50448042 log opened (PC-64)
[07/10/2019 - 01:48:49PM] 
03022483|DLCCoast.esm
0300A981|DLCCoast.esm
0300A982|DLCCoast.esm
03037298|DLCCoast.esm
03037299|DLCCoast.esm
0303729C|DLCCoast.esm
0303729D|DLCCoast.esm
0300B7E4|DLCCoast.esm
030093C7|DLCCoast.esm
030094F5|DLCCoast.esm
0302BF5A|DLCCoast.esm
0302BF5E|DLCCoast.esm
0302BF68|DLCCoast.esm
03035ABE|DLCCoast.esm
0303758C|DLCCoast.esm
0303758E|DLCCoast.esm
030375A3|DLCCoast.esm
030375B6|DLCCoast.esm
030375DC|DLCCoast.esm
030375DD|DLCCoast.esm
030375E0|DLCCoast.esm
030375EA|DLCCoast.esm
03037610|DLCCoast.esm
030375E8|DLCCoast.esm
0302BF37|DLCCoast.esm
030094FF|DLCCoast.esm
0300ACB4|DLCCoast.esm
03035ABA|DLCCoast.esm
03035ABD|DLCCoast.esm
030375B5|DLCCoast.esm
030375B8|DLCCoast.esm
030375BA|DLCCoast.esm
03037616|DLCCoast.esm
030375B7|DLCCoast.esm
0303DC7C|DLCCoast.esm
0303DC80|DLCCoast.esm
030094F6|DLCCoast.esm
0303DC6E|DLCCoast.esm
03009524|DLCCoast.esm
03009526|DLCCoast.esm
0303DC74|DLCCoast.esm
0303DC75|DLCCoast.esm
030094FE|DLCCoast.esm
03009523|DLCCoast.esm
030375A7|DLCCoast.esm
0303DC79|DLCCoast.esm
0303DC85|DLCCoast.esm
03009525|DLCCoast.esm
0303FD48|DLCCoast.esm
0303758D|DLCCoast.esm
0303758B|DLCCoast.esm
0303FD65|DLCCoast.esm
0302BF3C|DLCCoast.esm
0302BF40|DLCCoast.esm
030375DE|DLCCoast.esm
030093C8|DLCCoast.esm
030093CA|DLCCoast.esm
0302BF62|DLCCoast.esm
0302BF66|DLCCoast.esm
0303CFA3|DLCCoast.esm
0303DC73|DLCCoast.esm
0303DC7D|DLCCoast.esm
0302BF60|DLCCoast.esm
0302BF5C|DLCCoast.esm
0302BF52|DLCCoast.esm
0301EABF|DLCCoast.esm
03022480|DLCCoast.esm
0301EAB7|DLCCoast.esm
030094FB|DLCCoast.esm
0303773B|DLCCoast.esm
0301EAD1|DLCCoast.esm
0301EAC9|DLCCoast.esm
03037646|DLCCoast.esm
03037756|DLCCoast.esm
0303772A|DLCCoast.esm
0301EB65|DLCCoast.esm
0301EA85|DLCCoast.esm
030094FA|DLCCoast.esm
030223CB|DLCCoast.esm
03037716|DLCCoast.esm
03037717|DLCCoast.esm
030375E9|DLCCoast.esm
0301C6E9|DLCCoast.esm
03035B17|DLCCoast.esm
03037645|DLCCoast.esm
0302C33A|DLCCoast.esm
0303775D|DLCCoast.esm
0301EB58|DLCCoast.esm
030375AB|DLCCoast.esm
030376E4|DLCCoast.esm
03037770|DLCCoast.esm
0303A304|DLCCoast.esm
03022D1A|DLCCoast.esm
03037742|DLCCoast.esm
03037648|DLCCoast.esm
0302BFDB|DLCCoast.esm
030376DE|DLCCoast.esm
030376E0|DLCCoast.esm
0303DC83|DLCCoast.esm
0300D9A8|DLCCoast.esm
03037731|DLCCoast.esm
0301C6DD|DLCCoast.esm
0300D98C|DLCCoast.esm
0303775A|DLCCoast.esm
0301C6A6|DLCCoast.esm
0301EAEB|DLCCoast.esm
03037720|DLCCoast.esm
030359D1|DLCCoast.esm
0303776F|DLCCoast.esm
0300D668|DLCCoast.esm
0300D9AE|DLCCoast.esm
0300C5CF|DLCCoast.esm
03037722|DLCCoast.esm
0302BFC7|DLCCoast.esm
030375EC|DLCCoast.esm
0303773A|DLCCoast.esm
03022D1C|DLCCoast.esm
0305D3E1|DLCCoast.esm
0301EB2F|DLCCoast.esm
030223CA|DLCCoast.esm
03037768|DLCCoast.esm
0302BFC6|DLCCoast.esm
0302BF8B|DLCCoast.esm
030375E6|DLCCoast.esm
030375E7|DLCCoast.esm
03037667|DLCCoast.esm
030094F9|DLCCoast.esm
03037724|DLCCoast.esm
0301EA75|DLCCoast.esm
0301EAEA|DLCCoast.esm
0300D9A9|DLCCoast.esm
03037573|DLCCoast.esm
0303776C|DLCCoast.esm
0302C345|DLCCoast.esm
0303774E|DLCCoast.esm
030376E6|DLCCoast.esm
0300D9E0|DLCCoast.esm
03037590|DLCCoast.esm
0303774A|DLCCoast.esm
0300957D|DLCCoast.esm
0301EB5C|DLCCoast.esm
0301C677|DLCCoast.esm
0301EB57|DLCCoast.esm
0301C679|DLCCoast.esm
0303775F|DLCCoast.esm
0301EAE7|DLCCoast.esm
0301EA98|DLCCoast.esm
03037736|DLCCoast.esm
0300D65B|DLCCoast.esm
0301EB5A|DLCCoast.esm
030376E3|DLCCoast.esm
0301EA97|DLCCoast.esm
03037617|DLCCoast.esm
0300D9B0|DLCCoast.esm
0300C5CD|DLCCoast.esm
0300C5CE|DLCCoast.esm
0303774F|DLCCoast.esm
030093E1|DLCCoast.esm
030376EA|DLCCoast.esm
030094F7|DLCCoast.esm
03037737|DLCCoast.esm
0300D65E|DLCCoast.esm
030376F2|DLCCoast.esm
0301EB1F|DLCCoast.esm
03022D19|DLCCoast.esm
030425C9|DLCCoast.esm
0301EB36|DLCCoast.esm
0300938B|DLCCoast.esm
0301EAE1|DLCCoast.esm
030094F8|DLCCoast.esm
0302C346|DLCCoast.esm
0304FAB2|DLCCoast.esm
0301EB9B|DLCCoast.esm
0300D991|DLCCoast.esm
0300AC7D|DLCCoast.esm
0301EB3C|DLCCoast.esm
0301C688|DLCCoast.esm
0300AC7C|DLCCoast.esm
030376EF|DLCCoast.esm
0304FBD9|DLCCoast.esm
0301C6E6|DLCCoast.esm
0302BFC9|DLCCoast.esm
0304FAB4|DLCCoast.esm
0303764A|DLCCoast.esm
0300D65C|DLCCoast.esm
03037741|DLCCoast.esm
0303775B|DLCCoast.esm
0303774B|DLCCoast.esm
0301EAF2|DLCCoast.esm
030376ED|DLCCoast.esm
0301EAF0|DLCCoast.esm
0301EB30|DLCCoast.esm
03037651|DLCCoast.esm
0301EB61|DLCCoast.esm
03037738|DLCCoast.esm
03037762|DLCCoast.esm
0301EB53|DLCCoast.esm
0300D98D|DLCCoast.esm
030377E7|DLCCoast.esm
030376F4|DLCCoast.esm
030377E8|DLCCoast.esm
03037743|DLCCoast.esm
03035AB9|DLCCoast.esm
0303771A|DLCCoast.esm
03037745|DLCCoast.esm
0303774D|DLCCoast.esm
0302BF89|DLCCoast.esm
03022D11|DLCCoast.esm
030376F1|DLCCoast.esm
03037715|DLCCoast.esm
0303A30E|DLCCoast.esm
0300B7E5|DLCCoast.esm
03037740|DLCCoast.esm
0303776A|DLCCoast.esm
0301C629|DLCCoast.esm
03037721|DLCCoast.esm
0303774C|DLCCoast.esm
030359CD|DLCCoast.esm
0301EB3F|DLCCoast.esm
0302BFD5|DLCCoast.esm
0301EAB9|DLCCoast.esm
030359CF|DLCCoast.esm
0302BF44|DLCCoast.esm
0301EACE|DLCCoast.esm
030375EB|DLCCoast.esm
03037718|DLCCoast.esm
03037591|DLCCoast.esm
0301C6DE|DLCCoast.esm
03037757|DLCCoast.esm
0301EB60|DLCCoast.esm
0300D66A|DLCCoast.esm
0301C67B|DLCCoast.esm
0302247C|DLCCoast.esm
0301EB2A|DLCCoast.esm
030375EE|DLCCoast.esm
0302BF58|DLCCoast.esm
0302247A|DLCCoast.esm
03037636|DLCCoast.esm
030425CB|DLCCoast.esm
0304BA47|DLCCoast.esm
0300D9AC|DLCCoast.esm
0304FAB5|DLCCoast.esm
03037739|DLCCoast.esm
03022479|DLCCoast.esm
0303771B|DLCCoast.esm
0301EB69|DLCCoast.esm
030425CA|DLCCoast.esm
030093DF|DLCCoast.esm
030093E0|DLCCoast.esm
0300940A|DLCCoast.esm
0300A885|DLCCoast.esm
0301EB05|DLCCoast.esm
0303FD49|DLCCoast.esm
0303776D|DLCCoast.esm
0303776E|DLCCoast.esm
03037753|DLCCoast.esm
03037734|DLCCoast.esm
0301EAC2|DLCCoast.esm
0301EACA|DLCCoast.esm
030375AF|DLCCoast.esm
030375B3|DLCCoast.esm
030375B4|DLCCoast.esm
030375B9|DLCCoast.esm
03037725|DLCCoast.esm
030359CC|DLCCoast.esm
0301EA63|DLCCoast.esm
0301EA64|DLCCoast.esm
0301EA65|DLCCoast.esm
0301C6DA|DLCCoast.esm
0301C678|DLCCoast.esm
0301C67A|DLCCoast.esm
0301C687|DLCCoast.esm
0301C6A4|DLCCoast.esm
0301C6DF|DLCCoast.esm
0301C6E1|DLCCoast.esm
0303764B|DLCCoast.esm
0303764C|DLCCoast.esm
03037755|DLCCoast.esm
03037758|DLCCoast.esm
0301EC87|DLCCoast.esm
0301EAD0|DLCCoast.esm
030376DF|DLCCoast.esm
030377A7|DLCCoast.esm
0301EB01|DLCCoast.esm
0301EB43|DLCCoast.esm
0301EB31|DLCCoast.esm
0301EB9C|DLCCoast.esm
0301EB62|DLCCoast.esm
0301EB64|DLCCoast.esm
030359D0|DLCCoast.esm
030376D9|DLCCoast.esm
0303A309|DLCCoast.esm
0301C6DC|DLCCoast.esm
0301EAC3|DLCCoast.esm
0301EB0F|DLCCoast.esm
0301EB10|DLCCoast.esm
0301EB16|DLCCoast.esm
0302BF46|DLCCoast.esm
0302BF48|DLCCoast.esm
0302BF4C|DLCCoast.esm
030093C9|DLCCoast.esm
0300C5D8|DLCCoast.esm
0300C5D9|DLCCoast.esm
0300C5DB|DLCCoast.esm
0302BF3A|DLCCoast.esm
0302BF4E|DLCCoast.esm
0302BF50|DLCCoast.esm
0302BF2C|DLCCoast.esm
0300AC7B|DLCCoast.esm
03037766|DLCCoast.esm
03037767|DLCCoast.esm
03037769|DLCCoast.esm
0303776B|DLCCoast.esm
030376EB|DLCCoast.esm
030376EE|DLCCoast.esm
030376F3|DLCCoast.esm
030376F6|DLCCoast.esm
0302BFC8|DLCCoast.esm
0302BFCA|DLCCoast.esm
0300A980|DLCCoast.esm
030093D8|DLCCoast.esm
0304F35C|DLCCoast.esm
03022D1D|DLCCoast.esm
03022D17|DLCCoast.esm
03022D10|DLCCoast.esm
030377EA|DLCCoast.esm
030377E9|DLCCoast.esm
030377E6|DLCCoast.esm
030377E5|DLCCoast.esm
0302C347|DLCCoast.esm
0302C344|DLCCoast.esm
0301EA84|DLCCoast.esm
0301EA93|DLCCoast.esm
0301EA94|DLCCoast.esm
0301EA95|DLCCoast.esm
0301EA96|DLCCoast.esm
0301EAAC|DLCCoast.esm
0301EAAD|DLCCoast.esm
0301EAB1|DLCCoast.esm
0301EAB2|DLCCoast.esm
0301EAB4|DLCCoast.esm
0301EAB8|DLCCoast.esm
0302BFDC|DLCCoast.esm
0304FAB0|DLCCoast.esm
0304FAB3|DLCCoast.esm
03022383|DLCCoast.esm
03022385|DLCCoast.esm
03022386|DLCCoast.esm
0300D65A|DLCCoast.esm
0300AC8A|DLCCoast.esm
0300AC8C|DLCCoast.esm
0300B7E6|DLCCoast.esm
0300B7E7|DLCCoast.esm
0300D659|DLCCoast.esm
0300D65D|DLCCoast.esm
0300D667|DLCCoast.esm
0300D669|DLCCoast.esm
0300E6ED|DLCCoast.esm
0301C628|DLCCoast.esm
0301C676|DLCCoast.esm
0301C686|DLCCoast.esm
0301C6DB|DLCCoast.esm
0301C6E0|DLCCoast.esm
0301C6E2|DLCCoast.esm
0301EA66|DLCCoast.esm
0301EA76|DLCCoast.esm
030223C9|DLCCoast.esm
030223CC|DLCCoast.esm
030375B0|DLCCoast.esm
0303DC8C|DLCCoast.esm
0300ACAB|DLCCoast.esm
0300C5CB|DLCCoast.esm
0300D992|DLCCoast.esm
0300D997|DLCCoast.esm
0300D9AB|DLCCoast.esm
0300D9DE|DLCCoast.esm
0300D9DF|DLCCoast.esm
03037592|DLCCoast.esm
030375AA|DLCCoast.esm
030375AC|DLCCoast.esm
0302C33D|DLCCoast.esm
0302C33C|DLCCoast.esm
030093DD|DLCCoast.esm
030093DE|DLCCoast.esm
0300D9DB|DLCCoast.esm
0300D9DC|DLCCoast.esm
0302BF27|DLCCoast.esm
0302BF2B|DLCCoast.esm
0302BFC5|DLCCoast.esm
0302C339|DLCCoast.esm
0301EACF|DLCCoast.esm
0301EAE2|DLCCoast.esm
0301EAE3|DLCCoast.esm
0301EAE6|DLCCoast.esm
0301EAE8|DLCCoast.esm
0301EAE9|DLCCoast.esm
0301EAEC|DLCCoast.esm
0301EAED|DLCCoast.esm
0301EAEE|DLCCoast.esm
0301EAEF|DLCCoast.esm
0301EAF3|DLCCoast.esm
0301EAF4|DLCCoast.esm
0301EB04|DLCCoast.esm
0301EB06|DLCCoast.esm
0301EB17|DLCCoast.esm
0301EB51|DLCCoast.esm
0301EB56|DLCCoast.esm
0301EB5B|DLCCoast.esm
0301EB66|DLCCoast.esm
0301EB9A|DLCCoast.esm
0301EBA1|DLCCoast.esm
0302BF8C|DLCCoast.esm
0302C348|DLCCoast.esm
030359D2|DLCCoast.esm
03035B07|DLCCoast.esm
03035B0B|DLCCoast.esm
03035B0E|DLCCoast.esm
0303764F|DLCCoast.esm
03037650|DLCCoast.esm
030376DC|DLCCoast.esm
030376DD|DLCCoast.esm
030376E1|DLCCoast.esm
030376E2|DLCCoast.esm
030376E7|DLCCoast.esm
030376E8|DLCCoast.esm
030376E9|DLCCoast.esm
03037713|DLCCoast.esm
03037714|DLCCoast.esm
03037719|DLCCoast.esm
0303771C|DLCCoast.esm
0303771D|DLCCoast.esm
0303771E|DLCCoast.esm
0303771F|DLCCoast.esm
03037723|DLCCoast.esm
03037726|DLCCoast.esm
03037727|DLCCoast.esm
03037728|DLCCoast.esm
03037729|DLCCoast.esm
0303772B|DLCCoast.esm
0303772C|DLCCoast.esm
0303772D|DLCCoast.esm
0303772E|DLCCoast.esm
0303772F|DLCCoast.esm
03037730|DLCCoast.esm
03037732|DLCCoast.esm
03037733|DLCCoast.esm
03037735|DLCCoast.esm
0303773C|DLCCoast.esm
0303773D|DLCCoast.esm
0303773E|DLCCoast.esm
0303773F|DLCCoast.esm
03037744|DLCCoast.esm
03037746|DLCCoast.esm
03037747|DLCCoast.esm
03037748|DLCCoast.esm
03037749|DLCCoast.esm
03037750|DLCCoast.esm
03037751|DLCCoast.esm
03037752|DLCCoast.esm
03037754|DLCCoast.esm
03037759|DLCCoast.esm
0303775C|DLCCoast.esm
0303775E|DLCCoast.esm
03037760|DLCCoast.esm
03037761|DLCCoast.esm
03037763|DLCCoast.esm
03037764|DLCCoast.esm
03037765|DLCCoast.esm
03037771|DLCCoast.esm
03037772|DLCCoast.esm
03037773|DLCCoast.esm
03037774|DLCCoast.esm
03037782|DLCCoast.esm
03037783|DLCCoast.esm
030377A8|DLCCoast.esm
0304BA48|DLCCoast.esm
0300AC7E|DLCCoast.esm
03022478|DLCCoast.esm
0302247B|DLCCoast.esm
03022481|DLCCoast.esm
03022482|DLCCoast.esm
0302BF54|DLCCoast.esm
0302BF56|DLCCoast.esm
0300D9AF|DLCCoast.esm
03009388|DLCCoast.esm
03009389|DLCCoast.esm
0300938A|DLCCoast.esm
0300938C|DLCCoast.esm
0302BF87|DLCCoast.esm
0302BF88|DLCCoast.esm
0303758F|DLCCoast.esm
030375A4|DLCCoast.esm
030375B1|DLCCoast.esm
030375B2|DLCCoast.esm
030375DA|DLCCoast.esm
030375DB|DLCCoast.esm
030375E1|DLCCoast.esm
030375E3|DLCCoast.esm
030375E4|DLCCoast.esm
030375E5|DLCCoast.esm
030375ED|DLCCoast.esm
03037647|DLCCoast.esm
03037649|DLCCoast.esm
0303764D|DLCCoast.esm
0303764E|DLCCoast.esm
03037666|DLCCoast.esm
03037668|DLCCoast.esm
0303DC84|DLCCoast.esm
030093D7|DLCCoast.esm
0301C6E8|DLCCoast.esm
0301EAAE|DLCCoast.esm
0301EACD|DLCCoast.esm
0301EB18|DLCCoast.esm
0301EB54|DLCCoast.esm
0301EB44|DLCCoast.esm
0301EB45|DLCCoast.esm
0303769D|DLCCoast.esm
03035ABC|DLCCoast.esm
0301EAC1|DLCCoast.esm
0301EAC4|DLCCoast.esm
0301EB52|DLCCoast.esm
0301EB39|DLCCoast.esm
0301EB40|DLCCoast.esm
0301EB3E|DLCCoast.esm
0301EB2B|DLCCoast.esm
0301EB2C|DLCCoast.esm
030359CE|DLCCoast.esm
0303DC70|DLCCoast.esm
0301C6A5|DLCCoast.esm
030376E5|DLCCoast.esm
0304FBDB|DLCCoast.esm
0304FBDA|DLCCoast.esm
[07/10/2019 - 01:48:49PM] Log closed
