[07/10/2019 - 01:47:23PM] 50464332 log opened (PC-64)
[07/10/2019 - 01:47:23PM] 
03040AEE|DLCCoast.esm
03011CD8|DLCCoast.esm
03011CD9|DLCCoast.esm
03012773|DLCCoast.esm
03012774|DLCCoast.esm
03012775|DLCCoast.esm
03012779|DLCCoast.esm
0301277A|DLCCoast.esm
03013ECF|DLCCoast.esm
03054606|DLCCoast.esm
03054607|DLCCoast.esm
03054609|DLCCoast.esm
03044ED4|DLCCoast.esm
03044ED5|DLCCoast.esm
03012791|DLCCoast.esm
03013ED0|DLCCoast.esm
03013ED1|DLCCoast.esm
03013ED2|DLCCoast.esm
0301275B|DLCCoast.esm
03012785|DLCCoast.esm
030545F3|DLCCoast.esm
03013EB7|DLCCoast.esm
03013EBE|DLCCoast.esm
030545FE|DLCCoast.esm
03056F42|DLCCoast.esm
03011CD1|DLCCoast.esm
03012763|DLCCoast.esm
0301276B|DLCCoast.esm
0301276C|DLCCoast.esm
030545FA|DLCCoast.esm
030545FD|DLCCoast.esm
0305460C|DLCCoast.esm
0305460D|DLCCoast.esm
03012760|DLCCoast.esm
03012761|DLCCoast.esm
03012762|DLCCoast.esm
03012764|DLCCoast.esm
03012765|DLCCoast.esm
03012766|DLCCoast.esm
03012767|DLCCoast.esm
03012768|DLCCoast.esm
03012769|DLCCoast.esm
0301276D|DLCCoast.esm
0301276E|DLCCoast.esm
0301276F|DLCCoast.esm
03012776|DLCCoast.esm
03012777|DLCCoast.esm
0301277C|DLCCoast.esm
03012789|DLCCoast.esm
030127B0|DLCCoast.esm
03013E8B|DLCCoast.esm
03013E94|DLCCoast.esm
03013E95|DLCCoast.esm
03013E96|DLCCoast.esm
03013E97|DLCCoast.esm
03013EB8|DLCCoast.esm
03013EBA|DLCCoast.esm
03013EBC|DLCCoast.esm
03013EBD|DLCCoast.esm
03013EBF|DLCCoast.esm
0301463C|DLCCoast.esm
0301463D|DLCCoast.esm
03014666|DLCCoast.esm
030545F2|DLCCoast.esm
030545F4|DLCCoast.esm
030545F6|DLCCoast.esm
030545F7|DLCCoast.esm
0303264F|DLCCoast.esm
03032650|DLCCoast.esm
0302F362|DLCCoast.esm
03011D08|DLCCoast.esm
03011D09|DLCCoast.esm
03011D0A|DLCCoast.esm
03012786|DLCCoast.esm
03011CF7|DLCCoast.esm
03011CFD|DLCCoast.esm
0302F363|DLCCoast.esm
0302F370|DLCCoast.esm
0302F371|DLCCoast.esm
0302F38A|DLCCoast.esm
0303264B|DLCCoast.esm
0303264C|DLCCoast.esm
0303264D|DLCCoast.esm
0303264E|DLCCoast.esm
03032651|DLCCoast.esm
03032652|DLCCoast.esm
030366AA|DLCCoast.esm
0303CFAA|DLCCoast.esm
0303CFAB|DLCCoast.esm
0302F337|DLCCoast.esm
0302F33A|DLCCoast.esm
0302F33B|DLCCoast.esm
0302F33C|DLCCoast.esm
0302F33D|DLCCoast.esm
0302F33F|DLCCoast.esm
03013E52|DLCCoast.esm
03013E53|DLCCoast.esm
03013E54|DLCCoast.esm
03013E55|DLCCoast.esm
03013E56|DLCCoast.esm
03011D06|DLCCoast.esm
03011D07|DLCCoast.esm
03012787|DLCCoast.esm
03012788|DLCCoast.esm
0302F335|DLCCoast.esm
0302F358|DLCCoast.esm
0302F338|DLCCoast.esm
0302F35A|DLCCoast.esm
0302F339|DLCCoast.esm
0302F34D|DLCCoast.esm
0303CFAE|DLCCoast.esm
0301278D|DLCCoast.esm
03012797|DLCCoast.esm
0301279F|DLCCoast.esm
0305460B|DLCCoast.esm
03056F3E|DLCCoast.esm
03056F40|DLCCoast.esm
0301285F|DLCCoast.esm
03012860|DLCCoast.esm
03012771|DLCCoast.esm
030545F8|DLCCoast.esm
030545F9|DLCCoast.esm
030545FC|DLCCoast.esm
030545FF|DLCCoast.esm
03054600|DLCCoast.esm
03054602|DLCCoast.esm
03054603|DLCCoast.esm
03056F41|DLCCoast.esm
0301277B|DLCCoast.esm
0301277F|DLCCoast.esm
030486C5|DLCCoast.esm
030486C7|DLCCoast.esm
03003B76|DLCCoast.esm
0301B1E1|DLCCoast.esm
0301B20B|DLCCoast.esm
0301B20C|DLCCoast.esm
030486C9|DLCCoast.esm
030486CA|DLCCoast.esm
030486CB|DLCCoast.esm
0304FB96|DLCCoast.esm
0304FB98|DLCCoast.esm
0304FB9A|DLCCoast.esm
0304FB9C|DLCCoast.esm
03011CF3|DLCCoast.esm
03011CEF|DLCCoast.esm
03011CF1|DLCCoast.esm
03011CF2|DLCCoast.esm
03011D18|DLCCoast.esm
0301278F|DLCCoast.esm
03012790|DLCCoast.esm
03012792|DLCCoast.esm
03012793|DLCCoast.esm
0301279D|DLCCoast.esm
0301279E|DLCCoast.esm
0302F33E|DLCCoast.esm
0302F340|DLCCoast.esm
0302F341|DLCCoast.esm
0302F36D|DLCCoast.esm
0302F385|DLCCoast.esm
0302F388|DLCCoast.esm
0302F3A0|DLCCoast.esm
0303FD38|DLCCoast.esm
030422D6|DLCCoast.esm
03011CF8|DLCCoast.esm
03011CF9|DLCCoast.esm
03011CFA|DLCCoast.esm
03011CFB|DLCCoast.esm
03011CFC|DLCCoast.esm
03011D03|DLCCoast.esm
03011D04|DLCCoast.esm
03011D05|DLCCoast.esm
0301278C|DLCCoast.esm
0301279A|DLCCoast.esm
0301279B|DLCCoast.esm
0301279C|DLCCoast.esm
030127DA|DLCCoast.esm
03013E50|DLCCoast.esm
03013E51|DLCCoast.esm
03013E57|DLCCoast.esm
03013E58|DLCCoast.esm
0302F315|DLCCoast.esm
0302F316|DLCCoast.esm
0302F330|DLCCoast.esm
0302F336|DLCCoast.esm
0302F342|DLCCoast.esm
0302F343|DLCCoast.esm
0302F344|DLCCoast.esm
0302F345|DLCCoast.esm
0302F346|DLCCoast.esm
0302F347|DLCCoast.esm
0302F348|DLCCoast.esm
0302F349|DLCCoast.esm
0302F34A|DLCCoast.esm
0302F34B|DLCCoast.esm
0302F352|DLCCoast.esm
0302F353|DLCCoast.esm
0302F355|DLCCoast.esm
0302F356|DLCCoast.esm
0302F359|DLCCoast.esm
0302F35E|DLCCoast.esm
0302F35F|DLCCoast.esm
0302F360|DLCCoast.esm
0302F361|DLCCoast.esm
0303CFAC|DLCCoast.esm
0303CFB4|DLCCoast.esm
0303CFB5|DLCCoast.esm
0303CFB6|DLCCoast.esm
0303FD39|DLCCoast.esm
03040AEC|DLCCoast.esm
03040AED|DLCCoast.esm
03040AEF|DLCCoast.esm
0304E93E|DLCCoast.esm
0304E956|DLCCoast.esm
0301278A|DLCCoast.esm
03013E59|DLCCoast.esm
03013E5A|DLCCoast.esm
03013E5B|DLCCoast.esm
03013E5C|DLCCoast.esm
03013E5D|DLCCoast.esm
03013E5E|DLCCoast.esm
03050ACC|DLCCoast.esm
03050ACD|DLCCoast.esm
03003EB8|DLCCoast.esm
03011CEE|DLCCoast.esm
03011CF4|DLCCoast.esm
03011CF6|DLCCoast.esm
03011CFE|DLCCoast.esm
03011CFF|DLCCoast.esm
03011D00|DLCCoast.esm
03011D01|DLCCoast.esm
03011D02|DLCCoast.esm
030127E9|DLCCoast.esm
03012856|DLCCoast.esm
03012857|DLCCoast.esm
03012858|DLCCoast.esm
03012859|DLCCoast.esm
0301285A|DLCCoast.esm
0301285B|DLCCoast.esm
0301285C|DLCCoast.esm
0301285D|DLCCoast.esm
0301285E|DLCCoast.esm
[07/10/2019 - 01:47:23PM] Log closed
