[07/10/2019 - 02:04:32PM] 50564776 log opened (PC-64)
[07/10/2019 - 02:04:32PM] 
030398CE|DLCCoast.esm
03003F01|DLCCoast.esm
03003F02|DLCCoast.esm
03003F04|DLCCoast.esm
03003F15|DLCCoast.esm
03038EE7|DLCCoast.esm
03003EEB|DLCCoast.esm
0305705D|DLCCoast.esm
03003EEC|DLCCoast.esm
03003EED|DLCCoast.esm
03003EFF|DLCCoast.esm
03003F00|DLCCoast.esm
03003F05|DLCCoast.esm
03003F09|DLCCoast.esm
03003F0A|DLCCoast.esm
03003F0C|DLCCoast.esm
03003F0F|DLCCoast.esm
03003F10|DLCCoast.esm
03003F14|DLCCoast.esm
03003F1A|DLCCoast.esm
03003F53|DLCCoast.esm
03026A23|DLCCoast.esm
03038EE6|DLCCoast.esm
03038EE8|DLCCoast.esm
03038EE9|DLCCoast.esm
03057059|DLCCoast.esm
03003F06|DLCCoast.esm
03038EEB|DLCCoast.esm
03039D34|DLCCoast.esm
03039D38|DLCCoast.esm
0300472D|DLCCoast.esm
03038EED|DLCCoast.esm
03003EFE|DLCCoast.esm
030422DE|DLCCoast.esm
030098A2|DLCCoast.esm
03003F03|DLCCoast.esm
03003F0B|DLCCoast.esm
0300471B|DLCCoast.esm
0300472B|DLCCoast.esm
0300472C|DLCCoast.esm
0300472F|DLCCoast.esm
03004730|DLCCoast.esm
03004731|DLCCoast.esm
03004734|DLCCoast.esm
03004736|DLCCoast.esm
03039D31|DLCCoast.esm
0303F754|DLCCoast.esm
030422DD|DLCCoast.esm
030422DF|DLCCoast.esm
03003F42|DLCCoast.esm
03003F2E|DLCCoast.esm
03003F34|DLCCoast.esm
0303DC5C|DLCCoast.esm
0303DC5E|DLCCoast.esm
03003EEA|DLCCoast.esm
03003F29|DLCCoast.esm
03003F2B|DLCCoast.esm
03003F2F|DLCCoast.esm
03003F32|DLCCoast.esm
03003F33|DLCCoast.esm
03003F35|DLCCoast.esm
03003F41|DLCCoast.esm
03004710|DLCCoast.esm
03004711|DLCCoast.esm
03004712|DLCCoast.esm
03038EDF|DLCCoast.esm
03038EE0|DLCCoast.esm
03038EE1|DLCCoast.esm
03038EE2|DLCCoast.esm
03038EE3|DLCCoast.esm
0300472E|DLCCoast.esm
0300472A|DLCCoast.esm
03039D29|DLCCoast.esm
0300471A|DLCCoast.esm
03004725|DLCCoast.esm
03004726|DLCCoast.esm
03004729|DLCCoast.esm
03004732|DLCCoast.esm
03004733|DLCCoast.esm
03038EEC|DLCCoast.esm
03039D28|DLCCoast.esm
[07/10/2019 - 02:04:32PM] Log closed
