[07/10/2019 - 01:43:03PM] 635287 log opened (PC-64)
[07/10/2019 - 01:43:03PM] 
00193E00|Fallout4.esm
000D1574|Fallout4.esm
0023D756|Fallout4.esm
00172666|Fallout4.esm
00131E35|Fallout4.esm
00131E33|Fallout4.esm
00131E2E|Fallout4.esm
00131D66|Fallout4.esm
00131E36|Fallout4.esm
00131D6A|Fallout4.esm
00131D68|Fallout4.esm
00131D67|Fallout4.esm
00131D6C|Fallout4.esm
000D982C|Fallout4.esm
000D982D|Fallout4.esm
000D982E|Fallout4.esm
0017FC50|Fallout4.esm
0005A76D|Fallout4.esm
0006FEED|Fallout4.esm
000AF842|Fallout4.esm
000AF844|Fallout4.esm
001A0C76|Fallout4.esm
0005E8CC|Fallout4.esm
0005E8CB|Fallout4.esm
0005E8CA|Fallout4.esm
0005E7BE|Fallout4.esm
0005E7BD|Fallout4.esm
0005E788|Fallout4.esm
0005E77D|Fallout4.esm
00131D76|Fallout4.esm
00131DF6|Fallout4.esm
00131D0D|Fallout4.esm
00131D6E|Fallout4.esm
00131D6D|Fallout4.esm
00131D74|Fallout4.esm
00131D10|Fallout4.esm
00131D72|Fallout4.esm
00131D71|Fallout4.esm
000D153F|Fallout4.esm
000D1573|Fallout4.esm
000F5DAA|Fallout4.esm
000F5DAD|Fallout4.esm
000F5DAE|Fallout4.esm
000F5DB0|Fallout4.esm
000F5DB1|Fallout4.esm
00193DF2|Fallout4.esm
00131E3B|Fallout4.esm
00193DDE|Fallout4.esm
00131E1C|Fallout4.esm
000F5DC8|Fallout4.esm
00193DD4|Fallout4.esm
001C6BB1|Fallout4.esm
00193DD5|Fallout4.esm
00131DF2|Fallout4.esm
00131E20|Fallout4.esm
000F5DEA|Fallout4.esm
00193DE0|Fallout4.esm
0005A6C9|Fallout4.esm
00131E34|Fallout4.esm
002488AA|Fallout4.esm
000F5DD4|Fallout4.esm
00193DDC|Fallout4.esm
00193DE9|Fallout4.esm
000AF84C|Fallout4.esm
000F5DB8|Fallout4.esm
000425AC|Fallout4.esm
000AF838|Fallout4.esm
000AF83A|Fallout4.esm
000AF841|Fallout4.esm
000F5DF2|Fallout4.esm
0005A721|Fallout4.esm
001C6BAB|Fallout4.esm
00131E40|Fallout4.esm
000F5DD7|Fallout4.esm
000F5DD8|Fallout4.esm
0023167A|Fallout4.esm
00193DDA|Fallout4.esm
001C6BBF|Fallout4.esm
00131E54|Fallout4.esm
000F5DF0|Fallout4.esm
001F03D0|Fallout4.esm
00193DE7|Fallout4.esm
00193E06|Fallout4.esm
001C6BB2|Fallout4.esm
000F5DFA|Fallout4.esm
0005A71E|Fallout4.esm
00193DBB|Fallout4.esm
00193DEE|Fallout4.esm
00131E4D|Fallout4.esm
000F5DE5|Fallout4.esm
00246DA3|Fallout4.esm
00193DE4|Fallout4.esm
00193E0F|Fallout4.esm
000425AB|Fallout4.esm
000AF849|Fallout4.esm
000F5DF9|Fallout4.esm
00131D6B|Fallout4.esm
000F5DE7|Fallout4.esm
00193E02|Fallout4.esm
00193E01|Fallout4.esm
00131E43|Fallout4.esm
00131E3C|Fallout4.esm
000BD72D|Fallout4.esm
000F5DD0|Fallout4.esm
001F03D4|Fallout4.esm
001F03D2|Fallout4.esm
001F03D1|Fallout4.esm
00193DD0|Fallout4.esm
00193E0C|Fallout4.esm
00193DB6|Fallout4.esm
000AF848|Fallout4.esm
0023D74F|Fallout4.esm
000AF84A|Fallout4.esm
000AF84B|Fallout4.esm
000F5DF6|Fallout4.esm
000F5DF7|Fallout4.esm
000F5DC4|Fallout4.esm
000F5DC6|Fallout4.esm
000F5DC7|Fallout4.esm
000F5DC3|Fallout4.esm
000F5DB9|Fallout4.esm
000F5DBA|Fallout4.esm
000F5DB4|Fallout4.esm
000F5DB5|Fallout4.esm
000F5DB6|Fallout4.esm
000F5DB7|Fallout4.esm
0005A6DA|Fallout4.esm
0005A6DB|Fallout4.esm
0005A6DC|Fallout4.esm
0005A6CA|Fallout4.esm
0023D750|Fallout4.esm
00193DDD|Fallout4.esm
000AF823|Fallout4.esm
000AF822|Fallout4.esm
000D1576|Fallout4.esm
001C6BAA|Fallout4.esm
0005E789|Fallout4.esm
00193DED|Fallout4.esm
00193DEF|Fallout4.esm
00193E0E|Fallout4.esm
000425AD|Fallout4.esm
00131E37|Fallout4.esm
00193DCE|Fallout4.esm
001C6BC2|Fallout4.esm
00131E50|Fallout4.esm
00131E1B|Fallout4.esm
00131E41|Fallout4.esm
00131E49|Fallout4.esm
00131D70|Fallout4.esm
001C6BA7|Fallout4.esm
00131E45|Fallout4.esm
00131E4F|Fallout4.esm
000D1575|Fallout4.esm
001C6BBE|Fallout4.esm
001C6BB5|Fallout4.esm
001C6BAF|Fallout4.esm
001C6BAE|Fallout4.esm
001C6BAD|Fallout4.esm
000AF840|Fallout4.esm
000F5DF4|Fallout4.esm
000F5DF5|Fallout4.esm
0005E77C|Fallout4.esm
000F5DF8|Fallout4.esm
00131D6F|Fallout4.esm
000AF846|Fallout4.esm
000AF847|Fallout4.esm
001C67EF|Fallout4.esm
002472D9|Fallout4.esm
00193DC8|Fallout4.esm
00131E44|Fallout4.esm
00131E42|Fallout4.esm
00131E55|Fallout4.esm
00131E56|Fallout4.esm
00131E46|Fallout4.esm
00131E4A|Fallout4.esm
00131E4B|Fallout4.esm
00131E4C|Fallout4.esm
000F5DAF|Fallout4.esm
000F5DB2|Fallout4.esm
001F03D3|Fallout4.esm
001C6BA9|Fallout4.esm
001C6BA8|Fallout4.esm
000AF83D|Fallout4.esm
000AF83B|Fallout4.esm
000AF839|Fallout4.esm
000AF82A|Fallout4.esm
000AF829|Fallout4.esm
000AF828|Fallout4.esm
000AF826|Fallout4.esm
00131D73|Fallout4.esm
00193E0A|Fallout4.esm
00193E09|Fallout4.esm
00193E08|Fallout4.esm
00193E07|Fallout4.esm
00193E04|Fallout4.esm
00193DFC|Fallout4.esm
00193DFB|Fallout4.esm
00193DFA|Fallout4.esm
00193DF9|Fallout4.esm
00193DF8|Fallout4.esm
00193DF7|Fallout4.esm
00193DF6|Fallout4.esm
00193DF5|Fallout4.esm
00193DF4|Fallout4.esm
00193DF3|Fallout4.esm
00193DF1|Fallout4.esm
00193DF0|Fallout4.esm
00193DEB|Fallout4.esm
00193DEA|Fallout4.esm
00193DE8|Fallout4.esm
000D982F|Fallout4.esm
00193DE6|Fallout4.esm
00193DE5|Fallout4.esm
00193DE3|Fallout4.esm
00193DE2|Fallout4.esm
00193DE1|Fallout4.esm
00193DD9|Fallout4.esm
00193DD8|Fallout4.esm
00193DD7|Fallout4.esm
00193DD6|Fallout4.esm
00193DD3|Fallout4.esm
00193DD2|Fallout4.esm
00193DD1|Fallout4.esm
00193DCF|Fallout4.esm
00193DBD|Fallout4.esm
00193DBC|Fallout4.esm
00193DBA|Fallout4.esm
00193DB9|Fallout4.esm
00193DB8|Fallout4.esm
00193DB5|Fallout4.esm
00131E0A|Fallout4.esm
00131E09|Fallout4.esm
000F983D|Fallout4.esm
000F983E|Fallout4.esm
00131D77|Fallout4.esm
00131D69|Fallout4.esm
00131D80|Fallout4.esm
00131E11|Fallout4.esm
00131D75|Fallout4.esm
0005A6CF|Fallout4.esm
0005A6D1|Fallout4.esm
0005A6D2|Fallout4.esm
0005A6D3|Fallout4.esm
0005A6D4|Fallout4.esm
0005A6DD|Fallout4.esm
0005A6DE|Fallout4.esm
0005A6DF|Fallout4.esm
0005A6E0|Fallout4.esm
0005A6E1|Fallout4.esm
0005A6E2|Fallout4.esm
0005A6E3|Fallout4.esm
0005A6E4|Fallout4.esm
0005A6E5|Fallout4.esm
0005A6EA|Fallout4.esm
0005A71C|Fallout4.esm
0005A71D|Fallout4.esm
0006FEEC|Fallout4.esm
0005A71F|Fallout4.esm
0005A734|Fallout4.esm
0005A737|Fallout4.esm
0005A74E|Fallout4.esm
0005A759|Fallout4.esm
0005A75C|Fallout4.esm
0005A760|Fallout4.esm
0005A761|Fallout4.esm
0005A762|Fallout4.esm
0005A763|Fallout4.esm
001F03D9|Fallout4.esm
001F03D8|Fallout4.esm
001F03D7|Fallout4.esm
001F03D6|Fallout4.esm
001F03D5|Fallout4.esm
0005E8C9|Fallout4.esm
001F03CF|Fallout4.esm
001F03CE|Fallout4.esm
000775C2|Fallout4.esm
00131D78|Fallout4.esm
000F5DBF|Fallout4.esm
000F5DC1|Fallout4.esm
000F5DC9|Fallout4.esm
000F5DCC|Fallout4.esm
000F5DCD|Fallout4.esm
000F5DCF|Fallout4.esm
000F5DD2|Fallout4.esm
000F5DD3|Fallout4.esm
00131D65|Fallout4.esm
000F5DD5|Fallout4.esm
000F5DDA|Fallout4.esm
000F5DDC|Fallout4.esm
000F5DDD|Fallout4.esm
000F5DDE|Fallout4.esm
000F5DE0|Fallout4.esm
000F5DE3|Fallout4.esm
000AF843|Fallout4.esm
000F5DE6|Fallout4.esm
000F5DE8|Fallout4.esm
000F5DEC|Fallout4.esm
000F5DED|Fallout4.esm
000F5DEE|Fallout4.esm
000F5DEF|Fallout4.esm
000F5DF1|Fallout4.esm
000F5DF3|Fallout4.esm
00131E47|Fallout4.esm
000F5DFB|Fallout4.esm
00131E0E|Fallout4.esm
0005A736|Fallout4.esm
00193DB7|Fallout4.esm
00193DEC|Fallout4.esm
0005A720|Fallout4.esm
000F5DB3|Fallout4.esm
00193DDF|Fallout4.esm
00193E0B|Fallout4.esm
00131E01|Fallout4.esm
00131E48|Fallout4.esm
00131E4E|Fallout4.esm
00131E1D|Fallout4.esm
001C6BBD|Fallout4.esm
001C6BB3|Fallout4.esm
001C6BAC|Fallout4.esm
[07/10/2019 - 01:43:03PM] Log closed
