[07/10/2019 - 02:12:38PM] 635293 log opened (PC-64)
[07/10/2019 - 02:12:38PM] 
001340C4|Fallout4.esm
001C144D|Fallout4.esm
00248FF2|Fallout4.esm
000C5299|Fallout4.esm
00026486|Fallout4.esm
0010BD60|Fallout4.esm
00193E18|Fallout4.esm
00193E57|Fallout4.esm
00193E15|Fallout4.esm
00193E17|Fallout4.esm
00193E42|Fallout4.esm
00193E6A|Fallout4.esm
00193E5A|Fallout4.esm
00193E60|Fallout4.esm
00193E19|Fallout4.esm
0017FC4F|Fallout4.esm
001EE5ED|Fallout4.esm
001E803F|Fallout4.esm
001E803A|Fallout4.esm
001E8039|Fallout4.esm
001E8038|Fallout4.esm
001E8036|Fallout4.esm
001E8035|Fallout4.esm
001E8034|Fallout4.esm
001E7FFF|Fallout4.esm
0005F344|Fallout4.esm
0005F322|Fallout4.esm
0005F321|Fallout4.esm
0005F31D|Fallout4.esm
00193E99|Fallout4.esm
00193E96|Fallout4.esm
00193E95|Fallout4.esm
00193E94|Fallout4.esm
00193E90|Fallout4.esm
00193E8F|Fallout4.esm
00193E8E|Fallout4.esm
00193E8D|Fallout4.esm
00193E8C|Fallout4.esm
00193E8B|Fallout4.esm
00193E8A|Fallout4.esm
00193E88|Fallout4.esm
00193E87|Fallout4.esm
00193E86|Fallout4.esm
00193E85|Fallout4.esm
00193E84|Fallout4.esm
00193E82|Fallout4.esm
00193E81|Fallout4.esm
00193E80|Fallout4.esm
00193E7E|Fallout4.esm
00193E7D|Fallout4.esm
00193E7B|Fallout4.esm
00193E7A|Fallout4.esm
00193E79|Fallout4.esm
00193E75|Fallout4.esm
00193E74|Fallout4.esm
00193E73|Fallout4.esm
00193E72|Fallout4.esm
00193E71|Fallout4.esm
00193E70|Fallout4.esm
00193E6F|Fallout4.esm
00193E6E|Fallout4.esm
00193E6D|Fallout4.esm
001E7C3D|Fallout4.esm
001E7C3C|Fallout4.esm
00058BF3|Fallout4.esm
00058BF4|Fallout4.esm
00058BF5|Fallout4.esm
0009D168|Fallout4.esm
00193E2E|Fallout4.esm
00193E2D|Fallout4.esm
00193E2C|Fallout4.esm
00193E2B|Fallout4.esm
00193E2A|Fallout4.esm
00193E29|Fallout4.esm
00193E28|Fallout4.esm
00193E27|Fallout4.esm
00193E6B|Fallout4.esm
00193E62|Fallout4.esm
0009D11E|Fallout4.esm
0009D11D|Fallout4.esm
0009D11C|Fallout4.esm
00193E4D|Fallout4.esm
00193E4C|Fallout4.esm
00193E4B|Fallout4.esm
00193E4A|Fallout4.esm
001E7C3E|Fallout4.esm
001E7C3B|Fallout4.esm
001E7C3A|Fallout4.esm
001EADD8|Fallout4.esm
001EADDA|Fallout4.esm
001EADDB|Fallout4.esm
000642A0|Fallout4.esm
000642A1|Fallout4.esm
000642A2|Fallout4.esm
000642A7|Fallout4.esm
000642A8|Fallout4.esm
001B8573|Fallout4.esm
001C67C0|Fallout4.esm
001EADDC|Fallout4.esm
001EADDD|Fallout4.esm
001EADDF|Fallout4.esm
0023AAA1|Fallout4.esm
0023AAA2|Fallout4.esm
0023AAA3|Fallout4.esm
0023AAA4|Fallout4.esm
0023AAA5|Fallout4.esm
00245A3A|Fallout4.esm
00245A3B|Fallout4.esm
002472D1|Fallout4.esm
001EADD9|Fallout4.esm
001E7C39|Fallout4.esm
00162A83|Fallout4.esm
00162A8C|Fallout4.esm
00162A8A|Fallout4.esm
00162A82|Fallout4.esm
00185CCC|Fallout4.esm
00064072|Fallout4.esm
0002BD57|Fallout4.esm
0002BD56|Fallout4.esm
0002BD55|Fallout4.esm
0002BD54|Fallout4.esm
0002BD52|Fallout4.esm
0002BD51|Fallout4.esm
0002BD37|Fallout4.esm
0002BD2E|Fallout4.esm
0002BD2D|Fallout4.esm
0002BD09|Fallout4.esm
0002BCFC|Fallout4.esm
0002BCFB|Fallout4.esm
0002BCF9|Fallout4.esm
0002BCF7|Fallout4.esm
0002BCF6|Fallout4.esm
0002BCF4|Fallout4.esm
0002BD0A|Fallout4.esm
001E3C11|Fallout4.esm
001E3C10|Fallout4.esm
00185CCF|Fallout4.esm
00193E6C|Fallout4.esm
00193E5B|Fallout4.esm
00193E59|Fallout4.esm
00193E56|Fallout4.esm
00193E55|Fallout4.esm
00193E54|Fallout4.esm
00193E53|Fallout4.esm
00193E52|Fallout4.esm
00193E51|Fallout4.esm
0009D11A|Fallout4.esm
0009D119|Fallout4.esm
0009D118|Fallout4.esm
0009D117|Fallout4.esm
0009D116|Fallout4.esm
0009D115|Fallout4.esm
0009D114|Fallout4.esm
0009D113|Fallout4.esm
00026487|Fallout4.esm
00026488|Fallout4.esm
0010BD62|Fallout4.esm
000EA18C|Fallout4.esm
000EA190|Fallout4.esm
00193E50|Fallout4.esm
00193E4F|Fallout4.esm
00193E4E|Fallout4.esm
00193E49|Fallout4.esm
00193E48|Fallout4.esm
00193E47|Fallout4.esm
00193E46|Fallout4.esm
00193E45|Fallout4.esm
00193E44|Fallout4.esm
00193E43|Fallout4.esm
00193E40|Fallout4.esm
00193E3F|Fallout4.esm
00193E3E|Fallout4.esm
00193E3D|Fallout4.esm
00193E3C|Fallout4.esm
00193E3B|Fallout4.esm
00193E36|Fallout4.esm
00193E35|Fallout4.esm
00193E34|Fallout4.esm
00193E33|Fallout4.esm
00193E32|Fallout4.esm
00193E31|Fallout4.esm
00193E30|Fallout4.esm
00193E26|Fallout4.esm
00193E25|Fallout4.esm
00193E24|Fallout4.esm
00193E22|Fallout4.esm
00193E21|Fallout4.esm
00193E20|Fallout4.esm
00193E1F|Fallout4.esm
00193E1E|Fallout4.esm
00193E1D|Fallout4.esm
00193E1C|Fallout4.esm
00193E1B|Fallout4.esm
00193E1A|Fallout4.esm
00193E16|Fallout4.esm
000EA188|Fallout4.esm
000EA17C|Fallout4.esm
000EA178|Fallout4.esm
000EA175|Fallout4.esm
000EA172|Fallout4.esm
000EA166|Fallout4.esm
000EA164|Fallout4.esm
000EA162|Fallout4.esm
000EA160|Fallout4.esm
000EA15F|Fallout4.esm
000EA15C|Fallout4.esm
000EA15B|Fallout4.esm
000EA14C|Fallout4.esm
000EA14A|Fallout4.esm
000C534D|Fallout4.esm
000C5276|Fallout4.esm
0009D16E|Fallout4.esm
0009D16D|Fallout4.esm
0009D16C|Fallout4.esm
0009D16B|Fallout4.esm
0009D167|Fallout4.esm
0009D15E|Fallout4.esm
0009D15D|Fallout4.esm
0009D159|Fallout4.esm
0009D157|Fallout4.esm
0009D155|Fallout4.esm
0009D154|Fallout4.esm
0009D153|Fallout4.esm
0009D14F|Fallout4.esm
0009D14D|Fallout4.esm
0009D14C|Fallout4.esm
0009D140|Fallout4.esm
0009D137|Fallout4.esm
0009D125|Fallout4.esm
0009D124|Fallout4.esm
0009D123|Fallout4.esm
0009D122|Fallout4.esm
0009D121|Fallout4.esm
0009D120|Fallout4.esm
0009D11F|Fallout4.esm
0009D11B|Fallout4.esm
00193E83|Fallout4.esm
00193E7F|Fallout4.esm
00193E7C|Fallout4.esm
[07/10/2019 - 02:12:38PM] Log closed
