[07/10/2019 - 01:35:27PM] 635279 log opened (PC-64)
[07/10/2019 - 01:35:27PM] 
0015B7AE|Fallout4.esm
001019A3|Fallout4.esm
000D98B8|Fallout4.esm
000D98B7|Fallout4.esm
001C1D6D|Fallout4.esm
001C1D6B|Fallout4.esm
0015D57F|Fallout4.esm
0015D57E|Fallout4.esm
0015D57D|Fallout4.esm
001C1D72|Fallout4.esm
001C1D70|Fallout4.esm
001C1D6F|Fallout4.esm
001FA110|Fallout4.esm
001FA10F|Fallout4.esm
001FA10E|Fallout4.esm
001FA105|Fallout4.esm
001FA0F2|Fallout4.esm
001FA0F1|Fallout4.esm
001FA0EA|Fallout4.esm
001FA0BC|Fallout4.esm
001FA0B8|Fallout4.esm
001FA0B7|Fallout4.esm
001FA0A9|Fallout4.esm
001FA0A5|Fallout4.esm
001FA063|Fallout4.esm
001FA060|Fallout4.esm
001FA058|Fallout4.esm
001FA057|Fallout4.esm
001FA052|Fallout4.esm
001FA04C|Fallout4.esm
0015A930|Fallout4.esm
0015A92F|Fallout4.esm
0015A92E|Fallout4.esm
0015A926|Fallout4.esm
001C1D77|Fallout4.esm
001C1D7D|Fallout4.esm
001C1D7E|Fallout4.esm
00058A4D|Fallout4.esm
00058A41|Fallout4.esm
00058A42|Fallout4.esm
000EC985|Fallout4.esm
000EC986|Fallout4.esm
000EC996|Fallout4.esm
000EC995|Fallout4.esm
001C1D6E|Fallout4.esm
000EC943|Fallout4.esm
00058A9E|Fallout4.esm
000EF34B|Fallout4.esm
000EF33D|Fallout4.esm
00225812|Fallout4.esm
00225811|Fallout4.esm
000EC939|Fallout4.esm
0023F663|Fallout4.esm
0022B316|Fallout4.esm
0022B315|Fallout4.esm
0022B314|Fallout4.esm
001C367B|Fallout4.esm
001C367A|Fallout4.esm
001C3673|Fallout4.esm
001C1D82|Fallout4.esm
001C1D81|Fallout4.esm
001C1D80|Fallout4.esm
001C1D7F|Fallout4.esm
001C1D7C|Fallout4.esm
001C1D74|Fallout4.esm
0023F435|Fallout4.esm
001C1441|Fallout4.esm
000D87ED|Fallout4.esm
000D87EC|Fallout4.esm
000D87EB|Fallout4.esm
000D87EA|Fallout4.esm
000D87E9|Fallout4.esm
0012DD69|Fallout4.esm
00225814|Fallout4.esm
00225813|Fallout4.esm
00225810|Fallout4.esm
0022580F|Fallout4.esm
0022580E|Fallout4.esm
00054BB5|Fallout4.esm
000EC90C|Fallout4.esm
000EC921|Fallout4.esm
000EC923|Fallout4.esm
000EC924|Fallout4.esm
000EC925|Fallout4.esm
000EC926|Fallout4.esm
000EC927|Fallout4.esm
000EC928|Fallout4.esm
000EC929|Fallout4.esm
000EC92A|Fallout4.esm
000EC941|Fallout4.esm
000EC942|Fallout4.esm
000EC944|Fallout4.esm
000EC945|Fallout4.esm
000EC946|Fallout4.esm
000EC983|Fallout4.esm
000EC984|Fallout4.esm
000EC98A|Fallout4.esm
000EC98B|Fallout4.esm
000EC98C|Fallout4.esm
000EC98E|Fallout4.esm
000EC98F|Fallout4.esm
000EC991|Fallout4.esm
000EC992|Fallout4.esm
000EC993|Fallout4.esm
000EC994|Fallout4.esm
000EC997|Fallout4.esm
000EC9A8|Fallout4.esm
000EC9CE|Fallout4.esm
000EDCB8|Fallout4.esm
000EDCB9|Fallout4.esm
000EF2EB|Fallout4.esm
000EF2EC|Fallout4.esm
000EF2EF|Fallout4.esm
000EF2F0|Fallout4.esm
000EF337|Fallout4.esm
000EF33C|Fallout4.esm
000EF33E|Fallout4.esm
000EF33F|Fallout4.esm
000EF340|Fallout4.esm
000EF341|Fallout4.esm
000EF342|Fallout4.esm
000EF343|Fallout4.esm
000EF344|Fallout4.esm
000EF345|Fallout4.esm
000EF346|Fallout4.esm
000EF348|Fallout4.esm
000EF347|Fallout4.esm
000EF349|Fallout4.esm
000EF34A|Fallout4.esm
000F1158|Fallout4.esm
000F1159|Fallout4.esm
000F61EF|Fallout4.esm
000F61F2|Fallout4.esm
000F61F4|Fallout4.esm
000F61F5|Fallout4.esm
000F61F7|Fallout4.esm
000F61F8|Fallout4.esm
000F61FA|Fallout4.esm
000F61FC|Fallout4.esm
000F61FE|Fallout4.esm
000F6200|Fallout4.esm
000F6201|Fallout4.esm
00100C91|Fallout4.esm
00100C9B|Fallout4.esm
00100C9D|Fallout4.esm
00100C9F|Fallout4.esm
00100CA0|Fallout4.esm
00100CA4|Fallout4.esm
00100CA5|Fallout4.esm
00100CA7|Fallout4.esm
00100CA8|Fallout4.esm
00100CA9|Fallout4.esm
00100CAA|Fallout4.esm
00100CAC|Fallout4.esm
00100CAE|Fallout4.esm
0015A992|Fallout4.esm
0015A9B0|Fallout4.esm
0015A9B1|Fallout4.esm
0015A9B3|Fallout4.esm
0015A9B4|Fallout4.esm
0015A9B5|Fallout4.esm
0015A9B6|Fallout4.esm
0015A9B7|Fallout4.esm
0015A9B8|Fallout4.esm
0015A9B9|Fallout4.esm
0015A9BA|Fallout4.esm
0015A9BB|Fallout4.esm
0015A9D2|Fallout4.esm
0015A9D3|Fallout4.esm
00193DB1|Fallout4.esm
00193DB2|Fallout4.esm
00058A16|Fallout4.esm
00058A17|Fallout4.esm
00058A18|Fallout4.esm
00058A1E|Fallout4.esm
00058A1F|Fallout4.esm
00058A9F|Fallout4.esm
00058AA0|Fallout4.esm
00058AA1|Fallout4.esm
001C1D62|Fallout4.esm
001C1D61|Fallout4.esm
001C1D63|Fallout4.esm
001C1D6C|Fallout4.esm
[07/10/2019 - 01:35:27PM] Log closed
