[07/10/2019 - 02:37:21PM] 635377 log opened (PC-64)
[07/10/2019 - 02:37:21PM] 
000F12F3|Fallout4.esm
00245E44|Fallout4.esm
00245E35|Fallout4.esm
001BA744|Fallout4.esm
001BA746|Fallout4.esm
001C1D85|Fallout4.esm
00246DFA|Fallout4.esm
00246DFB|Fallout4.esm
0017FC5C|Fallout4.esm
001C1DBF|Fallout4.esm
0015A00F|Fallout4.esm
001BA6CA|Fallout4.esm
001BA6C9|Fallout4.esm
0015A010|Fallout4.esm
0023850B|Fallout4.esm
0023850A|Fallout4.esm
00238501|Fallout4.esm
002384E2|Fallout4.esm
001C1DF3|Fallout4.esm
001C1DF0|Fallout4.esm
001C1DEF|Fallout4.esm
001C1DEE|Fallout4.esm
001C1DED|Fallout4.esm
001C1DEC|Fallout4.esm
001C1DEB|Fallout4.esm
001C1DE5|Fallout4.esm
001C1DDD|Fallout4.esm
001C1DDC|Fallout4.esm
001C1DDA|Fallout4.esm
001C1DD9|Fallout4.esm
001C1DD5|Fallout4.esm
001C1DC0|Fallout4.esm
001C1DBE|Fallout4.esm
001C1DC5|Fallout4.esm
001C1DC4|Fallout4.esm
001C1DD4|Fallout4.esm
001C1DD3|Fallout4.esm
001C1DCA|Fallout4.esm
001C1DC8|Fallout4.esm
001C1DC7|Fallout4.esm
001C1DC6|Fallout4.esm
001C1DC3|Fallout4.esm
001C1DC1|Fallout4.esm
001C1DBC|Fallout4.esm
001C1DBB|Fallout4.esm
001C1DBA|Fallout4.esm
001C1DB9|Fallout4.esm
001C1DB6|Fallout4.esm
001C1DB5|Fallout4.esm
001C1DB4|Fallout4.esm
001C1DB3|Fallout4.esm
001C1DB2|Fallout4.esm
001C1DA6|Fallout4.esm
001C1DA5|Fallout4.esm
001C1DA4|Fallout4.esm
001C1DA3|Fallout4.esm
001C1DA2|Fallout4.esm
000F12F2|Fallout4.esm
000F12F1|Fallout4.esm
00159FFA|Fallout4.esm
0015A007|Fallout4.esm
00193F54|Fallout4.esm
000F12F0|Fallout4.esm
00081652|Fallout4.esm
00081653|Fallout4.esm
00081654|Fallout4.esm
001BA6F8|Fallout4.esm
00159FFC|Fallout4.esm
0015A005|Fallout4.esm
00193F29|Fallout4.esm
00193F28|Fallout4.esm
00193F27|Fallout4.esm
00193F26|Fallout4.esm
00193F46|Fallout4.esm
00193F4B|Fallout4.esm
00193F65|Fallout4.esm
00193F63|Fallout4.esm
00193F62|Fallout4.esm
00193F61|Fallout4.esm
00193F60|Fallout4.esm
001C1D86|Fallout4.esm
001C1D84|Fallout4.esm
001C1D83|Fallout4.esm
00193F6F|Fallout4.esm
00193F6E|Fallout4.esm
00193F6D|Fallout4.esm
00193F6C|Fallout4.esm
00193F69|Fallout4.esm
00193F68|Fallout4.esm
00193F67|Fallout4.esm
00193F66|Fallout4.esm
0015A00D|Fallout4.esm
00193F5E|Fallout4.esm
00193F5C|Fallout4.esm
001C1D9F|Fallout4.esm
001C1DA0|Fallout4.esm
00193F5B|Fallout4.esm
00193F5A|Fallout4.esm
00249003|Fallout4.esm
00245E7D|Fallout4.esm
00246DE6|Fallout4.esm
000816CD|Fallout4.esm
000816CE|Fallout4.esm
000816CF|Fallout4.esm
001C1DA1|Fallout4.esm
001C1D8A|Fallout4.esm
0023850C|Fallout4.esm
00193F59|Fallout4.esm
00193F58|Fallout4.esm
00193F56|Fallout4.esm
00193F55|Fallout4.esm
00193F53|Fallout4.esm
00193F52|Fallout4.esm
00193F51|Fallout4.esm
00193F50|Fallout4.esm
00246DE5|Fallout4.esm
001C1DF1|Fallout4.esm
00193F4F|Fallout4.esm
00193F4E|Fallout4.esm
00193F4D|Fallout4.esm
00193F4C|Fallout4.esm
00193F4A|Fallout4.esm
00193F48|Fallout4.esm
00193F45|Fallout4.esm
00193F44|Fallout4.esm
00193F43|Fallout4.esm
00193F42|Fallout4.esm
00193F41|Fallout4.esm
00193F40|Fallout4.esm
00193F3E|Fallout4.esm
00193F3C|Fallout4.esm
00193F3B|Fallout4.esm
00193F3A|Fallout4.esm
00193F39|Fallout4.esm
00193F36|Fallout4.esm
00193F34|Fallout4.esm
00193F33|Fallout4.esm
00193F32|Fallout4.esm
00193F31|Fallout4.esm
00193F30|Fallout4.esm
00193F2F|Fallout4.esm
00193F2D|Fallout4.esm
00193F2C|Fallout4.esm
00193F2B|Fallout4.esm
00193F2A|Fallout4.esm
00193F25|Fallout4.esm
00193F24|Fallout4.esm
00193F22|Fallout4.esm
00193F21|Fallout4.esm
00193F20|Fallout4.esm
00193F1F|Fallout4.esm
00159FF0|Fallout4.esm
00159FF1|Fallout4.esm
00159FF2|Fallout4.esm
00159FF3|Fallout4.esm
00159FF4|Fallout4.esm
00159FF5|Fallout4.esm
00159FF6|Fallout4.esm
00159FF7|Fallout4.esm
00159FF8|Fallout4.esm
00159FF9|Fallout4.esm
0015A008|Fallout4.esm
0015A009|Fallout4.esm
0015A00A|Fallout4.esm
0015A00B|Fallout4.esm
0015A011|Fallout4.esm
0015A01E|Fallout4.esm
0015A022|Fallout4.esm
0015A02F|Fallout4.esm
0015A030|Fallout4.esm
0015A031|Fallout4.esm
0015A032|Fallout4.esm
0015A033|Fallout4.esm
0015A034|Fallout4.esm
001AB669|Fallout4.esm
00159FFB|Fallout4.esm
001BA68C|Fallout4.esm
001BA68F|Fallout4.esm
001BA690|Fallout4.esm
001BA691|Fallout4.esm
001BA692|Fallout4.esm
001BA693|Fallout4.esm
001BA694|Fallout4.esm
001BA6C8|Fallout4.esm
001BA6D3|Fallout4.esm
001BA6E0|Fallout4.esm
001BA6F4|Fallout4.esm
001BA75A|Fallout4.esm
002472D2|Fallout4.esm
002384E3|Fallout4.esm
00159FFD|Fallout4.esm
00159FFE|Fallout4.esm
001BA68D|Fallout4.esm
001BA68E|Fallout4.esm
001BA6C6|Fallout4.esm
001BA6C7|Fallout4.esm
001BA6EC|Fallout4.esm
001BA6F7|Fallout4.esm
001BA745|Fallout4.esm
001BA74C|Fallout4.esm
001BA74D|Fallout4.esm
001BA75B|Fallout4.esm
000F12FD|Fallout4.esm
000F12FC|Fallout4.esm
000F12FB|Fallout4.esm
000F12FA|Fallout4.esm
000F12F9|Fallout4.esm
000F12F8|Fallout4.esm
000F12F7|Fallout4.esm
000F12F6|Fallout4.esm
000F12F5|Fallout4.esm
000F12F4|Fallout4.esm
00081655|Fallout4.esm
00081656|Fallout4.esm
00081657|Fallout4.esm
00249002|Fallout4.esm
0003A4F6|Fallout4.esm
0003A4F5|Fallout4.esm
0003A4BB|Fallout4.esm
0003A45A|Fallout4.esm
001C1DDB|Fallout4.esm
001C1DBD|Fallout4.esm
001C1DC9|Fallout4.esm
001C1DB8|Fallout4.esm
001C1DB1|Fallout4.esm
[07/10/2019 - 02:37:21PM] Log closed
