[07/10/2019 - 01:49:12PM] 635355 log opened (PC-64)
[07/10/2019 - 01:49:12PM] 
0023A78C|Fallout4.esm
00159F80|Fallout4.esm
00159F81|Fallout4.esm
00159F82|Fallout4.esm
00159F83|Fallout4.esm
00193F10|Fallout4.esm
00041EBC|Fallout4.esm
001C6C3B|Fallout4.esm
001C6C5E|Fallout4.esm
001C6C40|Fallout4.esm
00159F33|Fallout4.esm
00159F34|Fallout4.esm
00159F35|Fallout4.esm
00159F36|Fallout4.esm
00159F38|Fallout4.esm
00159F39|Fallout4.esm
00159F3B|Fallout4.esm
00159F3C|Fallout4.esm
00159F3D|Fallout4.esm
00159F40|Fallout4.esm
00159F41|Fallout4.esm
00159F42|Fallout4.esm
00159F4A|Fallout4.esm
00159F4C|Fallout4.esm
00159F4D|Fallout4.esm
00159F4E|Fallout4.esm
00159F4F|Fallout4.esm
00159F50|Fallout4.esm
00159F52|Fallout4.esm
00159F53|Fallout4.esm
00159F54|Fallout4.esm
00159F66|Fallout4.esm
00159F70|Fallout4.esm
00159F71|Fallout4.esm
0017FC58|Fallout4.esm
00159F48|Fallout4.esm
00159F55|Fallout4.esm
00193F0A|Fallout4.esm
00193F0B|Fallout4.esm
00193F0C|Fallout4.esm
00193F0E|Fallout4.esm
00193F0F|Fallout4.esm
00193F12|Fallout4.esm
00193F13|Fallout4.esm
002472D0|Fallout4.esm
00159F49|Fallout4.esm
001C6C23|Fallout4.esm
001C6C22|Fallout4.esm
001B833E|Fallout4.esm
00159F2B|Fallout4.esm
00159F2C|Fallout4.esm
00159F2D|Fallout4.esm
00159F2E|Fallout4.esm
00159F2F|Fallout4.esm
00159F30|Fallout4.esm
00159F31|Fallout4.esm
00159F32|Fallout4.esm
00159F3F|Fallout4.esm
00159F47|Fallout4.esm
00159F76|Fallout4.esm
00159F77|Fallout4.esm
001EC629|Fallout4.esm
00159F3A|Fallout4.esm
00159F37|Fallout4.esm
00159F3E|Fallout4.esm
00159F43|Fallout4.esm
00159F4B|Fallout4.esm
00159F51|Fallout4.esm
[07/10/2019 - 01:49:12PM] Log closed
