[07/10/2019 - 01:58:32PM] 635308 log opened (PC-64)
[07/10/2019 - 01:58:32PM] 
00061C61|Fallout4.esm
00061C65|Fallout4.esm
00061C62|Fallout4.esm
001D5AA1|Fallout4.esm
001D5A9A|Fallout4.esm
001D5A9B|Fallout4.esm
0002B640|Fallout4.esm
0017FC54|Fallout4.esm
001CCFB8|Fallout4.esm
001CCFB6|Fallout4.esm
001CCFB4|Fallout4.esm
0018EDB4|Fallout4.esm
0018EDB2|Fallout4.esm
0018EDB1|Fallout4.esm
0018EDB0|Fallout4.esm
0018EDA6|Fallout4.esm
0018ED29|Fallout4.esm
0018ED28|Fallout4.esm
0018ED1F|Fallout4.esm
0018ED1E|Fallout4.esm
0018ED1D|Fallout4.esm
0018ED1C|Fallout4.esm
0018ED1B|Fallout4.esm
001552A9|Fallout4.esm
001552A8|Fallout4.esm
001552A7|Fallout4.esm
001552A6|Fallout4.esm
001552A4|Fallout4.esm
001552A3|Fallout4.esm
001552A2|Fallout4.esm
001552A1|Fallout4.esm
001552A0|Fallout4.esm
00155291|Fallout4.esm
0009CB09|Fallout4.esm
0009CAFF|Fallout4.esm
0009CAF2|Fallout4.esm
0009CAED|Fallout4.esm
0009CAE5|Fallout4.esm
00155292|Fallout4.esm
001552AA|Fallout4.esm
001552AB|Fallout4.esm
001552AD|Fallout4.esm
001552AE|Fallout4.esm
00193EF6|Fallout4.esm
00193EF7|Fallout4.esm
00193EF8|Fallout4.esm
00193EFA|Fallout4.esm
00193EFB|Fallout4.esm
00193EFC|Fallout4.esm
002472D8|Fallout4.esm
0009DF65|Fallout4.esm
0009DF64|Fallout4.esm
000436A8|Fallout4.esm
000436A9|Fallout4.esm
0009F801|Fallout4.esm
0009F803|Fallout4.esm
0009F804|Fallout4.esm
0018ED19|Fallout4.esm
001D5AA2|Fallout4.esm
001CCFB7|Fallout4.esm
0018EDB3|Fallout4.esm
0018ED20|Fallout4.esm
0018ED1A|Fallout4.esm
001552A5|Fallout4.esm
0015529F|Fallout4.esm
001552AC|Fallout4.esm
00193EF9|Fallout4.esm
0009DF67|Fallout4.esm
[07/10/2019 - 01:58:32PM] Log closed
