[07/10/2019 - 02:10:03PM] 635326 log opened (PC-64)
[07/10/2019 - 02:10:03PM] 
0013C252|Fallout4.esm
0013C234|Fallout4.esm
000EF5DF|Fallout4.esm
000EF5CB|Fallout4.esm
000EF5BC|Fallout4.esm
00193F04|Fallout4.esm
00041EB7|Fallout4.esm
001F6E9E|Fallout4.esm
001F6EA6|Fallout4.esm
001552E9|Fallout4.esm
0015E98C|Fallout4.esm
0015E98D|Fallout4.esm
0017FC55|Fallout4.esm
001552CD|Fallout4.esm
001F6EA7|Fallout4.esm
001F6EA5|Fallout4.esm
001F6EA1|Fallout4.esm
001F6EA0|Fallout4.esm
001F6E9F|Fallout4.esm
001F6E9C|Fallout4.esm
001F6E9B|Fallout4.esm
001F6E91|Fallout4.esm
001F6E8F|Fallout4.esm
001F6E8B|Fallout4.esm
001F6E89|Fallout4.esm
001F6E88|Fallout4.esm
001F6E87|Fallout4.esm
001F6E86|Fallout4.esm
001F6E6E|Fallout4.esm
001F6E6D|Fallout4.esm
001F6E60|Fallout4.esm
001F6E61|Fallout4.esm
001F6E62|Fallout4.esm
001F6E3D|Fallout4.esm
00193F07|Fallout4.esm
00193F06|Fallout4.esm
00193F05|Fallout4.esm
00193F03|Fallout4.esm
00193F01|Fallout4.esm
00193F00|Fallout4.esm
00193EFF|Fallout4.esm
00193EFE|Fallout4.esm
001552F3|Fallout4.esm
001552F2|Fallout4.esm
001552EB|Fallout4.esm
001552EA|Fallout4.esm
001552E8|Fallout4.esm
001552DB|Fallout4.esm
001552DA|Fallout4.esm
001552D9|Fallout4.esm
001552D8|Fallout4.esm
001552D7|Fallout4.esm
001552D6|Fallout4.esm
001552D5|Fallout4.esm
001552D4|Fallout4.esm
001552D3|Fallout4.esm
001552D2|Fallout4.esm
001552D1|Fallout4.esm
000D1B31|Fallout4.esm
000D195D|Fallout4.esm
000D195B|Fallout4.esm
000D1958|Fallout4.esm
000D1957|Fallout4.esm
000D1956|Fallout4.esm
000D1955|Fallout4.esm
000D1954|Fallout4.esm
000D1DC4|Fallout4.esm
001552EC|Fallout4.esm
001552ED|Fallout4.esm
001552EE|Fallout4.esm
001552EF|Fallout4.esm
001552F0|Fallout4.esm
001552F1|Fallout4.esm
001F6E2E|Fallout4.esm
001F6E2F|Fallout4.esm
001F6E7B|Fallout4.esm
001F6E8C|Fallout4.esm
001F6E8D|Fallout4.esm
001F6EAA|Fallout4.esm
001F6EAB|Fallout4.esm
001F6EAC|Fallout4.esm
001F6EAD|Fallout4.esm
001F6EAE|Fallout4.esm
001F6EAF|Fallout4.esm
001F6EB0|Fallout4.esm
0023ACD9|Fallout4.esm
0023ACDA|Fallout4.esm
0023ACDB|Fallout4.esm
001F319F|Fallout4.esm
001F319E|Fallout4.esm
001F319D|Fallout4.esm
001F6E95|Fallout4.esm
001F6E92|Fallout4.esm
001F6E8E|Fallout4.esm
000D1B36|Fallout4.esm
000D1B2F|Fallout4.esm
000D1B2E|Fallout4.esm
001552F5|Fallout4.esm
001552CE|Fallout4.esm
001552CC|Fallout4.esm
001552C9|Fallout4.esm
001552C7|Fallout4.esm
001552C6|Fallout4.esm
000D1DC7|Fallout4.esm
000D1DC2|Fallout4.esm
000D1BB8|Fallout4.esm
000D1BB7|Fallout4.esm
000D1BB6|Fallout4.esm
000D1BB4|Fallout4.esm
000D1BB3|Fallout4.esm
000D1BB1|Fallout4.esm
000D1BB0|Fallout4.esm
000D1BAF|Fallout4.esm
000D1BAE|Fallout4.esm
000D1BAD|Fallout4.esm
000D1BAC|Fallout4.esm
000D1BAB|Fallout4.esm
000D1BAA|Fallout4.esm
000D1953|Fallout4.esm
001552CF|Fallout4.esm
001552D0|Fallout4.esm
0015BE23|Fallout4.esm
0015BE24|Fallout4.esm
0015BE25|Fallout4.esm
0015BE26|Fallout4.esm
0015BE27|Fallout4.esm
0015BE28|Fallout4.esm
0015BE29|Fallout4.esm
0015BE2A|Fallout4.esm
0015E98B|Fallout4.esm
0015E98E|Fallout4.esm
0015E98F|Fallout4.esm
0015E990|Fallout4.esm
0015E991|Fallout4.esm
001AB66E|Fallout4.esm
001F4C05|Fallout4.esm
001F4D12|Fallout4.esm
001F4D14|Fallout4.esm
002472D3|Fallout4.esm
001F4D13|Fallout4.esm
001552E6|Fallout4.esm
001E8A5E|Fallout4.esm
000D1DC6|Fallout4.esm
000D1DC5|Fallout4.esm
000D1DC3|Fallout4.esm
000D1DBF|Fallout4.esm
000D1DBE|Fallout4.esm
000D1DBD|Fallout4.esm
000EF5CC|Fallout4.esm
0013888F|Fallout4.esm
001F6EA9|Fallout4.esm
001F6E9D|Fallout4.esm
001F6E90|Fallout4.esm
001F6E8A|Fallout4.esm
001F6E42|Fallout4.esm
00193F02|Fallout4.esm
001552F4|Fallout4.esm
001552E7|Fallout4.esm
[07/10/2019 - 02:10:03PM] Log closed
