[07/10/2019 - 01:40:22PM] 635345 log opened (PC-64)
[07/10/2019 - 01:40:22PM] 
0019751A|Fallout4.esm
0017FC57|Fallout4.esm
001381CE|Fallout4.esm
001381CD|Fallout4.esm
001381CC|Fallout4.esm
001381CB|Fallout4.esm
00159F94|Fallout4.esm
00159F95|Fallout4.esm
00159F96|Fallout4.esm
00159F9C|Fallout4.esm
00159F9D|Fallout4.esm
00159F9E|Fallout4.esm
00159F9F|Fallout4.esm
00159FA1|Fallout4.esm
00159FA5|Fallout4.esm
00159FA7|Fallout4.esm
00159FA8|Fallout4.esm
00159FA9|Fallout4.esm
00159FAA|Fallout4.esm
00159FAB|Fallout4.esm
00159FAD|Fallout4.esm
00159FAE|Fallout4.esm
00159FB0|Fallout4.esm
00159FB1|Fallout4.esm
00159FB2|Fallout4.esm
00159FB3|Fallout4.esm
00197519|Fallout4.esm
0019751D|Fallout4.esm
0019751E|Fallout4.esm
00197520|Fallout4.esm
00197521|Fallout4.esm
00197522|Fallout4.esm
001C67C2|Fallout4.esm
001C67C4|Fallout4.esm
001C67C5|Fallout4.esm
001C67C6|Fallout4.esm
0020323E|Fallout4.esm
00203243|Fallout4.esm
001C67E1|Fallout4.esm
001C67E0|Fallout4.esm
001C67DF|Fallout4.esm
001C67DE|Fallout4.esm
001C67DD|Fallout4.esm
001C67DB|Fallout4.esm
00159F97|Fallout4.esm
00159F98|Fallout4.esm
00159F99|Fallout4.esm
00159F9B|Fallout4.esm
00159FAF|Fallout4.esm
001C67C3|Fallout4.esm
001C67D0|Fallout4.esm
001C67D1|Fallout4.esm
001C67D2|Fallout4.esm
0023B25F|Fallout4.esm
00159FA0|Fallout4.esm
00159F93|Fallout4.esm
00159FA6|Fallout4.esm
00159FAC|Fallout4.esm
0019751F|Fallout4.esm
00197523|Fallout4.esm
002472D6|Fallout4.esm
001C67DC|Fallout4.esm
00159F9A|Fallout4.esm
[07/10/2019 - 01:40:22PM] Log closed
