[07/10/2019 - 01:55:01PM] 635301 log opened (PC-64)
[07/10/2019 - 01:55:01PM] 
000A1373|Fallout4.esm
0023B11F|Fallout4.esm
00180A42|Fallout4.esm
000BB1DF|Fallout4.esm
00153A56|Fallout4.esm
00153A55|Fallout4.esm
001C145E|Fallout4.esm
00219006|Fallout4.esm
0004A39A|Fallout4.esm
0002B6D3|Fallout4.esm
00108030|Fallout4.esm
00041EB9|Fallout4.esm
0010802D|Fallout4.esm
002232F6|Fallout4.esm
00193EB8|Fallout4.esm
00193EB9|Fallout4.esm
00193EBD|Fallout4.esm
00193EBF|Fallout4.esm
00193EC0|Fallout4.esm
001C1D56|Fallout4.esm
001C1D08|Fallout4.esm
001C1D12|Fallout4.esm
001C1D11|Fallout4.esm
001C1D10|Fallout4.esm
001C1D0F|Fallout4.esm
001C1D0E|Fallout4.esm
001C1D59|Fallout4.esm
001C1D58|Fallout4.esm
001C1D57|Fallout4.esm
00223301|Fallout4.esm
00223300|Fallout4.esm
002232FA|Fallout4.esm
00193EB5|Fallout4.esm
002232F9|Fallout4.esm
002232F8|Fallout4.esm
00193EB7|Fallout4.esm
002232F7|Fallout4.esm
00193EB6|Fallout4.esm
00223320|Fallout4.esm
0022330F|Fallout4.esm
00223303|Fallout4.esm
00223304|Fallout4.esm
00223302|Fallout4.esm
002232ED|Fallout4.esm
002232EC|Fallout4.esm
002232EB|Fallout4.esm
002232EA|Fallout4.esm
002232E9|Fallout4.esm
002232E8|Fallout4.esm
002232E7|Fallout4.esm
002232E6|Fallout4.esm
002232E5|Fallout4.esm
002232E4|Fallout4.esm
002232E0|Fallout4.esm
002232D2|Fallout4.esm
002232BE|Fallout4.esm
002232BD|Fallout4.esm
001C1D5E|Fallout4.esm
001C1D5D|Fallout4.esm
001C1D4C|Fallout4.esm
001C1D4B|Fallout4.esm
001C1D4A|Fallout4.esm
001C1D49|Fallout4.esm
001C1D48|Fallout4.esm
001C1D47|Fallout4.esm
001C1D46|Fallout4.esm
00106A3F|Fallout4.esm
000A1374|Fallout4.esm
001C1422|Fallout4.esm
001C1D0C|Fallout4.esm
00193EC2|Fallout4.esm
00193ED4|Fallout4.esm
00193EEF|Fallout4.esm
001C1D3C|Fallout4.esm
0005F2F3|Fallout4.esm
00193EC3|Fallout4.esm
00193ECA|Fallout4.esm
0023B117|Fallout4.esm
000A1376|Fallout4.esm
000644CF|Fallout4.esm
001C1D3A|Fallout4.esm
00193EA2|Fallout4.esm
001C4257|Fallout4.esm
001C4258|Fallout4.esm
0005F309|Fallout4.esm
0005F30A|Fallout4.esm
00193ECB|Fallout4.esm
00193ED1|Fallout4.esm
00193EEA|Fallout4.esm
00193EE9|Fallout4.esm
002472EA|Fallout4.esm
0004A382|Fallout4.esm
00049830|Fallout4.esm
001C1D3D|Fallout4.esm
001C1D54|Fallout4.esm
001C1D53|Fallout4.esm
0005F2FA|Fallout4.esm
0005F2FB|Fallout4.esm
00193EC7|Fallout4.esm
00193EC6|Fallout4.esm
00193ED5|Fallout4.esm
00193ED3|Fallout4.esm
00193ED2|Fallout4.esm
00193ED0|Fallout4.esm
00193EF3|Fallout4.esm
00193EF2|Fallout4.esm
00059263|Fallout4.esm
0004A381|Fallout4.esm
0004A1E1|Fallout4.esm
002472E5|Fallout4.esm
002472E4|Fallout4.esm
002472E3|Fallout4.esm
002472E2|Fallout4.esm
001C1D0A|Fallout4.esm
0005F2FC|Fallout4.esm
0005F300|Fallout4.esm
00193EBA|Fallout4.esm
00193EC4|Fallout4.esm
00193EC1|Fallout4.esm
0004A399|Fallout4.esm
00193EDA|Fallout4.esm
00193ED9|Fallout4.esm
00193ED8|Fallout4.esm
00193ED7|Fallout4.esm
00193ED6|Fallout4.esm
00193ECF|Fallout4.esm
000644CB|Fallout4.esm
001C1D00|Fallout4.esm
001C1D01|Fallout4.esm
001EEADF|Fallout4.esm
000A1361|Fallout4.esm
000A137B|Fallout4.esm
000A137A|Fallout4.esm
000A1379|Fallout4.esm
000A1378|Fallout4.esm
0004980A|Fallout4.esm
0016E663|Fallout4.esm
001C1D3B|Fallout4.esm
0004A1DE|Fallout4.esm
001C1423|Fallout4.esm
001C1424|Fallout4.esm
001C4253|Fallout4.esm
001C4254|Fallout4.esm
001C4256|Fallout4.esm
0022331E|Fallout4.esm
0004980C|Fallout4.esm
0016E664|Fallout4.esm
000A1383|Fallout4.esm
000A1382|Fallout4.esm
000A1380|Fallout4.esm
000A137F|Fallout4.esm
000A137E|Fallout4.esm
001C4259|Fallout4.esm
002406E1|Fallout4.esm
002472DA|Fallout4.esm
002472DC|Fallout4.esm
002472DD|Fallout4.esm
002472DF|Fallout4.esm
002472E0|Fallout4.esm
002472E1|Fallout4.esm
00193EA3|Fallout4.esm
001C1D13|Fallout4.esm
001C1D0B|Fallout4.esm
001C1D36|Fallout4.esm
001C1D35|Fallout4.esm
001C1D37|Fallout4.esm
001C1D38|Fallout4.esm
002472E8|Fallout4.esm
002472E9|Fallout4.esm
002472E7|Fallout4.esm
002472DE|Fallout4.esm
002472DB|Fallout4.esm
001C1D55|Fallout4.esm
001C1D52|Fallout4.esm
001C1D50|Fallout4.esm
001C1D4F|Fallout4.esm
001C1D43|Fallout4.esm
001C1D3E|Fallout4.esm
000A137D|Fallout4.esm
000A137C|Fallout4.esm
000A1372|Fallout4.esm
000A1371|Fallout4.esm
000A1370|Fallout4.esm
000A136F|Fallout4.esm
000A136E|Fallout4.esm
000A136D|Fallout4.esm
000A136A|Fallout4.esm
000A1368|Fallout4.esm
000A1366|Fallout4.esm
000A1365|Fallout4.esm
000A1360|Fallout4.esm
000A135E|Fallout4.esm
000A135C|Fallout4.esm
000A135A|Fallout4.esm
0004A1C6|Fallout4.esm
0004A1C7|Fallout4.esm
0004A1D0|Fallout4.esm
00106A3B|Fallout4.esm
00106A3C|Fallout4.esm
00106A3D|Fallout4.esm
00106A3E|Fallout4.esm
00106A42|Fallout4.esm
00106A43|Fallout4.esm
00106A44|Fallout4.esm
0017FC52|Fallout4.esm
000A1375|Fallout4.esm
001D87B8|Fallout4.esm
002232B8|Fallout4.esm
002232B9|Fallout4.esm
0005E8D2|Fallout4.esm
0004A1DF|Fallout4.esm
00056420|Fallout4.esm
000A1363|Fallout4.esm
000A136B|Fallout4.esm
000A1377|Fallout4.esm
000A1381|Fallout4.esm
000644CA|Fallout4.esm
001EEADE|Fallout4.esm
001EEADD|Fallout4.esm
001C1D45|Fallout4.esm
001C1D44|Fallout4.esm
001C1D0D|Fallout4.esm
00059277|Fallout4.esm
00059276|Fallout4.esm
00193EF1|Fallout4.esm
00193EF0|Fallout4.esm
00193EED|Fallout4.esm
00193EEC|Fallout4.esm
00193EEB|Fallout4.esm
00193EE8|Fallout4.esm
00193EE7|Fallout4.esm
00193EE6|Fallout4.esm
00193EE5|Fallout4.esm
00193EE4|Fallout4.esm
00193EDE|Fallout4.esm
00193EDD|Fallout4.esm
00193EDC|Fallout4.esm
00193EDB|Fallout4.esm
00193ECE|Fallout4.esm
00193ECD|Fallout4.esm
00193ECC|Fallout4.esm
00193EC9|Fallout4.esm
00193EC8|Fallout4.esm
00193EC5|Fallout4.esm
0004A1F1|Fallout4.esm
0004A1DD|Fallout4.esm
0004A1DC|Fallout4.esm
0004A1DB|Fallout4.esm
0004A1DA|Fallout4.esm
0004A1D9|Fallout4.esm
0004A1C9|Fallout4.esm
0004A1CC|Fallout4.esm
0004A1CB|Fallout4.esm
0004A1CA|Fallout4.esm
0004A1C8|Fallout4.esm
0010802A|Fallout4.esm
0010802B|Fallout4.esm
0010802C|Fallout4.esm
0005E917|Fallout4.esm
0005E918|Fallout4.esm
0005E9CB|Fallout4.esm
0005EF44|Fallout4.esm
0005F2F2|Fallout4.esm
0005F2F4|Fallout4.esm
0005F2F5|Fallout4.esm
0005F2F7|Fallout4.esm
0005F2F9|Fallout4.esm
0005F301|Fallout4.esm
0005F303|Fallout4.esm
0005F304|Fallout4.esm
0005F306|Fallout4.esm
0005F307|Fallout4.esm
0005F308|Fallout4.esm
[07/10/2019 - 01:55:01PM] Log closed
