[07/10/2019 - 01:39:09PM] 734470 log opened (PC-64)
[07/10/2019 - 01:39:09PM] 
001F967D|Fallout4.esm
001F967C|Fallout4.esm
001F967B|Fallout4.esm
001F967A|Fallout4.esm
001F966E|Fallout4.esm
001F966D|Fallout4.esm
00143237|Fallout4.esm
00143241|Fallout4.esm
00143242|Fallout4.esm
0014325A|Fallout4.esm
0014326A|Fallout4.esm
0014327F|Fallout4.esm
00143280|Fallout4.esm
001F8F02|Fallout4.esm
001F8F03|Fallout4.esm
001F96B0|Fallout4.esm
001BED46|Fallout4.esm
001BED45|Fallout4.esm
001BED1F|Fallout4.esm
001BED17|Fallout4.esm
001BED19|Fallout4.esm
001BED18|Fallout4.esm
001BED47|Fallout4.esm
001BED3F|Fallout4.esm
001BED40|Fallout4.esm
001BED41|Fallout4.esm
001BED43|Fallout4.esm
001BED44|Fallout4.esm
00202EF7|Fallout4.esm
00202EF8|Fallout4.esm
00202EFE|Fallout4.esm
0100EBBE|DLCRobot.esm
0100EBBF|DLCRobot.esm
0100EBC0|DLCRobot.esm
001BED15|Fallout4.esm
001BECF7|Fallout4.esm
001BECF6|Fallout4.esm
001BECF5|Fallout4.esm
001BECF4|Fallout4.esm
001BECF3|Fallout4.esm
00202E68|Fallout4.esm
001BED2F|Fallout4.esm
00202E67|Fallout4.esm
00202E63|Fallout4.esm
00202E66|Fallout4.esm
00202E65|Fallout4.esm
00202E64|Fallout4.esm
001BED2E|Fallout4.esm
001BED30|Fallout4.esm
00202EF1|Fallout4.esm
00202EBD|Fallout4.esm
00202EBC|Fallout4.esm
00202EB9|Fallout4.esm
00202EB8|Fallout4.esm
00202EB7|Fallout4.esm
00202EB6|Fallout4.esm
00202E77|Fallout4.esm
00202E75|Fallout4.esm
00202E73|Fallout4.esm
00202E6F|Fallout4.esm
00202E62|Fallout4.esm
00202E61|Fallout4.esm
00202E60|Fallout4.esm
00202E5D|Fallout4.esm
001BED32|Fallout4.esm
001EB924|Fallout4.esm
001EB925|Fallout4.esm
00180FC0|Fallout4.esm
00247A70|Fallout4.esm
001E8193|Fallout4.esm
001E8192|Fallout4.esm
001E8191|Fallout4.esm
0012FD82|Fallout4.esm
0012FD7F|Fallout4.esm
00184F2C|Fallout4.esm
002456C7|Fallout4.esm
001BECE9|Fallout4.esm
001BECEA|Fallout4.esm
001BECEC|Fallout4.esm
001BECED|Fallout4.esm
001BECEF|Fallout4.esm
001BECE8|Fallout4.esm
001BECFD|Fallout4.esm
001BED12|Fallout4.esm
001BED13|Fallout4.esm
001BED28|Fallout4.esm
001BED29|Fallout4.esm
001BED2A|Fallout4.esm
001BECEB|Fallout4.esm
001BED2C|Fallout4.esm
001BED2D|Fallout4.esm
001BED42|Fallout4.esm
001F42AD|Fallout4.esm
00202E5E|Fallout4.esm
00202E6C|Fallout4.esm
00202E81|Fallout4.esm
00202EBA|Fallout4.esm
00202EBB|Fallout4.esm
00202EF2|Fallout4.esm
00202EF3|Fallout4.esm
00202EF4|Fallout4.esm
00202EF5|Fallout4.esm
00202EF6|Fallout4.esm
00202EF9|Fallout4.esm
00202EFC|Fallout4.esm
00202EFD|Fallout4.esm
00202EFA|Fallout4.esm
00202EFB|Fallout4.esm
001BED27|Fallout4.esm
00202E74|Fallout4.esm
00202E5F|Fallout4.esm
001BED10|Fallout4.esm
001BED11|Fallout4.esm
001BECEE|Fallout4.esm
001BECE7|Fallout4.esm
001BECFE|Fallout4.esm
001BECFF|Fallout4.esm
001BED00|Fallout4.esm
001BED01|Fallout4.esm
001BED02|Fallout4.esm
001BED03|Fallout4.esm
001BED14|Fallout4.esm
001BED16|Fallout4.esm
001BED1B|Fallout4.esm
001BED1C|Fallout4.esm
001BED1D|Fallout4.esm
001BED1E|Fallout4.esm
001BED20|Fallout4.esm
001BED21|Fallout4.esm
001BED22|Fallout4.esm
001BED23|Fallout4.esm
001BED24|Fallout4.esm
001BED25|Fallout4.esm
001BED26|Fallout4.esm
001C182F|Fallout4.esm
001BECFB|Fallout4.esm
001BECFC|Fallout4.esm
001BED2B|Fallout4.esm
001BED31|Fallout4.esm
[07/10/2019 - 01:39:09PM] Log closed
