[07/10/2019 - 01:41:47PM] 83890159 log opened (PC-64)
[07/10/2019 - 01:41:47PM] 
050052CD|DLCWorkshop03.esm
05001185|DLCWorkshop03.esm
05001186|DLCWorkshop03.esm
05001448|DLCWorkshop03.esm
05001449|DLCWorkshop03.esm
0500144A|DLCWorkshop03.esm
050014D6|DLCWorkshop03.esm
050014D9|DLCWorkshop03.esm
050014DF|DLCWorkshop03.esm
05001549|DLCWorkshop03.esm
0500154A|DLCWorkshop03.esm
0500154B|DLCWorkshop03.esm
0500154C|DLCWorkshop03.esm
0500154D|DLCWorkshop03.esm
0500154F|DLCWorkshop03.esm
05001550|DLCWorkshop03.esm
05001551|DLCWorkshop03.esm
05001552|DLCWorkshop03.esm
05001553|DLCWorkshop03.esm
05001554|DLCWorkshop03.esm
05001555|DLCWorkshop03.esm
05001556|DLCWorkshop03.esm
05001557|DLCWorkshop03.esm
05001559|DLCWorkshop03.esm
0500155A|DLCWorkshop03.esm
0500155D|DLCWorkshop03.esm
05001562|DLCWorkshop03.esm
05001564|DLCWorkshop03.esm
05001567|DLCWorkshop03.esm
05001568|DLCWorkshop03.esm
0500156B|DLCWorkshop03.esm
0500156C|DLCWorkshop03.esm
0500156D|DLCWorkshop03.esm
0500156E|DLCWorkshop03.esm
0500156F|DLCWorkshop03.esm
05001571|DLCWorkshop03.esm
05001572|DLCWorkshop03.esm
05001575|DLCWorkshop03.esm
05001576|DLCWorkshop03.esm
0500157A|DLCWorkshop03.esm
0500157B|DLCWorkshop03.esm
0500157D|DLCWorkshop03.esm
0500157E|DLCWorkshop03.esm
05001589|DLCWorkshop03.esm
0500158A|DLCWorkshop03.esm
0500158E|DLCWorkshop03.esm
0500158F|DLCWorkshop03.esm
05001591|DLCWorkshop03.esm
05001593|DLCWorkshop03.esm
05001596|DLCWorkshop03.esm
05001599|DLCWorkshop03.esm
0500159A|DLCWorkshop03.esm
0500159B|DLCWorkshop03.esm
0500159D|DLCWorkshop03.esm
0500159E|DLCWorkshop03.esm
0500159F|DLCWorkshop03.esm
050015A0|DLCWorkshop03.esm
050015A1|DLCWorkshop03.esm
050015A2|DLCWorkshop03.esm
050015A3|DLCWorkshop03.esm
050015A4|DLCWorkshop03.esm
050015A5|DLCWorkshop03.esm
050015A7|DLCWorkshop03.esm
050015AA|DLCWorkshop03.esm
050015AB|DLCWorkshop03.esm
05001279|DLCWorkshop03.esm
05005C1D|DLCWorkshop03.esm
05005638|DLCWorkshop03.esm
0500176A|DLCWorkshop03.esm
050016D1|DLCWorkshop03.esm
050055B2|DLCWorkshop03.esm
05005556|DLCWorkshop03.esm
05001B89|DLCWorkshop03.esm
0500496E|DLCWorkshop03.esm
050041D5|DLCWorkshop03.esm
050052BD|DLCWorkshop03.esm
050019E9|DLCWorkshop03.esm
050015CA|DLCWorkshop03.esm
0500555C|DLCWorkshop03.esm
050014DC|DLCWorkshop03.esm
0500214B|DLCWorkshop03.esm
05005565|DLCWorkshop03.esm
05005563|DLCWorkshop03.esm
050015B7|DLCWorkshop03.esm
05001285|DLCWorkshop03.esm
05001288|DLCWorkshop03.esm
050015B2|DLCWorkshop03.esm
050050FF|DLCWorkshop03.esm
050019EA|DLCWorkshop03.esm
050019DB|DLCWorkshop03.esm
0500555D|DLCWorkshop03.esm
05001578|DLCWorkshop03.esm
05001839|DLCWorkshop03.esm
0500148C|DLCWorkshop03.esm
050055AC|DLCWorkshop03.esm
050055AB|DLCWorkshop03.esm
05005567|DLCWorkshop03.esm
0500127A|DLCWorkshop03.esm
05001274|DLCWorkshop03.esm
050015BA|DLCWorkshop03.esm
05000F7E|DLCWorkshop03.esm
05001262|DLCWorkshop03.esm
05001261|DLCWorkshop03.esm
0500496F|DLCWorkshop03.esm
0500558C|DLCWorkshop03.esm
05002161|DLCWorkshop03.esm
0500127F|DLCWorkshop03.esm
05005682|DLCWorkshop03.esm
05005C1B|DLCWorkshop03.esm
05004EF1|DLCWorkshop03.esm
05004EF0|DLCWorkshop03.esm
050019BD|DLCWorkshop03.esm
050055D8|DLCWorkshop03.esm
05005C5C|DLCWorkshop03.esm
05005C72|DLCWorkshop03.esm
0500126A|DLCWorkshop03.esm
05001D3A|DLCWorkshop03.esm
050041CB|DLCWorkshop03.esm
05005524|DLCWorkshop03.esm
05001298|DLCWorkshop03.esm
050015AC|DLCWorkshop03.esm
0500128B|DLCWorkshop03.esm
05005744|DLCWorkshop03.esm
05001282|DLCWorkshop03.esm
05000F76|DLCWorkshop03.esm
05005585|DLCWorkshop03.esm
050019D3|DLCWorkshop03.esm
0500553E|DLCWorkshop03.esm
05000FBE|DLCWorkshop03.esm
050019CA|DLCWorkshop03.esm
0500554A|DLCWorkshop03.esm
0500558E|DLCWorkshop03.esm
05001580|DLCWorkshop03.esm
05001280|DLCWorkshop03.esm
0500562D|DLCWorkshop03.esm
05001485|DLCWorkshop03.esm
05005598|DLCWorkshop03.esm
05005566|DLCWorkshop03.esm
0500147F|DLCWorkshop03.esm
050055EB|DLCWorkshop03.esm
050055DE|DLCWorkshop03.esm
050015BE|DLCWorkshop03.esm
05000FAE|DLCWorkshop03.esm
05005740|DLCWorkshop03.esm
05001040|DLCWorkshop03.esm
05001045|DLCWorkshop03.esm
05000FAC|DLCWorkshop03.esm
05005748|DLCWorkshop03.esm
05005749|DLCWorkshop03.esm
050015CD|DLCWorkshop03.esm
050019EB|DLCWorkshop03.esm
0500176B|DLCWorkshop03.esm
05005596|DLCWorkshop03.esm
05004EED|DLCWorkshop03.esm
05004EEC|DLCWorkshop03.esm
05002247|DLCWorkshop03.esm
05005899|DLCWorkshop03.esm
0500173F|DLCWorkshop03.esm
050015BB|DLCWorkshop03.esm
05001050|DLCWorkshop03.esm
05000FBA|DLCWorkshop03.esm
0500183D|DLCWorkshop03.esm
05001BB1|DLCWorkshop03.esm
050015C6|DLCWorkshop03.esm
050055B0|DLCWorkshop03.esm
0500557E|DLCWorkshop03.esm
050015B0|DLCWorkshop03.esm
05005751|DLCWorkshop03.esm
05005587|DLCWorkshop03.esm
050015CE|DLCWorkshop03.esm
05001028|DLCWorkshop03.esm
05005659|DLCWorkshop03.esm
05005BC7|DLCWorkshop03.esm
05001750|DLCWorkshop03.esm
0500496D|DLCWorkshop03.esm
05005586|DLCWorkshop03.esm
05005C90|DLCWorkshop03.esm
050010BA|DLCWorkshop03.esm
050019C1|DLCWorkshop03.esm
05005895|DLCWorkshop03.esm
05005558|DLCWorkshop03.esm
05005C1C|DLCWorkshop03.esm
05005584|DLCWorkshop03.esm
050015DC|DLCWorkshop03.esm
05004EEB|DLCWorkshop03.esm
0500140F|DLCWorkshop03.esm
0500214D|DLCWorkshop03.esm
05005561|DLCWorkshop03.esm
050015BC|DLCWorkshop03.esm
050019DF|DLCWorkshop03.esm
05005568|DLCWorkshop03.esm
05005636|DLCWorkshop03.esm
050019CF|DLCWorkshop03.esm
050055AE|DLCWorkshop03.esm
0500562F|DLCWorkshop03.esm
0500127C|DLCWorkshop03.esm
050055AF|DLCWorkshop03.esm
05005633|DLCWorkshop03.esm
05001BAD|DLCWorkshop03.esm
05003A65|DLCWorkshop03.esm
0500159C|DLCWorkshop03.esm
0500583F|DLCWorkshop03.esm
05001566|DLCWorkshop03.esm
050019E6|DLCWorkshop03.esm
0500551F|DLCWorkshop03.esm
05001281|DLCWorkshop03.esm
0500556A|DLCWorkshop03.esm
05001735|DLCWorkshop03.esm
0500559B|DLCWorkshop03.esm
050014DA|DLCWorkshop03.esm
05003BD0|DLCWorkshop03.esm
050052BC|DLCWorkshop03.esm
050055A0|DLCWorkshop03.esm
05004EF3|DLCWorkshop03.esm
0500557B|DLCWorkshop03.esm
05000F9A|DLCWorkshop03.esm
050015B6|DLCWorkshop03.esm
05001296|DLCWorkshop03.esm
05001A25|DLCWorkshop03.esm
050052C0|DLCWorkshop03.esm
05002158|DLCWorkshop03.esm
05001263|DLCWorkshop03.esm
05005C95|DLCWorkshop03.esm
050055DB|DLCWorkshop03.esm
050019E4|DLCWorkshop03.esm
05001570|DLCWorkshop03.esm
05001051|DLCWorkshop03.esm
05005581|DLCWorkshop03.esm
05002244|DLCWorkshop03.esm
05001486|DLCWorkshop03.esm
05004EE9|DLCWorkshop03.esm
05000FC5|DLCWorkshop03.esm
05000FC6|DLCWorkshop03.esm
05005C20|DLCWorkshop03.esm
050052BB|DLCWorkshop03.esm
0500556F|DLCWorkshop03.esm
05005570|DLCWorkshop03.esm
0500559F|DLCWorkshop03.esm
0500559E|DLCWorkshop03.esm
05003E88|DLCWorkshop03.esm
05000FCB|DLCWorkshop03.esm
05000FB4|DLCWorkshop03.esm
05001736|DLCWorkshop03.esm
050015BD|DLCWorkshop03.esm
05005741|DLCWorkshop03.esm
05005C92|DLCWorkshop03.esm
0500148E|DLCWorkshop03.esm
050055A5|DLCWorkshop03.esm
0500574E|DLCWorkshop03.esm
05001A46|DLCWorkshop03.esm
05005BD2|DLCWorkshop03.esm
050055B5|DLCWorkshop03.esm
05001748|DLCWorkshop03.esm
05001565|DLCWorkshop03.esm
050055B1|DLCWorkshop03.esm
0500128D|DLCWorkshop03.esm
05001027|DLCWorkshop03.esm
050015B9|DLCWorkshop03.esm
05001573|DLCWorkshop03.esm
050055D9|DLCWorkshop03.esm
05000F88|DLCWorkshop03.esm
05005569|DLCWorkshop03.esm
05002149|DLCWorkshop03.esm
05004404|DLCWorkshop03.esm
0500555A|DLCWorkshop03.esm
0500146B|DLCWorkshop03.esm
05005C93|DLCWorkshop03.esm
050011C0|DLCWorkshop03.esm
05000F91|DLCWorkshop03.esm
0500557C|DLCWorkshop03.esm
05001268|DLCWorkshop03.esm
0500559A|DLCWorkshop03.esm
050016CC|DLCWorkshop03.esm
050014E1|DLCWorkshop03.esm
05000FC7|DLCWorkshop03.esm
050015B3|DLCWorkshop03.esm
05001835|DLCWorkshop03.esm
0500103A|DLCWorkshop03.esm
050058E0|DLCWorkshop03.esm
0500556E|DLCWorkshop03.esm
05005797|DLCWorkshop03.esm
05001BA6|DLCWorkshop03.esm
050019C5|DLCWorkshop03.esm
05001094|DLCWorkshop03.esm
0500155F|DLCWorkshop03.esm
050052C1|DLCWorkshop03.esm
050052D1|DLCWorkshop03.esm
05005591|DLCWorkshop03.esm
050055EC|DLCWorkshop03.esm
05002246|DLCWorkshop03.esm
050019DD|DLCWorkshop03.esm
050016CF|DLCWorkshop03.esm
050052BE|DLCWorkshop03.esm
05005634|DLCWorkshop03.esm
0500562B|DLCWorkshop03.esm
0500157F|DLCWorkshop03.esm
05005C96|DLCWorkshop03.esm
05005C1F|DLCWorkshop03.esm
050042FF|DLCWorkshop03.esm
050055DD|DLCWorkshop03.esm
050055DA|DLCWorkshop03.esm
0500569A|DLCWorkshop03.esm
050052F4|DLCWorkshop03.esm
0500589A|DLCWorkshop03.esm
05005BCB|DLCWorkshop03.esm
05000FCD|DLCWorkshop03.esm
05005597|DLCWorkshop03.esm
05005599|DLCWorkshop03.esm
05005595|DLCWorkshop03.esm
05004827|DLCWorkshop03.esm
050022A4|DLCWorkshop03.esm
05002390|DLCWorkshop03.esm
05002159|DLCWorkshop03.esm
0500215A|DLCWorkshop03.esm
05002160|DLCWorkshop03.esm
0500175F|DLCWorkshop03.esm
050052C6|DLCWorkshop03.esm
050016D4|DLCWorkshop03.esm
05001A45|DLCWorkshop03.esm
05000FB7|DLCWorkshop03.esm
05000F7B|DLCWorkshop03.esm
0500155C|DLCWorkshop03.esm
05005635|DLCWorkshop03.esm
05005637|DLCWorkshop03.esm
050010E7|DLCWorkshop03.esm
05000F7D|DLCWorkshop03.esm
05005557|DLCWorkshop03.esm
050055AA|DLCWorkshop03.esm
050055A7|DLCWorkshop03.esm
05005747|DLCWorkshop03.esm
05005798|DLCWorkshop03.esm
050019C8|DLCWorkshop03.esm
05001819|DLCWorkshop03.esm
05001834|DLCWorkshop03.esm
05001837|DLCWorkshop03.esm
0500148D|DLCWorkshop03.esm
0500148F|DLCWorkshop03.esm
05001490|DLCWorkshop03.esm
050016CB|DLCWorkshop03.esm
050016D2|DLCWorkshop03.esm
050016D3|DLCWorkshop03.esm
050016D5|DLCWorkshop03.esm
05001733|DLCWorkshop03.esm
05001755|DLCWorkshop03.esm
05001756|DLCWorkshop03.esm
05001759|DLCWorkshop03.esm
050013FF|DLCWorkshop03.esm
0500125D|DLCWorkshop03.esm
0500127B|DLCWorkshop03.esm
05005BCE|DLCWorkshop03.esm
05001269|DLCWorkshop03.esm
0500126D|DLCWorkshop03.esm
05005572|DLCWorkshop03.esm
05005571|DLCWorkshop03.esm
0500556D|DLCWorkshop03.esm
0500556C|DLCWorkshop03.esm
0500556B|DLCWorkshop03.esm
05005560|DLCWorkshop03.esm
0500555F|DLCWorkshop03.esm
0500555E|DLCWorkshop03.esm
05005559|DLCWorkshop03.esm
05005551|DLCWorkshop03.esm
05005541|DLCWorkshop03.esm
0500553F|DLCWorkshop03.esm
05005539|DLCWorkshop03.esm
0500552B|DLCWorkshop03.esm
05005523|DLCWorkshop03.esm
0500551B|DLCWorkshop03.esm
05005517|DLCWorkshop03.esm
05005513|DLCWorkshop03.esm
050052D5|DLCWorkshop03.esm
050052D4|DLCWorkshop03.esm
050052D3|DLCWorkshop03.esm
050052D2|DLCWorkshop03.esm
050052D0|DLCWorkshop03.esm
050052CF|DLCWorkshop03.esm
050052C4|DLCWorkshop03.esm
050052BA|DLCWorkshop03.esm
050050F7|DLCWorkshop03.esm
05005067|DLCWorkshop03.esm
05004F64|DLCWorkshop03.esm
05004300|DLCWorkshop03.esm
050041DD|DLCWorkshop03.esm
05003E86|DLCWorkshop03.esm
05003E50|DLCWorkshop03.esm
05003E4F|DLCWorkshop03.esm
0500589B|DLCWorkshop03.esm
050058AC|DLCWorkshop03.esm
050058E1|DLCWorkshop03.esm
05005C1E|DLCWorkshop03.esm
05005C73|DLCWorkshop03.esm
05005C8D|DLCWorkshop03.esm
05005C8E|DLCWorkshop03.esm
05005C8F|DLCWorkshop03.esm
05005C91|DLCWorkshop03.esm
05005C94|DLCWorkshop03.esm
05000F74|DLCWorkshop03.esm
05000FC3|DLCWorkshop03.esm
05000FC4|DLCWorkshop03.esm
0500103D|DLCWorkshop03.esm
05001046|DLCWorkshop03.esm
05001052|DLCWorkshop03.esm
05001093|DLCWorkshop03.esm
05001252|DLCWorkshop03.esm
050050F5|DLCWorkshop03.esm
05005108|DLCWorkshop03.esm
05005564|DLCWorkshop03.esm
05005753|DLCWorkshop03.esm
05005752|DLCWorkshop03.esm
0500574C|DLCWorkshop03.esm
0500574A|DLCWorkshop03.esm
05005745|DLCWorkshop03.esm
05005743|DLCWorkshop03.esm
05005742|DLCWorkshop03.esm
0500573F|DLCWorkshop03.esm
0500573E|DLCWorkshop03.esm
0500573D|DLCWorkshop03.esm
0500569B|DLCWorkshop03.esm
05005685|DLCWorkshop03.esm
05005683|DLCWorkshop03.esm
0500567B|DLCWorkshop03.esm
0500567A|DLCWorkshop03.esm
050055EE|DLCWorkshop03.esm
050055ED|DLCWorkshop03.esm
050055D7|DLCWorkshop03.esm
050055B4|DLCWorkshop03.esm
050055B3|DLCWorkshop03.esm
050055AD|DLCWorkshop03.esm
050055A6|DLCWorkshop03.esm
050055A4|DLCWorkshop03.esm
050055A3|DLCWorkshop03.esm
050055A2|DLCWorkshop03.esm
050055A1|DLCWorkshop03.esm
0500559D|DLCWorkshop03.esm
0500559C|DLCWorkshop03.esm
05005594|DLCWorkshop03.esm
05005593|DLCWorkshop03.esm
05005590|DLCWorkshop03.esm
0500558F|DLCWorkshop03.esm
0500558D|DLCWorkshop03.esm
05005589|DLCWorkshop03.esm
05005588|DLCWorkshop03.esm
05005582|DLCWorkshop03.esm
0500557D|DLCWorkshop03.esm
0500557A|DLCWorkshop03.esm
05005579|DLCWorkshop03.esm
05005573|DLCWorkshop03.esm
050052C3|DLCWorkshop03.esm
05005549|DLCWorkshop03.esm
050055B7|DLCWorkshop03.esm
05000FCC|DLCWorkshop03.esm
050052C2|DLCWorkshop03.esm
050052FE|DLCWorkshop03.esm
050014DE|DLCWorkshop03.esm
05001558|DLCWorkshop03.esm
05001563|DLCWorkshop03.esm
0500156A|DLCWorkshop03.esm
05001581|DLCWorkshop03.esm
05001582|DLCWorkshop03.esm
05001590|DLCWorkshop03.esm
05001592|DLCWorkshop03.esm
05005316|DLCWorkshop03.esm
05005746|DLCWorkshop03.esm
0500562E|DLCWorkshop03.esm
05005630|DLCWorkshop03.esm
050015C2|DLCWorkshop03.esm
050014DB|DLCWorkshop03.esm
05001579|DLCWorkshop03.esm
0500157C|DLCWorkshop03.esm
05001594|DLCWorkshop03.esm
05001595|DLCWorkshop03.esm
05001598|DLCWorkshop03.esm
050015A8|DLCWorkshop03.esm
050015C8|DLCWorkshop03.esm
05005657|DLCWorkshop03.esm
050052EF|DLCWorkshop03.esm
050052F2|DLCWorkshop03.esm
05005BD3|DLCWorkshop03.esm
05005BCC|DLCWorkshop03.esm
05005BCD|DLCWorkshop03.esm
05005304|DLCWorkshop03.esm
05000F79|DLCWorkshop03.esm
05000F8C|DLCWorkshop03.esm
05000FBF|DLCWorkshop03.esm
05001044|DLCWorkshop03.esm
050010E8|DLCWorkshop03.esm
05005898|DLCWorkshop03.esm
05004EF2|DLCWorkshop03.esm
05004EEF|DLCWorkshop03.esm
05004EEE|DLCWorkshop03.esm
05004EEA|DLCWorkshop03.esm
05004EE8|DLCWorkshop03.esm
05001499|DLCWorkshop03.esm
0500131B|DLCWorkshop03.esm
05001758|DLCWorkshop03.esm
05005684|DLCWorkshop03.esm
050010E6|DLCWorkshop03.esm
050010C8|DLCWorkshop03.esm
0500553B|DLCWorkshop03.esm
05001B73|DLCWorkshop03.esm
05001A1D|DLCWorkshop03.esm
05001836|DLCWorkshop03.esm
0500181A|DLCWorkshop03.esm
05001792|DLCWorkshop03.esm
05001769|DLCWorkshop03.esm
05001757|DLCWorkshop03.esm
05001749|DLCWorkshop03.esm
05001747|DLCWorkshop03.esm
05001746|DLCWorkshop03.esm
050019CC|DLCWorkshop03.esm
05001734|DLCWorkshop03.esm
050016D6|DLCWorkshop03.esm
050016D0|DLCWorkshop03.esm
050016CD|DLCWorkshop03.esm
050016CA|DLCWorkshop03.esm
0500167C|DLCWorkshop03.esm
050014D8|DLCWorkshop03.esm
050014D7|DLCWorkshop03.esm
05001273|DLCWorkshop03.esm
0500126F|DLCWorkshop03.esm
05001265|DLCWorkshop03.esm
05001264|DLCWorkshop03.esm
050052F8|DLCWorkshop03.esm
050010C7|DLCWorkshop03.esm
05001409|DLCWorkshop03.esm
05005318|DLCWorkshop03.esm
05001092|DLCWorkshop03.esm
05000FA9|DLCWorkshop03.esm
05000FB9|DLCWorkshop03.esm
0500128C|DLCWorkshop03.esm
0500131D|DLCWorkshop03.esm
05005BD1|DLCWorkshop03.esm
0500148B|DLCWorkshop03.esm
05001767|DLCWorkshop03.esm
05001774|DLCWorkshop03.esm
05001818|DLCWorkshop03.esm
05001838|DLCWorkshop03.esm
0500183E|DLCWorkshop03.esm
050019BF|DLCWorkshop03.esm
050019C0|DLCWorkshop03.esm
050019C3|DLCWorkshop03.esm
050019C7|DLCWorkshop03.esm
050019C9|DLCWorkshop03.esm
050019CB|DLCWorkshop03.esm
050019CD|DLCWorkshop03.esm
050019CE|DLCWorkshop03.esm
050019D0|DLCWorkshop03.esm
050019D1|DLCWorkshop03.esm
050019D2|DLCWorkshop03.esm
050019D4|DLCWorkshop03.esm
050019DC|DLCWorkshop03.esm
050019DE|DLCWorkshop03.esm
050019E3|DLCWorkshop03.esm
050019E7|DLCWorkshop03.esm
050019E8|DLCWorkshop03.esm
05001A19|DLCWorkshop03.esm
05001A1A|DLCWorkshop03.esm
05001A1F|DLCWorkshop03.esm
05001A20|DLCWorkshop03.esm
05001BA7|DLCWorkshop03.esm
05001BA8|DLCWorkshop03.esm
05001BAF|DLCWorkshop03.esm
05001BB0|DLCWorkshop03.esm
05001BB2|DLCWorkshop03.esm
05001BCE|DLCWorkshop03.esm
05001D39|DLCWorkshop03.esm
0500214A|DLCWorkshop03.esm
0500214C|DLCWorkshop03.esm
0500214E|DLCWorkshop03.esm
05002162|DLCWorkshop03.esm
05002223|DLCWorkshop03.esm
05002224|DLCWorkshop03.esm
05002225|DLCWorkshop03.esm
05002242|DLCWorkshop03.esm
05002243|DLCWorkshop03.esm
05002245|DLCWorkshop03.esm
050022A2|DLCWorkshop03.esm
050041E8|DLCWorkshop03.esm
05003FF3|DLCWorkshop03.esm
050052CC|DLCWorkshop03.esm
050015AE|DLCWorkshop03.esm
050015AF|DLCWorkshop03.esm
050015B1|DLCWorkshop03.esm
050015B4|DLCWorkshop03.esm
050015B5|DLCWorkshop03.esm
050015B8|DLCWorkshop03.esm
050015C1|DLCWorkshop03.esm
050015C3|DLCWorkshop03.esm
050015C7|DLCWorkshop03.esm
050015C9|DLCWorkshop03.esm
05005897|DLCWorkshop03.esm
0500588E|DLCWorkshop03.esm
[07/10/2019 - 01:41:47PM] Log closed
