[07/10/2019 - 02:06:36PM] 918789 log opened (PC-64)
[07/10/2019 - 02:06:36PM] 
000714E2|Fallout4.esm
00072B40|Fallout4.esm
000E5880|Fallout4.esm
000E691A|Fallout4.esm
000E0559|Fallout4.esm
000E0514|Fallout4.esm
000E0516|Fallout4.esm
000E053F|Fallout4.esm
000E0540|Fallout4.esm
000E6917|Fallout4.esm
000F2469|Fallout4.esm
001902FF|Fallout4.esm
0018B88B|Fallout4.esm
000728B5|Fallout4.esm
00075CBE|Fallout4.esm
000E0520|Fallout4.esm
001BCEC6|Fallout4.esm
000E055C|Fallout4.esm
000E4DBD|Fallout4.esm
001BFDBC|Fallout4.esm
000E4DC4|Fallout4.esm
00072B39|Fallout4.esm
000E587D|Fallout4.esm
00190301|Fallout4.esm
000E0508|Fallout4.esm
001BE888|Fallout4.esm
00072B4A|Fallout4.esm
00072B49|Fallout4.esm
000E4454|Fallout4.esm
000E4452|Fallout4.esm
000E6923|Fallout4.esm
000E6929|Fallout4.esm
000E692C|Fallout4.esm
000E053C|Fallout4.esm
000E4DC7|Fallout4.esm
000E4DC8|Fallout4.esm
000E4DCB|Fallout4.esm
001BFDD2|Fallout4.esm
001BFDD1|Fallout4.esm
001BFDC8|Fallout4.esm
001BFDC5|Fallout4.esm
001BFDC0|Fallout4.esm
001BFDBF|Fallout4.esm
001BFDBE|Fallout4.esm
001BFDBD|Fallout4.esm
001BFD88|Fallout4.esm
001BFD87|Fallout4.esm
001BFD86|Fallout4.esm
001BFD85|Fallout4.esm
001BFD83|Fallout4.esm
001BFD7D|Fallout4.esm
001BFD7C|Fallout4.esm
001BFD73|Fallout4.esm
001BFD72|Fallout4.esm
001BFCF8|Fallout4.esm
001BFCF7|Fallout4.esm
001BFCF3|Fallout4.esm
001BFCF2|Fallout4.esm
001BFCF1|Fallout4.esm
001BFCEA|Fallout4.esm
001BFCE9|Fallout4.esm
001BFCE8|Fallout4.esm
001BFCE7|Fallout4.esm
001BFCE6|Fallout4.esm
001BFCE2|Fallout4.esm
001BFCE1|Fallout4.esm
000E691B|Fallout4.esm
000ED4BE|Fallout4.esm
000A91D9|Fallout4.esm
000EB6E1|Fallout4.esm
001BE876|Fallout4.esm
000EB6D5|Fallout4.esm
001BE887|Fallout4.esm
00071502|Fallout4.esm
000714FF|Fallout4.esm
000E6932|Fallout4.esm
00190323|Fallout4.esm
000728AD|Fallout4.esm
000E054E|Fallout4.esm
00072B47|Fallout4.esm
000EB6D3|Fallout4.esm
000728CD|Fallout4.esm
000A91D5|Fallout4.esm
000E0522|Fallout4.esm
00072BE2|Fallout4.esm
000A91D3|Fallout4.esm
00075D41|Fallout4.esm
001BFD7E|Fallout4.esm
000E0535|Fallout4.esm
000E4DBF|Fallout4.esm
00075D48|Fallout4.esm
000E6927|Fallout4.esm
000E04D2|Fallout4.esm
00071531|Fallout4.esm
00071530|Fallout4.esm
0019031A|Fallout4.esm
000728B1|Fallout4.esm
000E0524|Fallout4.esm
00072BB4|Fallout4.esm
000E0534|Fallout4.esm
000E4DC2|Fallout4.esm
000E0531|Fallout4.esm
00075D2B|Fallout4.esm
000E0548|Fallout4.esm
00072B45|Fallout4.esm
000728CC|Fallout4.esm
000E04ED|Fallout4.esm
00072B4B|Fallout4.esm
0019031B|Fallout4.esm
000E7090|Fallout4.esm
00071535|Fallout4.esm
000E04CF|Fallout4.esm
000E052A|Fallout4.esm
000728CB|Fallout4.esm
000E0549|Fallout4.esm
000728CF|Fallout4.esm
000E04D3|Fallout4.esm
00075D4A|Fallout4.esm
00075D49|Fallout4.esm
00072BDE|Fallout4.esm
00075D4B|Fallout4.esm
000E04F0|Fallout4.esm
000728D0|Fallout4.esm
0019030C|Fallout4.esm
0019030D|Fallout4.esm
000ED4CB|Fallout4.esm
000E6926|Fallout4.esm
000A91D6|Fallout4.esm
000E4DBC|Fallout4.esm
00075D44|Fallout4.esm
000E4DD1|Fallout4.esm
001BE40B|Fallout4.esm
001BCEC7|Fallout4.esm
000E0533|Fallout4.esm
00075CAD|Fallout4.esm
00075CAC|Fallout4.esm
000E053E|Fallout4.esm
00075D16|Fallout4.esm
000E0543|Fallout4.esm
000E054C|Fallout4.esm
00072BCE|Fallout4.esm
000E04F4|Fallout4.esm
000714F2|Fallout4.esm
001BE87A|Fallout4.esm
000714EF|Fallout4.esm
00071543|Fallout4.esm
0023D7DD|Fallout4.esm
001BFCDF|Fallout4.esm
000A91CA|Fallout4.esm
000E04F7|Fallout4.esm
000E053A|Fallout4.esm
00071536|Fallout4.esm
00075D35|Fallout4.esm
001BE882|Fallout4.esm
00190318|Fallout4.esm
000E051D|Fallout4.esm
000EB6D8|Fallout4.esm
00075D3E|Fallout4.esm
000E0536|Fallout4.esm
000EB6DC|Fallout4.esm
00072B4C|Fallout4.esm
00071537|Fallout4.esm
000E0556|Fallout4.esm
000714FA|Fallout4.esm
00019ABF|Fallout4.esm
000E04F2|Fallout4.esm
002228BC|Fallout4.esm
001BFD7F|Fallout4.esm
000728C3|Fallout4.esm
00072BD0|Fallout4.esm
001BFDCF|Fallout4.esm
00072BD1|Fallout4.esm
000E692D|Fallout4.esm
001BE88E|Fallout4.esm
001BE871|Fallout4.esm
00071532|Fallout4.esm
0019030A|Fallout4.esm
000EB6E9|Fallout4.esm
001BFDD0|Fallout4.esm
000E0557|Fallout4.esm
00072B8B|Fallout4.esm
000E0544|Fallout4.esm
00072BE3|Fallout4.esm
0019031C|Fallout4.esm
000EB6E0|Fallout4.esm
00075D47|Fallout4.esm
001BE87D|Fallout4.esm
000E691F|Fallout4.esm
000714F1|Fallout4.esm
0023D7DE|Fallout4.esm
000E0555|Fallout4.esm
000728D1|Fallout4.esm
00072BE7|Fallout4.esm
00071509|Fallout4.esm
00190324|Fallout4.esm
00190317|Fallout4.esm
00190319|Fallout4.esm
000E054B|Fallout4.esm
000E054A|Fallout4.esm
000E4DCF|Fallout4.esm
000E4DCE|Fallout4.esm
000E4DCC|Fallout4.esm
000E4DCA|Fallout4.esm
000E4DC5|Fallout4.esm
000E4DC3|Fallout4.esm
000E4DC1|Fallout4.esm
000E4457|Fallout4.esm
000E0560|Fallout4.esm
000E0561|Fallout4.esm
000E055D|Fallout4.esm
000E0558|Fallout4.esm
000E0554|Fallout4.esm
000E0553|Fallout4.esm
000E0552|Fallout4.esm
000E0551|Fallout4.esm
000E0550|Fallout4.esm
000E054F|Fallout4.esm
000E054D|Fallout4.esm
000E0547|Fallout4.esm
000E0546|Fallout4.esm
000E0545|Fallout4.esm
000E053B|Fallout4.esm
000E0539|Fallout4.esm
000E0538|Fallout4.esm
000E0537|Fallout4.esm
000E0530|Fallout4.esm
000E052F|Fallout4.esm
000E052E|Fallout4.esm
000E0529|Fallout4.esm
000E0515|Fallout4.esm
000E050A|Fallout4.esm
000E0509|Fallout4.esm
000E0507|Fallout4.esm
000E04F6|Fallout4.esm
000E04F5|Fallout4.esm
000E04F3|Fallout4.esm
000E04F1|Fallout4.esm
000E04E2|Fallout4.esm
000E04CD|Fallout4.esm
000E04EE|Fallout4.esm
000E04D1|Fallout4.esm
000E04D0|Fallout4.esm
000E04CE|Fallout4.esm
0008914B|Fallout4.esm
00089149|Fallout4.esm
000E7091|Fallout4.esm
00089148|Fallout4.esm
000E051E|Fallout4.esm
00190306|Fallout4.esm
00190307|Fallout4.esm
00190308|Fallout4.esm
00190309|Fallout4.esm
0019030B|Fallout4.esm
0019030E|Fallout4.esm
0019030F|Fallout4.esm
00190310|Fallout4.esm
00190311|Fallout4.esm
00190312|Fallout4.esm
00190313|Fallout4.esm
00190314|Fallout4.esm
00190315|Fallout4.esm
00190316|Fallout4.esm
0019031D|Fallout4.esm
00190320|Fallout4.esm
00190321|Fallout4.esm
000E692E|Fallout4.esm
000E6928|Fallout4.esm
000E6925|Fallout4.esm
000E6924|Fallout4.esm
000E6922|Fallout4.esm
000E6919|Fallout4.esm
000E6916|Fallout4.esm
000E4DD6|Fallout4.esm
000E4DD3|Fallout4.esm
00190322|Fallout4.esm
00190325|Fallout4.esm
00190326|Fallout4.esm
00190327|Fallout4.esm
00190328|Fallout4.esm
00190329|Fallout4.esm
0019032A|Fallout4.esm
0019032B|Fallout4.esm
0019032C|Fallout4.esm
0019032D|Fallout4.esm
000A91D8|Fallout4.esm
000A91DA|Fallout4.esm
000A91DB|Fallout4.esm
000A91DC|Fallout4.esm
000A91DF|Fallout4.esm
000A91E1|Fallout4.esm
000A91E2|Fallout4.esm
001BE873|Fallout4.esm
001BE877|Fallout4.esm
001BE879|Fallout4.esm
001BE87B|Fallout4.esm
001BE87C|Fallout4.esm
001BE87E|Fallout4.esm
001BE884|Fallout4.esm
001BE885|Fallout4.esm
001BE886|Fallout4.esm
001BE88D|Fallout4.esm
001BE88F|Fallout4.esm
001BFD82|Fallout4.esm
001BFD74|Fallout4.esm
000A91CB|Fallout4.esm
000A91CC|Fallout4.esm
000A91CE|Fallout4.esm
000A91CF|Fallout4.esm
000A91D2|Fallout4.esm
000A91D4|Fallout4.esm
000A91D7|Fallout4.esm
000A91DD|Fallout4.esm
000A91DE|Fallout4.esm
000A91E0|Fallout4.esm
001BFCDE|Fallout4.esm
001BCEC5|Fallout4.esm
000786FE|Fallout4.esm
00075D46|Fallout4.esm
00075D45|Fallout4.esm
00075D43|Fallout4.esm
00075D42|Fallout4.esm
00075D40|Fallout4.esm
00075D3D|Fallout4.esm
00075D39|Fallout4.esm
00075D38|Fallout4.esm
00075D36|Fallout4.esm
00075D34|Fallout4.esm
00075D33|Fallout4.esm
00075D32|Fallout4.esm
00075D30|Fallout4.esm
00075D22|Fallout4.esm
00075D1C|Fallout4.esm
00075D18|Fallout4.esm
00075D17|Fallout4.esm
00075CFB|Fallout4.esm
00075CFA|Fallout4.esm
00075CF9|Fallout4.esm
00075CEB|Fallout4.esm
00075CAF|Fallout4.esm
00075CAE|Fallout4.esm
00072BE1|Fallout4.esm
00072BCD|Fallout4.esm
00072B88|Fallout4.esm
00072B6E|Fallout4.esm
00072B56|Fallout4.esm
00072B42|Fallout4.esm
000728CA|Fallout4.esm
000728C6|Fallout4.esm
000728C4|Fallout4.esm
000728C7|Fallout4.esm
000728CE|Fallout4.esm
000728D4|Fallout4.esm
000728C8|Fallout4.esm
000728D5|Fallout4.esm
000728D3|Fallout4.esm
00072B55|Fallout4.esm
00072B44|Fallout4.esm
00072B43|Fallout4.esm
000728D2|Fallout4.esm
000728C5|Fallout4.esm
000728AE|Fallout4.esm
000728AF|Fallout4.esm
000728B0|Fallout4.esm
0007153F|Fallout4.esm
0007153E|Fallout4.esm
0007153D|Fallout4.esm
0007153C|Fallout4.esm
0007153A|Fallout4.esm
00071539|Fallout4.esm
00071538|Fallout4.esm
0007152F|Fallout4.esm
00071526|Fallout4.esm
00071525|Fallout4.esm
0007150F|Fallout4.esm
000714F7|Fallout4.esm
000714F8|Fallout4.esm
000714F3|Fallout4.esm
000714F9|Fallout4.esm
000714F4|Fallout4.esm
000714F5|Fallout4.esm
000714EE|Fallout4.esm
000714ED|Fallout4.esm
000714F0|Fallout4.esm
000714FC|Fallout4.esm
0007150A|Fallout4.esm
0007150B|Fallout4.esm
00071507|Fallout4.esm
00071506|Fallout4.esm
00071505|Fallout4.esm
00071503|Fallout4.esm
00071504|Fallout4.esm
000714FE|Fallout4.esm
00071500|Fallout4.esm
00071508|Fallout4.esm
000714FB|Fallout4.esm
000F0C78|Fallout4.esm
000F0C77|Fallout4.esm
000EB6E2|Fallout4.esm
000EB6DE|Fallout4.esm
000EB6DD|Fallout4.esm
000EB6DB|Fallout4.esm
000EB6DA|Fallout4.esm
000EB6D9|Fallout4.esm
000EB6D7|Fallout4.esm
000EB6D6|Fallout4.esm
000EB6D4|Fallout4.esm
000E92A9|Fallout4.esm
000E92A7|Fallout4.esm
000E92A5|Fallout4.esm
000E929E|Fallout4.esm
000E6937|Fallout4.esm
000E6936|Fallout4.esm
000E6935|Fallout4.esm
000E6934|Fallout4.esm
000E6933|Fallout4.esm
[07/10/2019 - 02:06:36PM] Log closed
